<?xml version="1.0" encoding="UTF-8"?>
<coverage generated="1786068301164" clover="3.2.0">
  <project timestamp="1786068301164" name="All files">
    <metrics statements="1400" coveredstatements="968" conditionals="1149" coveredconditionals="778" methods="432" coveredmethods="316" elements="2981" coveredelements="2062" complexity="0" loc="1400" ncloc="1400" packages="14" files="38" classes="38"/>
    <package name="components">
      <metrics statements="9" coveredstatements="3" conditionals="6" coveredconditionals="1" methods="4" coveredmethods="2"/>
      <file name="ErrorBoundary.tsx" path="C:\Users\theod\Downloads\React Strike\react-strike\src\components\ErrorBoundary.tsx">
        <metrics statements="9" coveredstatements="3" conditionals="6" coveredconditionals="1" methods="4" coveredmethods="2"/>
        <line num="16" count="16" type="stmt"/>
        <line num="21" count="0" type="stmt"/>
        <line num="25" count="0" type="stmt"/>
        <line num="29" count="47" type="cond" truecount="1" falsecount="1"/>
        <line num="30" count="0" type="cond" truecount="0" falsecount="2"/>
        <line num="31" count="0" type="stmt"/>
        <line num="33" count="0" type="stmt"/>
        <line num="42" count="0" type="stmt"/>
        <line num="50" count="47" type="stmt"/>
      </file>
    </package>
    <package name="context">
      <metrics statements="171" coveredstatements="156" conditionals="141" coveredconditionals="97" methods="91" coveredmethods="81"/>
      <file name="CampaignContext.tsx" path="C:\Users\theod\Downloads\React Strike\react-strike\src\context\CampaignContext.tsx">
        <metrics statements="171" coveredstatements="156" conditionals="141" coveredconditionals="97" methods="91" coveredmethods="81"/>
        <line num="51" count="11" type="stmt"/>
        <line num="53" count="11" type="stmt"/>
        <line num="54" count="138" type="stmt"/>
        <line num="55" count="138" type="stmt"/>
        <line num="56" count="138" type="stmt"/>
        <line num="59" count="138" type="stmt"/>
        <line num="60" count="828" type="stmt"/>
        <line num="61" count="828" type="stmt"/>
        <line num="65" count="138" type="stmt"/>
        <line num="66" count="138" type="stmt"/>
        <line num="67" count="138" type="stmt"/>
        <line num="68" count="138" type="stmt"/>
        <line num="69" count="138" type="stmt"/>
        <line num="70" count="138" type="stmt"/>
        <line num="71" count="138" type="stmt"/>
        <line num="73" count="138" type="stmt"/>
        <line num="74" count="78" type="stmt"/>
        <line num="75" count="408" type="stmt"/>
        <line num="76" count="102" type="cond" truecount="2" falsecount="0"/>
        <line num="78" count="388" type="stmt"/>
        <line num="80" count="396" type="stmt"/>
        <line num="87" count="138" type="cond" truecount="1" falsecount="0"/>
        <line num="88" count="14" type="stmt"/>
        <line num="89" count="8" type="cond" truecount="3" falsecount="1"/>
        <line num="90" count="14" type="stmt"/>
        <line num="91" count="8" type="stmt"/>
        <line num="92" count="56" type="cond" truecount="2" falsecount="0"/>
        <line num="97" count="138" type="stmt"/>
        <line num="98" count="2" type="stmt"/>
        <line num="99" count="2" type="cond" truecount="1" falsecount="1"/>
        <line num="102" count="39" type="stmt"/>
        <line num="103" count="3" type="stmt"/>
        <line num="104" count="12" type="cond" truecount="2" falsecount="0"/>
        <line num="105" count="3" type="stmt"/>
        <line num="110" count="9" type="stmt"/>
        <line num="114" count="138" type="stmt"/>
        <line num="115" count="3" type="stmt"/>
        <line num="116" count="9" type="stmt"/>
        <line num="118" count="3" type="cond" truecount="6" falsecount="0"/>
        <line num="120" count="3" type="stmt"/>
        <line num="121" count="12" type="cond" truecount="2" falsecount="0"/>
        <line num="122" count="3" type="stmt"/>
        <line num="124" count="12" type="stmt"/>
        <line num="127" count="9" type="stmt"/>
        <line num="130" count="3" type="stmt"/>
        <line num="134" count="138" type="stmt"/>
        <line num="140" count="8" type="cond" truecount="2" falsecount="0"/>
        <line num="141" count="7" type="stmt"/>
        <line num="142" count="7" type="stmt"/>
        <line num="143" count="7" type="cond" truecount="2" falsecount="0"/>
        <line num="144" count="1" type="cond" truecount="1" falsecount="1"/>
        <line num="145" count="1" type="stmt"/>
        <line num="147" count="0" type="cond" truecount="0" falsecount="2"/>
        <line num="149" count="6" type="cond" truecount="2" falsecount="1"/>
        <line num="151" count="0" type="cond" truecount="0" falsecount="2"/>
        <line num="152" count="6" type="cond" truecount="1" falsecount="1"/>
        <line num="153" count="6" type="stmt"/>
        <line num="155" count="0" type="stmt"/>
        <line num="158" count="7" type="stmt"/>
        <line num="161" count="1" type="stmt"/>
        <line num="162" count="4" type="cond" truecount="2" falsecount="0"/>
        <line num="163" count="1" type="stmt"/>
        <line num="165" count="1" type="cond" truecount="1" falsecount="1"/>
        <line num="166" count="1" type="cond" truecount="2" falsecount="2"/>
        <line num="167" count="0" type="stmt"/>
        <line num="169" count="1" type="stmt"/>
        <line num="170" count="3" type="cond" truecount="2" falsecount="0"/>
        <line num="171" count="1" type="stmt"/>
        <line num="173" count="2" type="stmt"/>
        <line num="177" count="0" type="cond" truecount="0" falsecount="3"/>
        <line num="179" count="0" type="cond" truecount="0" falsecount="2"/>
        <line num="180" count="0" type="cond" truecount="0" falsecount="2"/>
        <line num="181" count="0" type="stmt"/>
        <line num="183" count="0" type="stmt"/>
        <line num="186" count="1" type="stmt"/>
        <line num="191" count="3" type="stmt"/>
        <line num="195" count="138" type="stmt"/>
        <line num="196" count="2" type="stmt"/>
        <line num="197" count="2" type="cond" truecount="1" falsecount="1"/>
        <line num="199" count="2" type="stmt"/>
        <line num="200" count="2" type="cond" truecount="4" falsecount="1"/>
        <line num="202" count="2" type="stmt"/>
        <line num="203" count="3" type="stmt"/>
        <line num="205" count="3" type="stmt"/>
        <line num="206" count="12" type="cond" truecount="2" falsecount="0"/>
        <line num="207" count="3" type="stmt"/>
        <line num="208" count="6" type="cond" truecount="2" falsecount="0"/>
        <line num="209" count="3" type="stmt"/>
        <line num="210" count="3" type="stmt"/>
        <line num="211" count="3" type="stmt"/>
        <line num="218" count="3" type="stmt"/>
        <line num="219" count="3" type="cond" truecount="1" falsecount="1"/>
        <line num="220" count="3" type="stmt"/>
        <line num="223" count="3" type="stmt"/>
        <line num="231" count="138" type="stmt"/>
        <line num="232" count="1" type="stmt"/>
        <line num="233" count="1" type="cond" truecount="3" falsecount="1"/>
        <line num="235" count="2" type="stmt"/>
        <line num="236" count="1" type="stmt"/>
        <line num="241" count="2" type="stmt"/>
        <line num="244" count="138" type="stmt"/>
        <line num="245" count="2" type="cond" truecount="3" falsecount="1"/>
        <line num="247" count="2" type="stmt"/>
        <line num="249" count="2" type="cond" truecount="4" falsecount="0"/>
        <line num="250" count="13" type="stmt"/>
        <line num="251" count="26" type="stmt"/>
        <line num="253" count="1" type="stmt"/>
        <line num="254" count="1" type="cond" truecount="1" falsecount="1"/>
        <line num="255" count="3" type="cond" truecount="2" falsecount="2"/>
        <line num="256" count="1" type="stmt"/>
        <line num="257" count="4" type="cond" truecount="2" falsecount="0"/>
        <line num="258" count="1" type="stmt"/>
        <line num="260" count="3" type="cond" truecount="2" falsecount="2"/>
        <line num="263" count="3" type="stmt"/>
        <line num="268" count="2" type="cond" truecount="2" falsecount="0"/>
        <line num="270" count="1" type="cond" truecount="3" falsecount="1"/>
        <line num="271" count="0" type="stmt"/>
        <line num="273" count="2" type="stmt"/>
        <line num="274" count="8" type="cond" truecount="2" falsecount="0"/>
        <line num="275" count="2" type="stmt"/>
        <line num="277" count="4" type="stmt"/>
        <line num="280" count="6" type="stmt"/>
        <line num="285" count="138" type="stmt"/>
        <line num="286" count="5" type="stmt"/>
        <line num="287" count="3" type="cond" truecount="3" falsecount="1"/>
        <line num="289" count="3" type="cond" truecount="2" falsecount="0"/>
        <line num="290" count="1" type="cond" truecount="1" falsecount="1"/>
        <line num="291" count="1" type="stmt"/>
        <line num="293" count="2" type="cond" truecount="1" falsecount="1"/>
        <line num="294" count="4" type="stmt"/>
        <line num="298" count="3" type="cond" truecount="2" falsecount="0"/>
        <line num="299" count="1" type="stmt"/>
        <line num="300" count="2" type="stmt"/>
        <line num="304" count="1" type="stmt"/>
        <line num="305" count="2" type="cond" truecount="1" falsecount="1"/>
        <line num="306" count="4" type="stmt"/>
        <line num="307" count="0" type="cond" truecount="0" falsecount="2"/>
        <line num="308" count="0" type="stmt"/>
        <line num="311" count="3" type="cond" truecount="3" falsecount="1"/>
        <line num="312" count="0" type="stmt"/>
        <line num="313" count="0" type="cond" truecount="0" falsecount="2"/>
        <line num="317" count="138" type="stmt"/>
        <line num="318" count="3" type="stmt"/>
        <line num="319" count="3" type="cond" truecount="1" falsecount="1"/>
        <line num="321" count="3" type="cond" truecount="2" falsecount="0"/>
        <line num="322" count="1" type="stmt"/>
        <line num="324" count="8" type="cond" truecount="2" falsecount="0"/>
        <line num="327" count="3" type="stmt"/>
        <line num="338" count="12" type="cond" truecount="2" falsecount="1"/>
        <line num="339" count="3" type="cond" truecount="1" falsecount="1"/>
        <line num="340" count="3" type="stmt"/>
        <line num="342" count="3" type="stmt"/>
        <line num="345" count="138" type="stmt"/>
        <line num="346" count="4" type="stmt"/>
        <line num="347" count="4" type="cond" truecount="2" falsecount="0"/>
        <line num="348" count="4" type="cond" truecount="1" falsecount="1"/>
        <line num="350" count="1" type="stmt"/>
        <line num="351" count="1" type="stmt"/>
        <line num="352" count="1" type="stmt"/>
        <line num="353" count="1" type="stmt"/>
        <line num="356" count="138" type="stmt"/>
        <line num="357" count="35" type="stmt"/>
        <line num="360" count="552" type="stmt"/>
        <line num="361" count="138" type="stmt"/>
        <line num="362" count="40" type="stmt"/>
        <line num="365" count="138" type="stmt"/>
        <line num="403" count="11" type="stmt"/>
        <line num="404" count="156" type="stmt"/>
        <line num="405" count="156" type="cond" truecount="1" falsecount="1"/>
        <line num="406" count="0" type="stmt"/>
        <line num="408" count="156" type="stmt"/>
      </file>
    </package>
    <package name="core.engine">
      <metrics statements="195" coveredstatements="188" conditionals="78" coveredconditionals="67" methods="56" coveredmethods="51"/>
      <file name="GameEngine.ts" path="C:\Users\theod\Downloads\React Strike\react-strike\src\core\engine\GameEngine.ts">
        <metrics statements="167" coveredstatements="160" conditionals="75" coveredconditionals="64" methods="53" coveredmethods="48"/>
        <line num="15" count="23" type="stmt"/>
        <line num="16" count="23" type="stmt"/>
        <line num="17" count="23" type="stmt"/>
        <line num="19" count="23" type="stmt"/>
        <line num="20" count="23" type="stmt"/>
        <line num="21" count="23" type="stmt"/>
        <line num="22" count="23" type="stmt"/>
        <line num="23" count="23" type="stmt"/>
        <line num="25" count="23" type="cond" truecount="1" falsecount="1"/>
        <line num="26" count="23" type="cond" truecount="1" falsecount="1"/>
        <line num="27" count="23" type="stmt"/>
        <line num="28" count="23" type="stmt"/>
        <line num="31" count="23" type="stmt"/>
        <line num="35" count="63" type="cond" truecount="2" falsecount="0"/>
        <line num="36" count="2" type="stmt"/>
        <line num="38" count="63" type="stmt"/>
        <line num="43" count="21" type="cond" truecount="2" falsecount="0"/>
        <line num="44" count="18" type="stmt"/>
        <line num="46" count="21" type="stmt"/>
        <line num="50" count="8" type="stmt"/>
        <line num="51" count="8" type="stmt"/>
        <line num="55" count="9" type="stmt"/>
        <line num="59" count="0" type="stmt"/>
        <line num="63" count="1" type="stmt"/>
        <line num="67" count="4" type="stmt"/>
        <line num="71" count="33" type="cond" truecount="2" falsecount="0"/>
        <line num="75" count="74" type="cond" truecount="2" falsecount="0"/>
        <line num="79" count="1" type="stmt"/>
        <line num="83" count="1" type="stmt"/>
        <line num="87" count="9" type="cond" truecount="2" falsecount="0"/>
        <line num="88" count="8" type="stmt"/>
        <line num="92" count="8" type="stmt"/>
        <line num="93" count="8" type="stmt"/>
        <line num="94" count="8" type="stmt"/>
        <line num="98" count="147" type="stmt"/>
        <line num="99" count="147" type="stmt"/>
        <line num="100" count="147" type="stmt"/>
        <line num="104" count="8" type="stmt"/>
        <line num="105" count="8" type="cond" truecount="2" falsecount="0"/>
        <line num="113" count="8" type="stmt"/>
        <line num="114" count="8" type="stmt"/>
        <line num="115" count="19" type="cond" truecount="2" falsecount="0"/>
        <line num="116" count="2" type="stmt"/>
        <line num="120" count="8" type="stmt"/>
        <line num="121" count="8" type="stmt"/>
        <line num="122" count="8" type="stmt"/>
        <line num="123" count="17" type="stmt"/>
        <line num="124" count="10" type="stmt"/>
        <line num="125" count="10" type="cond" truecount="1" falsecount="1"/>
        <line num="126" count="0" type="stmt"/>
        <line num="127" count="0" type="stmt"/>
        <line num="130" count="17" type="stmt"/>
        <line num="131" count="17" type="stmt"/>
        <line num="132" count="17" type="stmt"/>
        <line num="135" count="8" type="stmt"/>
        <line num="136" count="19" type="cond" truecount="2" falsecount="0"/>
        <line num="137" count="19" type="stmt"/>
        <line num="138" count="19" type="stmt"/>
        <line num="143" count="6" type="cond" truecount="2" falsecount="0"/>
        <line num="144" count="6" type="stmt"/>
        <line num="148" count="14" type="stmt"/>
        <line num="149" count="14" type="stmt"/>
        <line num="150" count="14" type="stmt"/>
        <line num="151" count="14" type="stmt"/>
        <line num="152" count="14" type="stmt"/>
        <line num="153" count="14" type="stmt"/>
        <line num="157" count="12" type="cond" truecount="2" falsecount="0"/>
        <line num="158" count="7" type="stmt"/>
        <line num="159" count="7" type="stmt"/>
        <line num="163" count="11" type="cond" truecount="2" falsecount="0"/>
        <line num="164" count="5" type="stmt"/>
        <line num="165" count="5" type="stmt"/>
        <line num="170" count="3" type="stmt"/>
        <line num="171" count="3" type="stmt"/>
        <line num="175" count="1" type="stmt"/>
        <line num="176" count="1" type="stmt"/>
        <line num="177" count="1" type="stmt"/>
        <line num="181" count="1" type="cond" truecount="1" falsecount="1"/>
        <line num="182" count="1" type="stmt"/>
        <line num="186" count="4" type="stmt"/>
        <line num="189" count="4" type="stmt"/>
        <line num="190" count="4" type="cond" truecount="4" falsecount="0"/>
        <line num="191" count="4" type="cond" truecount="1" falsecount="1"/>
        <line num="192" count="4" type="stmt"/>
        <line num="194" count="4" type="stmt"/>
        <line num="205" count="4" type="stmt"/>
        <line num="216" count="4" type="cond" truecount="2" falsecount="0"/>
        <line num="217" count="1" type="stmt"/>
        <line num="222" count="11" type="stmt"/>
        <line num="226" count="3" type="stmt"/>
        <line num="230" count="2" type="stmt"/>
        <line num="231" count="2" type="stmt"/>
        <line num="232" count="2" type="stmt"/>
        <line num="235" count="8" type="stmt"/>
        <line num="236" count="8" type="stmt"/>
        <line num="237" count="8" type="stmt"/>
        <line num="239" count="8" type="stmt"/>
        <line num="240" count="8" type="stmt"/>
        <line num="242" count="8" type="cond" truecount="2" falsecount="0"/>
        <line num="243" count="7" type="stmt"/>
        <line num="246" count="8" type="stmt"/>
        <line num="247" count="8" type="stmt"/>
        <line num="251" count="50" type="stmt"/>
        <line num="252" count="12" type="stmt"/>
        <line num="254" count="12" type="stmt"/>
        <line num="255" count="24" type="stmt"/>
        <line num="256" count="100" type="stmt"/>
        <line num="257" count="100" type="stmt"/>
        <line num="258" count="100" type="cond" truecount="1" falsecount="1"/>
        <line num="260" count="100" type="stmt"/>
        <line num="261" count="846" type="stmt"/>
        <line num="262" count="846" type="stmt"/>
        <line num="263" count="846" type="cond" truecount="1" falsecount="1"/>
        <line num="265" count="846" type="stmt"/>
        <line num="266" count="846" type="stmt"/>
        <line num="268" count="846" type="cond" truecount="2" falsecount="0"/>
        <line num="269" count="9" type="cond" truecount="2" falsecount="0"/>
        <line num="270" count="1" type="stmt"/>
        <line num="271" count="1" type="stmt"/>
        <line num="272" count="1" type="stmt"/>
        <line num="273" count="1" type="stmt"/>
        <line num="276" count="9" type="stmt"/>
        <line num="277" count="9" type="stmt"/>
        <line num="279" count="9" type="stmt"/>
        <line num="280" count="9" type="stmt"/>
        <line num="282" count="9" type="stmt"/>
        <line num="283" count="9" type="stmt"/>
        <line num="288" count="100" type="stmt"/>
        <line num="293" count="12" type="cond" truecount="2" falsecount="0"/>
        <line num="294" count="1" type="stmt"/>
        <line num="295" count="1" type="stmt"/>
        <line num="298" count="48" type="cond" truecount="2" falsecount="0"/>
        <line num="299" count="48" type="cond" truecount="2" falsecount="0"/>
        <line num="301" count="11" type="stmt"/>
        <line num="311" count="11" type="stmt"/>
        <line num="312" count="48" type="cond" truecount="1" falsecount="1"/>
        <line num="313" count="48" type="stmt"/>
        <line num="317" count="11" type="stmt"/>
        <line num="319" count="48" type="stmt"/>
        <line num="321" count="11" type="stmt"/>
        <line num="322" count="11" type="stmt"/>
        <line num="323" count="0" type="stmt"/>
        <line num="324" count="0" type="stmt"/>
        <line num="325" count="0" type="stmt"/>
        <line num="327" count="11" type="stmt"/>
        <line num="329" count="11" type="stmt"/>
        <line num="330" count="0" type="stmt"/>
        <line num="332" count="11" type="stmt"/>
        <line num="334" count="48" type="stmt"/>
        <line num="335" count="48" type="stmt"/>
        <line num="336" count="11" type="stmt"/>
        <line num="337" count="39" type="stmt"/>
        <line num="338" count="39" type="stmt"/>
        <line num="340" count="11" type="cond" truecount="5" falsecount="0"/>
        <line num="341" count="2" type="stmt"/>
        <line num="342" count="9" type="cond" truecount="4" falsecount="0"/>
        <line num="343" count="1" type="stmt"/>
        <line num="344" count="8" type="cond" truecount="2" falsecount="0"/>
        <line num="345" count="1" type="stmt"/>
        <line num="347" count="7" type="stmt"/>
        <line num="352" count="19" type="cond" truecount="2" falsecount="0"/>
        <line num="353" count="2" type="stmt"/>
        <line num="354" count="2" type="stmt"/>
        <line num="356" count="19" type="stmt"/>
        <line num="357" count="19" type="stmt"/>
        <line num="358" count="19" type="stmt"/>
        <line num="359" count="19" type="stmt"/>
      </file>
      <file name="WaveStrategy.ts" path="C:\Users\theod\Downloads\React Strike\react-strike\src\core\engine\WaveStrategy.ts">
        <metrics statements="28" coveredstatements="28" conditionals="3" coveredconditionals="3" methods="3" coveredmethods="3"/>
        <line num="9" count="2" type="stmt"/>
        <line num="10" count="2" type="stmt"/>
        <line num="11" count="2" type="stmt"/>
        <line num="13" count="2" type="stmt"/>
        <line num="14" count="2" type="stmt"/>
        <line num="15" count="20" type="stmt"/>
        <line num="16" count="20" type="stmt"/>
        <line num="17" count="20" type="stmt"/>
        <line num="18" count="20" type="stmt"/>
        <line num="25" count="1" type="stmt"/>
        <line num="26" count="1" type="stmt"/>
        <line num="27" count="1" type="stmt"/>
        <line num="29" count="1" type="stmt"/>
        <line num="31" count="1" type="stmt"/>
        <line num="32" count="1" type="stmt"/>
        <line num="33" count="5" type="stmt"/>
        <line num="34" count="5" type="stmt"/>
        <line num="35" count="5" type="stmt"/>
        <line num="36" count="5" type="stmt"/>
        <line num="43" count="6" type="stmt"/>
        <line num="44" count="6" type="stmt"/>
        <line num="45" count="6" type="stmt"/>
        <line num="47" count="6" type="stmt"/>
        <line num="48" count="6" type="stmt"/>
        <line num="49" count="115" type="stmt"/>
        <line num="50" count="115" type="stmt"/>
        <line num="51" count="115" type="stmt"/>
        <line num="52" count="115" type="stmt"/>
      </file>
    </package>
    <package name="core.entities">
      <metrics statements="128" coveredstatements="122" conditionals="81" coveredconditionals="65" methods="17" coveredmethods="17"/>
      <file name="UnitEntity.ts" path="C:\Users\theod\Downloads\React Strike\react-strike\src\core\entities\UnitEntity.ts">
        <metrics statements="128" coveredstatements="122" conditionals="81" coveredconditionals="65" methods="17" coveredmethods="17"/>
        <line num="23" count="45" type="stmt"/>
        <line num="26" count="12" type="stmt"/>
        <line num="27" count="12" type="cond" truecount="2" falsecount="0"/>
        <line num="29" count="10" type="cond" truecount="2" falsecount="0"/>
        <line num="30" count="12" type="stmt"/>
        <line num="33" count="12" type="stmt"/>
        <line num="34" count="111" type="cond" truecount="2" falsecount="0"/>
        <line num="37" count="12" type="cond" truecount="2" falsecount="0"/>
        <line num="38" count="3" type="stmt"/>
        <line num="39" count="3" type="stmt"/>
        <line num="40" count="3" type="stmt"/>
        <line num="44" count="7" type="cond" truecount="3" falsecount="1"/>
        <line num="45" count="7" type="stmt"/>
        <line num="46" count="7" type="cond" truecount="1" falsecount="1"/>
        <line num="47" count="0" type="stmt"/>
        <line num="48" count="0" type="stmt"/>
        <line num="49" count="0" type="stmt"/>
        <line num="56" count="5" type="stmt"/>
        <line num="59" count="4" type="stmt"/>
        <line num="60" count="4" type="cond" truecount="1" falsecount="1"/>
        <line num="62" count="4" type="cond" truecount="2" falsecount="0"/>
        <line num="63" count="4" type="stmt"/>
        <line num="65" count="4" type="stmt"/>
        <line num="66" count="4" type="stmt"/>
        <line num="68" count="4" type="stmt"/>
        <line num="69" count="3" type="cond" truecount="3" falsecount="1"/>
        <line num="70" count="3" type="stmt"/>
        <line num="71" count="3" type="cond" truecount="1" falsecount="1"/>
        <line num="72" count="3" type="stmt"/>
        <line num="73" count="3" type="stmt"/>
        <line num="78" count="4" type="cond" truecount="2" falsecount="0"/>
        <line num="79" count="1" type="stmt"/>
        <line num="80" count="1" type="stmt"/>
        <line num="81" count="1" type="stmt"/>
        <line num="84" count="3" type="stmt"/>
        <line num="85" count="3" type="stmt"/>
        <line num="87" count="3" type="cond" truecount="1" falsecount="1"/>
        <line num="88" count="0" type="stmt"/>
        <line num="89" count="0" type="stmt"/>
        <line num="90" count="0" type="stmt"/>
        <line num="93" count="3" type="stmt"/>
        <line num="94" count="3" type="stmt"/>
        <line num="96" count="3" type="stmt"/>
        <line num="97" count="3" type="stmt"/>
        <line num="102" count="158" type="stmt"/>
        <line num="105" count="43" type="stmt"/>
        <line num="106" count="43" type="cond" truecount="2" falsecount="0"/>
        <line num="107" count="1" type="stmt"/>
        <line num="108" count="1" type="stmt"/>
        <line num="111" count="42" type="stmt"/>
        <line num="112" count="42" type="stmt"/>
        <line num="114" count="42" type="stmt"/>
        <line num="115" count="112" type="cond" truecount="1" falsecount="1"/>
        <line num="116" count="112" type="stmt"/>
        <line num="117" count="112" type="cond" truecount="1" falsecount="1"/>
        <line num="118" count="112" type="stmt"/>
        <line num="119" count="112" type="stmt"/>
        <line num="124" count="42" type="cond" truecount="2" falsecount="0"/>
        <line num="125" count="40" type="stmt"/>
        <line num="126" count="40" type="stmt"/>
        <line num="128" count="40" type="cond" truecount="2" falsecount="0"/>
        <line num="129" count="1" type="stmt"/>
        <line num="130" count="1" type="stmt"/>
        <line num="131" count="1" type="stmt"/>
        <line num="134" count="39" type="stmt"/>
        <line num="135" count="39" type="stmt"/>
        <line num="137" count="39" type="stmt"/>
        <line num="138" count="39" type="stmt"/>
        <line num="140" count="2" type="stmt"/>
        <line num="141" count="2" type="stmt"/>
        <line num="147" count="6" type="stmt"/>
        <line num="151" count="6" type="stmt"/>
        <line num="155" count="5" type="stmt"/>
        <line num="156" count="5" type="cond" truecount="1" falsecount="1"/>
        <line num="158" count="5" type="cond" truecount="2" falsecount="0"/>
        <line num="159" count="5" type="cond" truecount="2" falsecount="0"/>
        <line num="161" count="5" type="cond" truecount="2" falsecount="0"/>
        <line num="162" count="1" type="stmt"/>
        <line num="163" count="1" type="stmt"/>
        <line num="164" count="1" type="stmt"/>
        <line num="165" count="1" type="stmt"/>
        <line num="168" count="4" type="stmt"/>
        <line num="169" count="4" type="stmt"/>
        <line num="171" count="4" type="cond" truecount="2" falsecount="0"/>
        <line num="172" count="2" type="stmt"/>
        <line num="173" count="2" type="stmt"/>
        <line num="174" count="2" type="stmt"/>
        <line num="175" count="2" type="stmt"/>
        <line num="178" count="2" type="stmt"/>
        <line num="180" count="2" type="cond" truecount="2" falsecount="0"/>
        <line num="181" count="1" type="stmt"/>
        <line num="182" count="1" type="stmt"/>
        <line num="184" count="1" type="cond" truecount="1" falsecount="1"/>
        <line num="185" count="1" type="cond" truecount="3" falsecount="3"/>
        <line num="186" count="1" type="stmt"/>
        <line num="188" count="1" type="stmt"/>
        <line num="193" count="3" type="cond" truecount="2" falsecount="0"/>
        <line num="194" count="2" type="stmt"/>
        <line num="196" count="1" type="stmt"/>
        <line num="202" count="1" type="stmt"/>
        <line num="207" count="1" type="stmt"/>
        <line num="209" count="2" type="cond" truecount="2" falsecount="0"/>
        <line num="210" count="1" type="stmt"/>
        <line num="220" count="202" type="stmt"/>
        <line num="221" count="202" type="cond" truecount="1" falsecount="1"/>
        <line num="222" count="202" type="cond" truecount="1" falsecount="1"/>
        <line num="224" count="202" type="cond" truecount="2" falsecount="0"/>
        <line num="225" count="1" type="stmt"/>
        <line num="226" count="201" type="cond" truecount="2" falsecount="0"/>
        <line num="227" count="44" type="stmt"/>
        <line num="229" count="157" type="stmt"/>
        <line num="234" count="13" type="stmt"/>
        <line num="238" count="15" type="stmt"/>
        <line num="242" count="67" type="stmt"/>
        <line num="244" count="67" type="cond" truecount="4" falsecount="0"/>
        <line num="245" count="1" type="stmt"/>
        <line num="246" count="1" type="cond" truecount="1" falsecount="1"/>
        <line num="247" count="1" type="stmt"/>
        <line num="251" count="67" type="stmt"/>
        <line num="253" count="67" type="cond" truecount="2" falsecount="0"/>
        <line num="254" count="61" type="stmt"/>
        <line num="263" count="161" type="stmt"/>
        <line num="264" count="161" type="stmt"/>
        <line num="266" count="161" type="stmt"/>
        <line num="268" count="161" type="cond" truecount="2" falsecount="0"/>
        <line num="270" count="39" type="stmt"/>
        <line num="271" count="39" type="stmt"/>
        <line num="274" count="122" type="stmt"/>
      </file>
    </package>
    <package name="core.events">
      <metrics statements="12" coveredstatements="12" conditionals="6" coveredconditionals="6" methods="6" coveredmethods="6"/>
      <file name="EventBus.ts" path="C:\Users\theod\Downloads\React Strike\react-strike\src\core\events\EventBus.ts">
        <metrics statements="12" coveredstatements="12" conditionals="6" coveredconditionals="6" methods="6" coveredmethods="6"/>
        <line num="17" count="23" type="stmt"/>
        <line num="20" count="20" type="cond" truecount="2" falsecount="0"/>
        <line num="21" count="9" type="stmt"/>
        <line num="23" count="20" type="stmt"/>
        <line num="27" count="20" type="cond" truecount="2" falsecount="0"/>
        <line num="28" count="16" type="stmt"/>
        <line num="29" count="20" type="stmt"/>
        <line num="36" count="184" type="cond" truecount="2" falsecount="0"/>
        <line num="37" count="3" type="stmt"/>
        <line num="38" count="2" type="stmt"/>
        <line num="39" count="2" type="stmt"/>
        <line num="44" count="19" type="stmt"/>
      </file>
    </package>
    <package name="core.factories">
      <metrics statements="35" coveredstatements="33" conditionals="87" coveredconditionals="80" methods="4" coveredmethods="4"/>
      <file name="UnitFactory.ts" path="C:\Users\theod\Downloads\React Strike\react-strike\src\core\factories\UnitFactory.ts">
        <metrics statements="35" coveredstatements="33" conditionals="87" coveredconditionals="80" methods="4" coveredmethods="4"/>
        <line num="8" count="9" type="stmt"/>
        <line num="9" count="9" type="stmt"/>
        <line num="10" count="9" type="stmt"/>
        <line num="11" count="9" type="stmt"/>
        <line num="14" count="9" type="stmt"/>
        <line num="15" count="19" type="stmt"/>
        <line num="19" count="49" type="cond" truecount="2" falsecount="0"/>
        <line num="20" count="49" type="cond" truecount="2" falsecount="0"/>
        <line num="22" count="49" type="stmt"/>
        <line num="23" count="49" type="cond" truecount="2" falsecount="0"/>
        <line num="24" count="2" type="stmt"/>
        <line num="25" count="47" type="cond" truecount="1" falsecount="1"/>
        <line num="26" count="0" type="stmt"/>
        <line num="27" count="47" type="cond" truecount="5" falsecount="0"/>
        <line num="28" count="2" type="stmt"/>
        <line num="31" count="49" type="stmt"/>
        <line num="55" count="158" type="stmt"/>
        <line num="83" count="21" type="stmt"/>
        <line num="88" count="21" type="cond" truecount="2" falsecount="0"/>
        <line num="93" count="19" type="stmt"/>
        <line num="94" count="19" type="stmt"/>
        <line num="95" count="19" type="stmt"/>
        <line num="98" count="19" type="stmt"/>
        <line num="99" count="19" type="stmt"/>
        <line num="102" count="2" type="stmt"/>
        <line num="103" count="2" type="stmt"/>
        <line num="106" count="21" type="cond" truecount="1" falsecount="1"/>
        <line num="107" count="21" type="stmt"/>
        <line num="108" count="21" type="cond" truecount="2" falsecount="0"/>
        <line num="109" count="2" type="stmt"/>
        <line num="110" count="19" type="cond" truecount="1" falsecount="1"/>
        <line num="111" count="0" type="stmt"/>
        <line num="112" count="19" type="cond" truecount="4" falsecount="0"/>
        <line num="113" count="2" type="stmt"/>
        <line num="116" count="21" type="stmt"/>
      </file>
    </package>
    <package name="core.math">
      <metrics statements="65" coveredstatements="65" conditionals="48" coveredconditionals="44" methods="27" coveredmethods="27"/>
      <file name="canvasSelection.ts" path="C:\Users\theod\Downloads\React Strike\react-strike\src\core\math\canvasSelection.ts">
        <metrics statements="10" coveredstatements="10" conditionals="5" coveredconditionals="5" methods="2" coveredmethods="2"/>
        <line num="5" count="4" type="stmt"/>
        <line num="11" count="5" type="stmt"/>
        <line num="12" count="5" type="stmt"/>
        <line num="14" count="5" type="stmt"/>
        <line num="15" count="5" type="cond" truecount="2" falsecount="0"/>
        <line num="16" count="4" type="stmt"/>
        <line num="17" count="4" type="cond" truecount="2" falsecount="0"/>
        <line num="18" count="3" type="stmt"/>
        <line num="19" count="3" type="stmt"/>
        <line num="24" count="5" type="stmt"/>
      </file>
      <file name="empireCalculations.ts" path="C:\Users\theod\Downloads\React Strike\react-strike\src\core\math\empireCalculations.ts">
        <metrics statements="41" coveredstatements="41" conditionals="18" coveredconditionals="15" methods="21" coveredmethods="21"/>
        <line num="12" count="4" type="stmt"/>
        <line num="13" count="9" type="stmt"/>
        <line num="15" count="4" type="stmt"/>
        <line num="16" count="6" type="stmt"/>
        <line num="18" count="4" type="stmt"/>
        <line num="19" count="3" type="cond" truecount="2" falsecount="0"/>
        <line num="21" count="4" type="stmt"/>
        <line num="22" count="2" type="stmt"/>
        <line num="24" count="4" type="stmt"/>
        <line num="25" count="2" type="cond" truecount="2" falsecount="0"/>
        <line num="27" count="4" type="stmt"/>
        <line num="28" count="3" type="cond" truecount="1" falsecount="1"/>
        <line num="30" count="4" type="stmt"/>
        <line num="31" count="3" type="cond" truecount="2" falsecount="0"/>
        <line num="33" count="4" type="stmt"/>
        <line num="34" count="4" type="stmt"/>
        <line num="35" count="4" type="stmt"/>
        <line num="36" count="41" type="cond" truecount="2" falsecount="0"/>
        <line num="37" count="41" type="stmt"/>
        <line num="39" count="4" type="stmt"/>
        <line num="42" count="4" type="stmt"/>
        <line num="43" count="4" type="stmt"/>
        <line num="44" count="13" type="cond" truecount="2" falsecount="0"/>
        <line num="45" count="6" type="stmt"/>
        <line num="47" count="13" type="stmt"/>
        <line num="48" count="13" type="stmt"/>
        <line num="50" count="4" type="stmt"/>
        <line num="53" count="4" type="stmt"/>
        <line num="54" count="289" type="stmt"/>
        <line num="55" count="74" type="stmt"/>
        <line num="56" count="74" type="stmt"/>
        <line num="58" count="74" type="stmt"/>
        <line num="65" count="74" type="cond" truecount="1" falsecount="1"/>
        <line num="67" count="74" type="cond" truecount="2" falsecount="0"/>
        <line num="68" count="19" type="stmt"/>
        <line num="71" count="55" type="stmt"/>
        <line num="76" count="55" type="cond" truecount="1" falsecount="1"/>
        <line num="77" count="74" type="stmt"/>
        <line num="78" count="74" type="stmt"/>
        <line num="79" count="74" type="stmt"/>
        <line num="81" count="74" type="stmt"/>
      </file>
      <file name="utils.ts" path="C:\Users\theod\Downloads\React Strike\react-strike\src\core\math\utils.ts">
        <metrics statements="14" coveredstatements="14" conditionals="25" coveredconditionals="24" methods="4" coveredmethods="4"/>
        <line num="1" count="8" type="stmt"/>
        <line num="2" count="1024" type="cond" truecount="6" falsecount="0"/>
        <line num="3" count="1022" type="stmt"/>
        <line num="6" count="8" type="stmt"/>
        <line num="7" count="899" type="cond" truecount="6" falsecount="0"/>
        <line num="8" count="898" type="stmt"/>
        <line num="9" count="898" type="cond" truecount="4" falsecount="0"/>
        <line num="10" count="888" type="stmt"/>
        <line num="13" count="8" type="stmt"/>
        <line num="14" count="2" type="cond" truecount="3" falsecount="1"/>
        <line num="15" count="2" type="stmt"/>
        <line num="18" count="8" type="stmt"/>
        <line num="19" count="6" type="cond" truecount="5" falsecount="0"/>
        <line num="20" count="2" type="stmt"/>
      </file>
    </package>
    <package name="data">
      <metrics statements="10" coveredstatements="10" conditionals="0" coveredconditionals="0" methods="1" coveredmethods="1"/>
      <file name="buildings.ts" path="C:\Users\theod\Downloads\React Strike\react-strike\src\data\buildings.ts">
        <metrics statements="4" coveredstatements="4" conditionals="0" coveredconditionals="0" methods="0" coveredmethods="0"/>
        <line num="3" count="11" type="stmt"/>
        <line num="24" count="11" type="stmt"/>
        <line num="54" count="11" type="stmt"/>
        <line num="84" count="11" type="stmt"/>
      </file>
      <file name="emporium.ts" path="C:\Users\theod\Downloads\React Strike\react-strike\src\data\emporium.ts">
        <metrics statements="1" coveredstatements="1" conditionals="0" coveredconditionals="0" methods="0" coveredmethods="0"/>
        <line num="3" count="11" type="stmt"/>
      </file>
      <file name="territories.ts" path="C:\Users\theod\Downloads\React Strike\react-strike\src\data\territories.ts">
        <metrics statements="2" coveredstatements="2" conditionals="0" coveredconditionals="0" methods="1" coveredmethods="1"/>
        <line num="10" count="44" type="stmt"/>
        <line num="16" count="11" type="stmt"/>
      </file>
      <file name="units.ts" path="C:\Users\theod\Downloads\React Strike\react-strike\src\data\units.ts">
        <metrics statements="3" coveredstatements="3" conditionals="0" coveredconditionals="0" methods="0" coveredmethods="0"/>
        <line num="3" count="13" type="stmt"/>
        <line num="16" count="13" type="stmt"/>
        <line num="30" count="13" type="stmt"/>
      </file>
    </package>
    <package name="features.combat">
      <metrics statements="499" coveredstatements="202" conditionals="371" coveredconditionals="205" methods="104" coveredmethods="61"/>
      <file name="BattleCanvas.tsx" path="C:\Users\theod\Downloads\React Strike\react-strike\src\features\combat\BattleCanvas.tsx">
        <metrics statements="60" coveredstatements="40" conditionals="26" coveredconditionals="14" methods="14" coveredmethods="9"/>
        <line num="22" count="3" type="stmt"/>
        <line num="30" count="10" type="stmt"/>
        <line num="31" count="10" type="stmt"/>
        <line num="33" count="22" type="cond" truecount="2" falsecount="0"/>
        <line num="35" count="10" type="stmt"/>
        <line num="36" count="10" type="stmt"/>
        <line num="37" count="10" type="stmt"/>
        <line num="38" count="10" type="stmt"/>
        <line num="45" count="10" type="stmt"/>
        <line num="46" count="10" type="stmt"/>
        <line num="48" count="10" type="stmt"/>
        <line num="49" count="5" type="stmt"/>
        <line num="51" count="5" type="cond" truecount="2" falsecount="0"/>
        <line num="52" count="1" type="stmt"/>
        <line num="53" count="1" type="cond" truecount="1" falsecount="1"/>
        <line num="54" count="1" type="cond" truecount="1" falsecount="1"/>
        <line num="55" count="1" type="stmt"/>
        <line num="57" count="0" type="stmt"/>
        <line num="59" count="4" type="cond" truecount="3" falsecount="1"/>
        <line num="60" count="12" type="stmt"/>
        <line num="61" count="4" type="cond" truecount="1" falsecount="1"/>
        <line num="62" count="4" type="stmt"/>
        <line num="64" count="0" type="stmt"/>
        <line num="67" count="5" type="stmt"/>
        <line num="68" count="5" type="stmt"/>
        <line num="71" count="10" type="stmt"/>
        <line num="73" count="10" type="stmt"/>
        <line num="74" count="5" type="cond" truecount="1" falsecount="1"/>
        <line num="75" count="5" type="stmt"/>
        <line num="76" count="5" type="stmt"/>
        <line num="80" count="10" type="stmt"/>
        <line num="81" count="0" type="stmt"/>
        <line num="84" count="10" type="stmt"/>
        <line num="93" count="10" type="stmt"/>
        <line num="94" count="0" type="stmt"/>
        <line num="95" count="0" type="stmt"/>
        <line num="96" count="0" type="stmt"/>
        <line num="97" count="0" type="stmt"/>
        <line num="98" count="0" type="stmt"/>
        <line num="99" count="0" type="stmt"/>
        <line num="100" count="0" type="stmt"/>
        <line num="104" count="10" type="stmt"/>
        <line num="105" count="10" type="stmt"/>
        <line num="107" count="10" type="stmt"/>
        <line num="108" count="1" type="stmt"/>
        <line num="109" count="1" type="stmt"/>
        <line num="110" count="1" type="cond" truecount="1" falsecount="1"/>
        <line num="111" count="0" type="stmt"/>
        <line num="112" count="0" type="stmt"/>
        <line num="113" count="0" type="stmt"/>
        <line num="120" count="0" type="cond" truecount="0" falsecount="2"/>
        <line num="121" count="0" type="cond" truecount="0" falsecount="2"/>
        <line num="122" count="0" type="cond" truecount="0" falsecount="2"/>
        <line num="123" count="0" type="stmt"/>
        <line num="125" count="0" type="stmt"/>
        <line num="129" count="0" type="stmt"/>
        <line num="130" count="0" type="stmt"/>
        <line num="134" count="10" type="stmt"/>
        <line num="149" count="2" type="stmt"/>
        <line num="150" count="1" type="stmt"/>
      </file>
      <file name="BattleCanvasOverlay.tsx" path="C:\Users\theod\Downloads\React Strike\react-strike\src\features\combat\BattleCanvasOverlay.tsx">
        <metrics statements="18" coveredstatements="9" conditionals="90" coveredconditionals="57" methods="13" coveredmethods="4"/>
        <line num="32" count="5" type="cond" truecount="1" falsecount="0"/>
        <line num="33" count="13" type="stmt"/>
        <line num="41" count="5" type="stmt"/>
        <line num="62" count="13" type="stmt"/>
        <line num="77" count="0" type="stmt"/>
        <line num="87" count="65" type="cond" truecount="4" falsecount="0"/>
        <line num="88" count="65" type="stmt"/>
        <line num="92" count="2" type="cond" truecount="1" falsecount="1"/>
        <line num="93" count="0" type="cond" truecount="0" falsecount="2"/>
        <line num="95" count="2" type="cond" truecount="1" falsecount="1"/>
        <line num="96" count="2" type="stmt"/>
        <line num="166" count="0" type="stmt"/>
        <line num="215" count="0" type="stmt"/>
        <line num="229" count="0" type="stmt"/>
        <line num="231" count="0" type="stmt"/>
        <line num="254" count="0" type="stmt"/>
        <line num="280" count="0" type="cond" truecount="0" falsecount="3"/>
        <line num="314" count="0" type="cond" truecount="1" falsecount="1"/>
      </file>
      <file name="BattleCanvasRenderer.tsx" path="C:\Users\theod\Downloads\React Strike\react-strike\src\features\combat\BattleCanvasRenderer.tsx">
        <metrics statements="223" coveredstatements="20" conditionals="58" coveredconditionals="4" methods="10" coveredmethods="5"/>
        <line num="20" count="3" type="stmt"/>
        <line num="21" count="10" type="stmt"/>
        <line num="22" count="10" type="stmt"/>
        <line num="24" count="10" type="stmt"/>
        <line num="25" count="0" type="stmt"/>
        <line num="26" count="0" type="cond" truecount="0" falsecount="2"/>
        <line num="28" count="0" type="stmt"/>
        <line num="29" count="0" type="stmt"/>
        <line num="30" count="0" type="stmt"/>
        <line num="32" count="0" type="stmt"/>
        <line num="33" count="0" type="stmt"/>
        <line num="35" count="0" type="stmt"/>
        <line num="38" count="10" type="stmt"/>
        <line num="39" count="1" type="stmt"/>
        <line num="40" count="1" type="stmt"/>
        <line num="41" count="1" type="cond" truecount="3" falsecount="1"/>
        <line num="43" count="0" type="stmt"/>
        <line num="44" count="0" type="stmt"/>
        <line num="46" count="0" type="stmt"/>
        <line num="48" count="0" type="stmt"/>
        <line num="49" count="0" type="stmt"/>
        <line num="50" count="0" type="stmt"/>
        <line num="53" count="0" type="stmt"/>
        <line num="54" count="0" type="stmt"/>
        <line num="57" count="0" type="stmt"/>
        <line num="58" count="0" type="stmt"/>
        <line num="61" count="0" type="stmt"/>
        <line num="62" count="0" type="stmt"/>
        <line num="65" count="0" type="stmt"/>
        <line num="66" count="0" type="stmt"/>
        <line num="69" count="0" type="stmt"/>
        <line num="70" count="0" type="stmt"/>
        <line num="73" count="0" type="stmt"/>
        <line num="74" count="0" type="stmt"/>
        <line num="75" count="0" type="stmt"/>
        <line num="76" count="0" type="stmt"/>
        <line num="77" count="0" type="stmt"/>
        <line num="78" count="0" type="stmt"/>
        <line num="79" count="0" type="stmt"/>
        <line num="81" count="0" type="stmt"/>
        <line num="82" count="0" type="stmt"/>
        <line num="83" count="0" type="stmt"/>
        <line num="84" count="0" type="stmt"/>
        <line num="85" count="0" type="stmt"/>
        <line num="89" count="0" type="stmt"/>
        <line num="90" count="0" type="stmt"/>
        <line num="91" count="0" type="stmt"/>
        <line num="93" count="0" type="stmt"/>
        <line num="94" count="0" type="stmt"/>
        <line num="95" count="0" type="stmt"/>
        <line num="96" count="0" type="stmt"/>
        <line num="97" count="0" type="stmt"/>
        <line num="98" count="0" type="stmt"/>
        <line num="99" count="0" type="stmt"/>
        <line num="102" count="0" type="stmt"/>
        <line num="104" count="0" type="stmt"/>
        <line num="105" count="0" type="stmt"/>
        <line num="106" count="0" type="stmt"/>
        <line num="107" count="0" type="stmt"/>
        <line num="108" count="0" type="stmt"/>
        <line num="109" count="0" type="stmt"/>
        <line num="111" count="0" type="stmt"/>
        <line num="112" count="0" type="stmt"/>
        <line num="113" count="0" type="stmt"/>
        <line num="114" count="0" type="stmt"/>
        <line num="115" count="0" type="stmt"/>
        <line num="116" count="0" type="stmt"/>
        <line num="118" count="0" type="stmt"/>
        <line num="119" count="0" type="stmt"/>
        <line num="120" count="0" type="stmt"/>
        <line num="121" count="0" type="stmt"/>
        <line num="122" count="0" type="stmt"/>
        <line num="123" count="0" type="stmt"/>
        <line num="125" count="0" type="stmt"/>
        <line num="127" count="0" type="stmt"/>
        <line num="128" count="0" type="stmt"/>
        <line num="130" count="0" type="stmt"/>
        <line num="131" count="0" type="stmt"/>
        <line num="132" count="0" type="stmt"/>
        <line num="134" count="0" type="stmt"/>
        <line num="135" count="0" type="stmt"/>
        <line num="136" count="0" type="stmt"/>
        <line num="137" count="0" type="stmt"/>
        <line num="138" count="0" type="stmt"/>
        <line num="140" count="0" type="stmt"/>
        <line num="141" count="0" type="stmt"/>
        <line num="142" count="0" type="stmt"/>
        <line num="144" count="0" type="stmt"/>
        <line num="145" count="0" type="stmt"/>
        <line num="148" count="0" type="stmt"/>
        <line num="149" count="0" type="stmt"/>
        <line num="150" count="0" type="stmt"/>
        <line num="152" count="0" type="stmt"/>
        <line num="153" count="0" type="stmt"/>
        <line num="155" count="0" type="stmt"/>
        <line num="156" count="0" type="stmt"/>
        <line num="157" count="0" type="stmt"/>
        <line num="158" count="0" type="stmt"/>
        <line num="159" count="0" type="cond" truecount="0" falsecount="2"/>
        <line num="160" count="0" type="cond" truecount="0" falsecount="2"/>
        <line num="161" count="0" type="stmt"/>
        <line num="162" count="0" type="stmt"/>
        <line num="164" count="0" type="cond" truecount="0" falsecount="2"/>
        <line num="165" count="0" type="stmt"/>
        <line num="166" count="0" type="stmt"/>
        <line num="167" count="0" type="stmt"/>
        <line num="168" count="0" type="stmt"/>
        <line num="169" count="0" type="stmt"/>
        <line num="170" count="0" type="stmt"/>
        <line num="171" count="0" type="stmt"/>
        <line num="175" count="0" type="stmt"/>
        <line num="176" count="0" type="stmt"/>
        <line num="177" count="0" type="stmt"/>
        <line num="178" count="0" type="stmt"/>
        <line num="179" count="0" type="stmt"/>
        <line num="180" count="0" type="stmt"/>
        <line num="181" count="0" type="stmt"/>
        <line num="183" count="0" type="stmt"/>
        <line num="185" count="0" type="stmt"/>
        <line num="186" count="0" type="stmt"/>
        <line num="187" count="0" type="stmt"/>
        <line num="188" count="0" type="stmt"/>
        <line num="189" count="0" type="stmt"/>
        <line num="190" count="0" type="stmt"/>
        <line num="191" count="0" type="stmt"/>
        <line num="192" count="0" type="stmt"/>
        <line num="193" count="0" type="stmt"/>
        <line num="194" count="0" type="stmt"/>
        <line num="197" count="0" type="stmt"/>
        <line num="198" count="0" type="cond" truecount="0" falsecount="2"/>
        <line num="199" count="0" type="cond" truecount="0" falsecount="2"/>
        <line num="200" count="0" type="stmt"/>
        <line num="202" count="0" type="cond" truecount="0" falsecount="4"/>
        <line num="203" count="0" type="stmt"/>
        <line num="204" count="0" type="cond" truecount="0" falsecount="2"/>
        <line num="205" count="0" type="cond" truecount="0" falsecount="2"/>
        <line num="206" count="0" type="stmt"/>
        <line num="207" count="0" type="cond" truecount="0" falsecount="2"/>
        <line num="208" count="0" type="stmt"/>
        <line num="209" count="0" type="stmt"/>
        <line num="212" count="0" type="stmt"/>
        <line num="213" count="0" type="stmt"/>
        <line num="214" count="0" type="cond" truecount="0" falsecount="2"/>
        <line num="215" count="0" type="stmt"/>
        <line num="216" count="0" type="stmt"/>
        <line num="217" count="0" type="cond" truecount="0" falsecount="2"/>
        <line num="218" count="0" type="stmt"/>
        <line num="220" count="0" type="stmt"/>
        <line num="221" count="0" type="stmt"/>
        <line num="222" count="0" type="stmt"/>
        <line num="223" count="0" type="stmt"/>
        <line num="224" count="0" type="stmt"/>
        <line num="226" count="0" type="cond" truecount="0" falsecount="2"/>
        <line num="227" count="0" type="stmt"/>
        <line num="228" count="0" type="stmt"/>
        <line num="229" count="0" type="stmt"/>
        <line num="231" count="0" type="stmt"/>
        <line num="232" count="0" type="stmt"/>
        <line num="233" count="0" type="cond" truecount="0" falsecount="2"/>
        <line num="234" count="0" type="cond" truecount="0" falsecount="6"/>
        <line num="235" count="0" type="stmt"/>
        <line num="236" count="0" type="stmt"/>
        <line num="237" count="0" type="stmt"/>
        <line num="238" count="0" type="stmt"/>
        <line num="240" count="0" type="cond" truecount="0" falsecount="2"/>
        <line num="241" count="0" type="cond" truecount="0" falsecount="2"/>
        <line num="242" count="0" type="stmt"/>
        <line num="243" count="0" type="stmt"/>
        <line num="246" count="0" type="stmt"/>
        <line num="247" count="0" type="stmt"/>
        <line num="248" count="0" type="stmt"/>
        <line num="250" count="0" type="cond" truecount="0" falsecount="4"/>
        <line num="251" count="0" type="stmt"/>
        <line num="252" count="0" type="cond" truecount="0" falsecount="2"/>
        <line num="253" count="0" type="cond" truecount="0" falsecount="2"/>
        <line num="254" count="0" type="stmt"/>
        <line num="255" count="0" type="stmt"/>
        <line num="256" count="0" type="stmt"/>
        <line num="257" count="0" type="stmt"/>
        <line num="260" count="0" type="stmt"/>
        <line num="261" count="0" type="stmt"/>
        <line num="262" count="0" type="cond" truecount="0" falsecount="2"/>
        <line num="263" count="0" type="stmt"/>
        <line num="264" count="0" type="stmt"/>
        <line num="265" count="0" type="stmt"/>
        <line num="266" count="0" type="stmt"/>
        <line num="268" count="0" type="stmt"/>
        <line num="269" count="0" type="stmt"/>
        <line num="270" count="0" type="stmt"/>
        <line num="271" count="0" type="stmt"/>
        <line num="272" count="0" type="stmt"/>
        <line num="274" count="0" type="stmt"/>
        <line num="275" count="0" type="stmt"/>
        <line num="276" count="0" type="stmt"/>
        <line num="277" count="0" type="stmt"/>
        <line num="279" count="0" type="stmt"/>
        <line num="280" count="0" type="stmt"/>
        <line num="281" count="0" type="cond" truecount="0" falsecount="2"/>
        <line num="282" count="0" type="stmt"/>
        <line num="283" count="0" type="stmt"/>
        <line num="285" count="0" type="stmt"/>
        <line num="286" count="0" type="stmt"/>
        <line num="287" count="0" type="stmt"/>
        <line num="288" count="0" type="stmt"/>
        <line num="291" count="0" type="stmt"/>
        <line num="292" count="0" type="stmt"/>
        <line num="293" count="0" type="stmt"/>
        <line num="294" count="0" type="stmt"/>
        <line num="295" count="0" type="stmt"/>
        <line num="296" count="0" type="stmt"/>
        <line num="297" count="0" type="stmt"/>
        <line num="301" count="10" type="stmt"/>
        <line num="302" count="5" type="stmt"/>
        <line num="303" count="5" type="cond" truecount="1" falsecount="1"/>
        <line num="304" count="5" type="stmt"/>
        <line num="305" count="5" type="stmt"/>
        <line num="306" count="5" type="stmt"/>
        <line num="307" count="5" type="stmt"/>
        <line num="308" count="5" type="stmt"/>
        <line num="311" count="5" type="stmt"/>
        <line num="312" count="5" type="stmt"/>
        <line num="313" count="5" type="stmt"/>
        <line num="316" count="10" type="stmt"/>
      </file>
      <file name="CampaignOrchestrator.tsx" path="C:\Users\theod\Downloads\React Strike\react-strike\src\features\combat\CampaignOrchestrator.tsx">
        <metrics statements="37" coveredstatements="29" conditionals="8" coveredconditionals="4" methods="17" coveredmethods="13"/>
        <line num="28" count="1" type="stmt"/>
        <line num="30" count="4" type="stmt"/>
        <line num="35" count="1" type="stmt"/>
        <line num="37" count="2" type="stmt"/>
        <line num="42" count="1" type="stmt"/>
        <line num="44" count="3" type="stmt"/>
        <line num="46" count="2" type="stmt"/>
        <line num="47" count="0" type="stmt"/>
        <line num="54" count="1" type="stmt"/>
        <line num="55" count="2" type="stmt"/>
        <line num="56" count="2" type="cond" truecount="1" falsecount="1"/>
        <line num="58" count="2" type="stmt"/>
        <line num="59" count="1" type="stmt"/>
        <line num="60" count="1" type="cond" truecount="1" falsecount="1"/>
        <line num="61" count="0" type="stmt"/>
        <line num="63" count="1" type="stmt"/>
        <line num="67" count="2" type="stmt"/>
        <line num="68" count="0" type="stmt"/>
        <line num="69" count="0" type="cond" truecount="0" falsecount="2"/>
        <line num="70" count="0" type="stmt"/>
        <line num="72" count="0" type="stmt"/>
        <line num="76" count="2" type="stmt"/>
        <line num="79" count="1" type="stmt"/>
        <line num="89" count="1" type="stmt"/>
        <line num="91" count="2" type="stmt"/>
        <line num="96" count="1" type="stmt"/>
        <line num="98" count="1" type="stmt"/>
        <line num="100" count="0" type="stmt"/>
        <line num="107" count="1" type="stmt"/>
        <line num="109" count="0" type="stmt"/>
        <line num="117" count="1" type="stmt"/>
        <line num="126" count="1" type="stmt"/>
        <line num="127" count="12" type="stmt"/>
        <line num="128" count="12" type="stmt"/>
        <line num="130" count="12" type="stmt"/>
        <line num="136" count="12" type="stmt"/>
        <line num="138" count="12" type="stmt"/>
      </file>
      <file name="FormationGrid.tsx" path="C:\Users\theod\Downloads\React Strike\react-strike\src\features\combat\FormationGrid.tsx">
        <metrics statements="49" coveredstatements="28" conditionals="43" coveredconditionals="27" methods="16" coveredmethods="6"/>
        <line num="17" count="2" type="stmt"/>
        <line num="18" count="2" type="stmt"/>
        <line num="19" count="2" type="stmt"/>
        <line num="21" count="2" type="stmt"/>
        <line num="23" count="18" type="stmt"/>
        <line num="24" count="18" type="stmt"/>
        <line num="25" count="18" type="stmt"/>
        <line num="26" count="18" type="stmt"/>
        <line num="28" count="18" type="stmt"/>
        <line num="29" count="18" type="stmt"/>
        <line num="30" count="18" type="stmt"/>
        <line num="31" count="18" type="stmt"/>
        <line num="33" count="18" type="stmt"/>
        <line num="34" count="0" type="cond" truecount="0" falsecount="2"/>
        <line num="35" count="0" type="stmt"/>
        <line num="36" count="0" type="stmt"/>
        <line num="37" count="0" type="stmt"/>
        <line num="38" count="0" type="stmt"/>
        <line num="41" count="18" type="stmt"/>
        <line num="42" count="0" type="cond" truecount="0" falsecount="2"/>
        <line num="43" count="0" type="stmt"/>
        <line num="44" count="0" type="stmt"/>
        <line num="46" count="0" type="cond" truecount="0" falsecount="4"/>
        <line num="47" count="0" type="stmt"/>
        <line num="50" count="0" type="stmt"/>
        <line num="56" count="18" type="stmt"/>
        <line num="57" count="0" type="stmt"/>
        <line num="60" count="18" type="stmt"/>
        <line num="61" count="0" type="cond" truecount="0" falsecount="2"/>
        <line num="62" count="0" type="stmt"/>
        <line num="65" count="18" type="stmt"/>
        <line num="66" count="0" type="stmt"/>
        <line num="67" count="0" type="stmt"/>
        <line num="70" count="18" type="stmt"/>
        <line num="71" count="0" type="stmt"/>
        <line num="72" count="0" type="stmt"/>
        <line num="75" count="18" type="stmt"/>
        <line num="76" count="0" type="stmt"/>
        <line num="77" count="0" type="stmt"/>
        <line num="78" count="0" type="stmt"/>
        <line num="81" count="18" type="stmt"/>
        <line num="82" count="5" type="cond" truecount="1" falsecount="1"/>
        <line num="83" count="5" type="stmt"/>
        <line num="87" count="18" type="stmt"/>
        <line num="157" count="144" type="stmt"/>
        <line num="158" count="720" type="cond" truecount="2" falsecount="0"/>
        <line num="159" count="720" type="cond" truecount="2" falsecount="0"/>
        <line num="161" count="720" type="stmt"/>
        <line num="164" count="5" type="stmt"/>
      </file>
      <file name="PreBattleSetup.tsx" path="C:\Users\theod\Downloads\React Strike\react-strike\src\features\combat\PreBattleSetup.tsx">
        <metrics statements="98" coveredstatements="64" conditionals="110" coveredconditionals="68" methods="26" coveredmethods="18"/>
        <line num="19" count="2" type="stmt"/>
        <line num="20" count="6" type="cond" truecount="3" falsecount="0"/>
        <line num="23" count="2" type="stmt"/>
        <line num="29" count="18" type="stmt"/>
        <line num="30" count="18" type="stmt"/>
        <line num="32" count="30" type="cond" truecount="2" falsecount="0"/>
        <line num="33" count="18" type="cond" truecount="1" falsecount="1"/>
        <line num="36" count="18" type="cond" truecount="1" falsecount="1"/>
        <line num="37" count="18" type="cond" truecount="1" falsecount="1"/>
        <line num="40" count="234" type="stmt"/>
        <line num="45" count="239" type="stmt"/>
        <line num="46" count="239" type="stmt"/>
        <line num="50" count="18" type="cond" truecount="1" falsecount="1"/>
        <line num="51" count="36" type="stmt"/>
        <line num="61" count="18" type="stmt"/>
        <line num="62" count="18" type="stmt"/>
        <line num="63" count="233" type="stmt"/>
        <line num="65" count="17" type="cond" truecount="1" falsecount="1"/>
        <line num="66" count="17" type="stmt"/>
        <line num="68" count="17" type="stmt"/>
        <line num="71" count="18" type="stmt"/>
        <line num="73" count="0" type="stmt"/>
        <line num="74" count="0" type="stmt"/>
        <line num="75" count="0" type="cond" truecount="0" falsecount="2"/>
        <line num="76" count="0" type="stmt"/>
        <line num="78" count="0" type="stmt"/>
        <line num="80" count="0" type="stmt"/>
        <line num="83" count="18" type="stmt"/>
        <line num="84" count="18" type="cond" truecount="2" falsecount="0"/>
        <line num="85" count="18" type="cond" truecount="2" falsecount="0"/>
        <line num="87" count="129" type="stmt"/>
        <line num="88" count="18" type="stmt"/>
        <line num="90" count="18" type="stmt"/>
        <line num="91" count="5" type="cond" truecount="2" falsecount="0"/>
        <line num="93" count="5" type="cond" truecount="2" falsecount="0"/>
        <line num="94" count="1" type="cond" truecount="4" falsecount="1"/>
        <line num="98" count="1" type="cond" truecount="1" falsecount="1"/>
        <line num="99" count="0" type="stmt"/>
        <line num="100" count="0" type="cond" truecount="0" falsecount="2"/>
        <line num="101" count="0" type="stmt"/>
        <line num="103" count="1" type="cond" truecount="1" falsecount="1"/>
        <line num="104" count="1" type="cond" truecount="3" falsecount="1"/>
        <line num="105" count="1" type="stmt"/>
        <line num="106" count="2" type="stmt"/>
        <line num="107" count="1" type="cond" truecount="1" falsecount="1"/>
        <line num="108" count="1" type="stmt"/>
        <line num="109" count="1" type="stmt"/>
        <line num="112" count="0" type="stmt"/>
        <line num="113" count="0" type="stmt"/>
        <line num="114" count="0" type="stmt"/>
        <line num="115" count="0" type="cond" truecount="0" falsecount="2"/>
        <line num="116" count="0" type="cond" truecount="0" falsecount="2"/>
        <line num="117" count="0" type="cond" truecount="0" falsecount="2"/>
        <line num="119" count="0" type="stmt"/>
        <line num="123" count="0" type="stmt"/>
        <line num="124" count="0" type="stmt"/>
        <line num="126" count="4" type="cond" truecount="1" falsecount="1"/>
        <line num="127" count="4" type="cond" truecount="4" falsecount="0"/>
        <line num="128" count="3" type="stmt"/>
        <line num="129" count="3" type="cond" truecount="1" falsecount="1"/>
        <line num="130" count="3" type="stmt"/>
        <line num="131" count="3" type="stmt"/>
        <line num="134" count="1" type="stmt"/>
        <line num="135" count="1" type="stmt"/>
        <line num="136" count="1" type="cond" truecount="1" falsecount="1"/>
        <line num="137" count="13" type="cond" truecount="2" falsecount="0"/>
        <line num="138" count="1" type="cond" truecount="2" falsecount="0"/>
        <line num="140" count="0" type="stmt"/>
        <line num="146" count="18" type="stmt"/>
        <line num="147" count="5" type="cond" truecount="2" falsecount="0"/>
        <line num="148" count="4" type="stmt"/>
        <line num="149" count="4" type="cond" truecount="1" falsecount="1"/>
        <line num="151" count="1" type="cond" truecount="1" falsecount="1"/>
        <line num="152" count="1" type="stmt"/>
        <line num="153" count="1" type="cond" truecount="2" falsecount="2"/>
        <line num="154" count="0" type="stmt"/>
        <line num="156" count="1" type="stmt"/>
        <line num="161" count="18" type="stmt"/>
        <line num="162" count="0" type="stmt"/>
        <line num="163" count="0" type="stmt"/>
        <line num="165" count="0" type="stmt"/>
        <line num="169" count="18" type="stmt"/>
        <line num="170" count="1" type="cond" truecount="1" falsecount="1"/>
        <line num="172" count="1" type="cond" truecount="1" falsecount="1"/>
        <line num="174" count="0" type="cond" truecount="0" falsecount="2"/>
        <line num="183" count="0" type="stmt"/>
        <line num="184" count="0" type="stmt"/>
        <line num="185" count="0" type="stmt"/>
        <line num="186" count="0" type="stmt"/>
        <line num="191" count="0" type="stmt"/>
        <line num="193" count="0" type="stmt"/>
        <line num="194" count="0" type="stmt"/>
        <line num="195" count="0" type="stmt"/>
        <line num="199" count="1" type="stmt"/>
        <line num="202" count="18" type="cond" truecount="2" falsecount="0"/>
        <line num="206" count="18" type="stmt"/>
        <line num="237" count="0" type="stmt"/>
        <line num="246" count="0" type="stmt"/>
      </file>
      <file name="SandboxCanvas.tsx" path="C:\Users\theod\Downloads\React Strike\react-strike\src\features\combat\SandboxCanvas.tsx">
        <metrics statements="3" coveredstatements="3" conditionals="0" coveredconditionals="0" methods="1" coveredmethods="1"/>
        <line num="13" count="1" type="stmt"/>
        <line num="17" count="1" type="stmt"/>
        <line num="19" count="1" type="stmt"/>
      </file>
      <file name="SandboxOrchestrator.tsx" path="C:\Users\theod\Downloads\React Strike\react-strike\src\features\combat\SandboxOrchestrator.tsx">
        <metrics statements="6" coveredstatements="4" conditionals="4" coveredconditionals="4" methods="4" coveredmethods="2"/>
        <line num="10" count="1" type="stmt"/>
        <line num="11" count="2" type="stmt"/>
        <line num="13" count="2" type="stmt"/>
        <line num="18" count="1" type="stmt"/>
        <line num="19" count="0" type="stmt"/>
        <line num="26" count="0" type="stmt"/>
      </file>
      <file name="UnitRosterList.tsx" path="C:\Users\theod\Downloads\React Strike\react-strike\src\features\combat\UnitRosterList.tsx">
        <metrics statements="5" coveredstatements="5" conditionals="32" coveredconditionals="27" methods="3" coveredmethods="3"/>
        <line num="29" count="2" type="stmt"/>
        <line num="41" count="18" type="stmt"/>
        <line num="91" count="53" type="cond" truecount="2" falsecount="0"/>
        <line num="94" count="53" type="stmt"/>
        <line num="97" count="5" type="stmt"/>
      </file>
    </package>
    <package name="features.logistics">
      <metrics statements="223" coveredstatements="139" conditionals="314" coveredconditionals="208" methods="100" coveredmethods="50"/>
      <file name="BattleSelectMenu.tsx" path="C:\Users\theod\Downloads\React Strike\react-strike\src\features\logistics\BattleSelectMenu.tsx">
        <metrics statements="19" coveredstatements="15" conditionals="35" coveredconditionals="21" methods="11" coveredmethods="7"/>
        <line num="10" count="1" type="stmt"/>
        <line num="11" count="3" type="stmt"/>
        <line num="12" count="12" type="cond" truecount="2" falsecount="0"/>
        <line num="13" count="3" type="stmt"/>
        <line num="14" count="3" type="stmt"/>
        <line num="16" count="3" type="stmt"/>
        <line num="17" count="3" type="cond" truecount="4" falsecount="0"/>
        <line num="18" count="1" type="stmt"/>
        <line num="22" count="9" type="cond" truecount="2" falsecount="0"/>
        <line num="23" count="3" type="stmt"/>
        <line num="25" count="3" type="stmt"/>
        <line num="50" count="0" type="stmt"/>
        <line num="71" count="0" type="stmt"/>
        <line num="81" count="0" type="stmt"/>
        <line num="122" count="3" type="cond" truecount="2" falsecount="0"/>
        <line num="123" count="3" type="stmt"/>
        <line num="124" count="3" type="stmt"/>
        <line num="127" count="1" type="stmt"/>
        <line num="164" count="0" type="stmt"/>
      </file>
      <file name="EmpireEmporiumPanel.tsx" path="C:\Users\theod\Downloads\React Strike\react-strike\src\features\logistics\EmpireEmporiumPanel.tsx">
        <metrics statements="23" coveredstatements="13" conditionals="34" coveredconditionals="19" methods="8" coveredmethods="5"/>
        <line num="13" count="2" type="stmt"/>
        <line num="20" count="2" type="stmt"/>
        <line num="22" count="18" type="stmt"/>
        <line num="24" count="2" type="stmt"/>
        <line num="25" count="6" type="cond" truecount="3" falsecount="7"/>
        <line num="26" count="2" type="stmt"/>
        <line num="27" count="2" type="stmt"/>
        <line num="28" count="2" type="stmt"/>
        <line num="29" count="0" type="stmt"/>
        <line num="30" count="0" type="stmt"/>
        <line num="31" count="0" type="stmt"/>
        <line num="32" count="0" type="stmt"/>
        <line num="33" count="0" type="stmt"/>
        <line num="34" count="0" type="stmt"/>
        <line num="35" count="0" type="stmt"/>
        <line num="39" count="2" type="stmt"/>
        <line num="54" count="0" type="stmt"/>
        <line num="65" count="0" type="stmt"/>
        <line num="76" count="0" type="stmt"/>
        <line num="90" count="6" type="cond" truecount="2" falsecount="0"/>
        <line num="92" count="6" type="cond" truecount="2" falsecount="0"/>
        <line num="94" count="6" type="stmt"/>
        <line num="143" count="1" type="stmt"/>
      </file>
      <file name="EmpireManagement.tsx" path="C:\Users\theod\Downloads\React Strike\react-strike\src\features\logistics\EmpireManagement.tsx">
        <metrics statements="16" coveredstatements="12" conditionals="22" coveredconditionals="18" methods="8" coveredmethods="4"/>
        <line num="14" count="2" type="stmt"/>
        <line num="30" count="20" type="stmt"/>
        <line num="32" count="20" type="cond" truecount="1" falsecount="1"/>
        <line num="33" count="20" type="stmt"/>
        <line num="35" count="20" type="cond" truecount="1" falsecount="1"/>
        <line num="37" count="20" type="stmt"/>
        <line num="38" count="0" type="stmt"/>
        <line num="42" count="20" type="stmt"/>
        <line num="43" count="1" type="cond" truecount="1" falsecount="1"/>
        <line num="44" count="1" type="stmt"/>
        <line num="46" count="1" type="stmt"/>
        <line num="49" count="20" type="stmt"/>
        <line num="58" count="0" type="stmt"/>
        <line num="69" count="0" type="stmt"/>
        <line num="80" count="1" type="stmt"/>
        <line num="150" count="0" type="stmt"/>
      </file>
      <file name="EmpireOverviewPanel.tsx" path="C:\Users\theod\Downloads\React Strike\react-strike\src\features\logistics\EmpireOverviewPanel.tsx">
        <metrics statements="12" coveredstatements="1" conditionals="4" coveredconditionals="0" methods="3" coveredmethods="0"/>
        <line num="25" count="3" type="stmt"/>
        <line num="34" count="0" type="stmt"/>
        <line num="35" count="0" type="stmt"/>
        <line num="36" count="0" type="stmt"/>
        <line num="38" count="0" type="stmt"/>
        <line num="39" count="0" type="stmt"/>
        <line num="41" count="0" type="stmt"/>
        <line num="42" count="0" type="stmt"/>
        <line num="44" count="0" type="stmt"/>
        <line num="46" count="0" type="stmt"/>
        <line num="48" count="0" type="stmt"/>
        <line num="138" count="0" type="stmt"/>
      </file>
      <file name="RingMapView.tsx" path="C:\Users\theod\Downloads\React Strike\react-strike\src\features\logistics\RingMapView.tsx">
        <metrics statements="56" coveredstatements="29" conditionals="85" coveredconditionals="65" methods="16" coveredmethods="4"/>
        <line num="13" count="3" type="stmt"/>
        <line num="20" count="18" type="stmt"/>
        <line num="21" count="18" type="stmt"/>
        <line num="22" count="18" type="stmt"/>
        <line num="23" count="18" type="stmt"/>
        <line num="25" count="18" type="stmt"/>
        <line num="26" count="18" type="stmt"/>
        <line num="27" count="18" type="stmt"/>
        <line num="28" count="18" type="stmt"/>
        <line num="30" count="18" type="stmt"/>
        <line num="31" count="72" type="stmt"/>
        <line num="37" count="18" type="stmt"/>
        <line num="38" count="0" type="cond" truecount="0" falsecount="2"/>
        <line num="39" count="0" type="stmt"/>
        <line num="40" count="0" type="stmt"/>
        <line num="41" count="0" type="stmt"/>
        <line num="42" count="0" type="stmt"/>
        <line num="45" count="18" type="stmt"/>
        <line num="46" count="0" type="cond" truecount="0" falsecount="2"/>
        <line num="47" count="0" type="stmt"/>
        <line num="48" count="0" type="stmt"/>
        <line num="50" count="0" type="cond" truecount="0" falsecount="4"/>
        <line num="51" count="0" type="stmt"/>
        <line num="54" count="0" type="stmt"/>
        <line num="55" count="0" type="stmt"/>
        <line num="57" count="0" type="stmt"/>
        <line num="63" count="18" type="stmt"/>
        <line num="64" count="0" type="stmt"/>
        <line num="68" count="18" type="stmt"/>
        <line num="69" count="0" type="cond" truecount="0" falsecount="2"/>
        <line num="70" count="0" type="stmt"/>
        <line num="73" count="18" type="stmt"/>
        <line num="74" count="0" type="stmt"/>
        <line num="75" count="0" type="stmt"/>
        <line num="78" count="18" type="stmt"/>
        <line num="79" count="0" type="stmt"/>
        <line num="80" count="0" type="stmt"/>
        <line num="83" count="18" type="stmt"/>
        <line num="84" count="0" type="stmt"/>
        <line num="85" count="0" type="stmt"/>
        <line num="86" count="0" type="stmt"/>
        <line num="89" count="18" type="stmt"/>
        <line num="90" count="0" type="stmt"/>
        <line num="91" count="0" type="cond" truecount="0" falsecount="2"/>
        <line num="92" count="0" type="stmt"/>
        <line num="96" count="18" type="stmt"/>
        <line num="172" count="72" type="cond" truecount="2" falsecount="0"/>
        <line num="173" count="54" type="stmt"/>
        <line num="201" count="72" type="stmt"/>
        <line num="202" count="72" type="stmt"/>
        <line num="203" count="72" type="stmt"/>
        <line num="204" count="72" type="stmt"/>
        <line num="205" count="72" type="cond" truecount="2" falsecount="0"/>
        <line num="207" count="72" type="cond" truecount="2" falsecount="0"/>
        <line num="215" count="72" type="stmt"/>
        <line num="219" count="0" type="cond" truecount="0" falsecount="2"/>
      </file>
      <file name="RoundSummaryScreen.tsx" path="C:\Users\theod\Downloads\React Strike\react-strike\src\features\logistics\RoundSummaryScreen.tsx">
        <metrics statements="11" coveredstatements="11" conditionals="16" coveredconditionals="10" methods="7" coveredmethods="7"/>
        <line num="10" count="2" type="stmt"/>
        <line num="11" count="4" type="stmt"/>
        <line num="13" count="16" type="stmt"/>
        <line num="14" count="16" type="stmt"/>
        <line num="16" count="16" type="cond" truecount="2" falsecount="0"/>
        <line num="17" count="16" type="cond" truecount="1" falsecount="1"/>
        <line num="19" count="4" type="stmt"/>
        <line num="20" count="1" type="stmt"/>
        <line num="21" count="1" type="stmt"/>
        <line num="24" count="4" type="stmt"/>
        <line num="54" count="1" type="stmt"/>
      </file>
      <file name="TerritoryDetailPanel.tsx" path="C:\Users\theod\Downloads\React Strike\react-strike\src\features\logistics\TerritoryDetailPanel.tsx">
        <metrics statements="28" coveredstatements="19" conditionals="33" coveredconditionals="25" methods="14" coveredmethods="7"/>
        <line num="21" count="3" type="stmt"/>
        <line num="34" count="16" type="stmt"/>
        <line num="36" count="16" type="cond" truecount="1" falsecount="1"/>
        <line num="37" count="0" type="stmt"/>
        <line num="42" count="0" type="stmt"/>
        <line num="48" count="0" type="stmt"/>
        <line num="68" count="16" type="cond" truecount="1" falsecount="1"/>
        <line num="69" count="0" type="stmt"/>
        <line num="74" count="0" type="stmt"/>
        <line num="80" count="0" type="stmt"/>
        <line num="94" count="16" type="stmt"/>
        <line num="95" count="16" type="stmt"/>
        <line num="97" count="16" type="stmt"/>
        <line num="102" count="0" type="stmt"/>
        <line num="108" count="0" type="stmt"/>
        <line num="158" count="0" type="stmt"/>
        <line num="171" count="48" type="cond" truecount="2" falsecount="0"/>
        <line num="172" count="48" type="stmt"/>
        <line num="173" count="48" type="stmt"/>
        <line num="176" count="16" type="stmt"/>
        <line num="202" count="32" type="stmt"/>
        <line num="203" count="32" type="stmt"/>
        <line num="204" count="32" type="stmt"/>
        <line num="205" count="32" type="stmt"/>
        <line num="207" count="32" type="stmt"/>
        <line num="238" count="1" type="stmt"/>
        <line num="263" count="1" type="stmt"/>
        <line num="270" count="1" type="stmt"/>
      </file>
      <file name="TerritoryDrawer.tsx" path="C:\Users\theod\Downloads\React Strike\react-strike\src\features\logistics\TerritoryDrawer.tsx">
        <metrics statements="18" coveredstatements="14" conditionals="29" coveredconditionals="20" methods="8" coveredmethods="4"/>
        <line num="14" count="1" type="stmt"/>
        <line num="22" count="1" type="cond" truecount="1" falsecount="1"/>
        <line num="24" count="1" type="stmt"/>
        <line num="25" count="1" type="stmt"/>
        <line num="27" count="1" type="stmt"/>
        <line num="72" count="0" type="stmt"/>
        <line num="85" count="3" type="cond" truecount="2" falsecount="0"/>
        <line num="86" count="3" type="stmt"/>
        <line num="87" count="3" type="stmt"/>
        <line num="90" count="1" type="stmt"/>
        <line num="115" count="2" type="stmt"/>
        <line num="116" count="2" type="stmt"/>
        <line num="117" count="2" type="stmt"/>
        <line num="118" count="2" type="stmt"/>
        <line num="120" count="2" type="stmt"/>
        <line num="151" count="0" type="stmt"/>
        <line num="175" count="0" type="stmt"/>
        <line num="182" count="0" type="stmt"/>
      </file>
      <file name="UnitLogisticsPanel.tsx" path="C:\Users\theod\Downloads\React Strike\react-strike\src\features\logistics\UnitLogisticsPanel.tsx">
        <metrics statements="40" coveredstatements="25" conditionals="56" coveredconditionals="30" methods="25" coveredmethods="12"/>
        <line num="21" count="6" type="stmt"/>
        <line num="23" count="2" type="stmt"/>
        <line num="34" count="12" type="stmt"/>
        <line num="35" count="3" type="cond" truecount="1" falsecount="2"/>
        <line num="36" count="3" type="stmt"/>
        <line num="39" count="3" type="stmt"/>
        <line num="42" count="3" type="cond" truecount="1" falsecount="1"/>
        <line num="43" count="3" type="stmt"/>
        <line num="45" count="3" type="stmt"/>
        <line num="46" count="0" type="cond" truecount="0" falsecount="4"/>
        <line num="47" count="0" type="stmt"/>
        <line num="48" count="0" type="stmt"/>
        <line num="51" count="3" type="stmt"/>
        <line num="52" count="0" type="cond" truecount="0" falsecount="4"/>
        <line num="53" count="0" type="stmt"/>
        <line num="54" count="0" type="stmt"/>
        <line num="57" count="3" type="stmt"/>
        <line num="58" count="0" type="cond" truecount="0" falsecount="4"/>
        <line num="59" count="0" type="stmt"/>
        <line num="62" count="3" type="stmt"/>
        <line num="63" count="0" type="cond" truecount="0" falsecount="4"/>
        <line num="64" count="0" type="stmt"/>
        <line num="67" count="3" type="stmt"/>
        <line num="102" count="6" type="cond" truecount="1" falsecount="1"/>
        <line num="103" count="6" type="stmt"/>
        <line num="105" count="6" type="stmt"/>
        <line num="137" count="1" type="cond" truecount="2" falsecount="0"/>
        <line num="150" count="0" type="stmt"/>
        <line num="162" count="0" type="stmt"/>
        <line num="179" count="15" type="stmt"/>
        <line num="181" count="3" type="stmt"/>
        <line num="182" count="3" type="stmt"/>
        <line num="183" count="3" type="stmt"/>
        <line num="210" count="0" type="stmt"/>
        <line num="248" count="12" type="stmt"/>
        <line num="249" count="12" type="stmt"/>
        <line num="252" count="0" type="stmt"/>
        <line num="278" count="4" type="stmt"/>
        <line num="309" count="1" type="stmt"/>
        <line num="317" count="0" type="stmt"/>
      </file>
    </package>
    <package name="features.visual_novel">
      <metrics statements="10" coveredstatements="10" conditionals="5" coveredconditionals="4" methods="3" coveredmethods="3"/>
      <file name="StoryScene.tsx" path="C:\Users\theod\Downloads\React Strike\react-strike\src\features\visual_novel\StoryScene.tsx">
        <metrics statements="10" coveredstatements="10" conditionals="5" coveredconditionals="4" methods="3" coveredmethods="3"/>
        <line num="10" count="1" type="stmt"/>
        <line num="20" count="1" type="cond" truecount="1" falsecount="0"/>
        <line num="21" count="5" type="stmt"/>
        <line num="23" count="5" type="stmt"/>
        <line num="25" count="5" type="stmt"/>
        <line num="26" count="3" type="cond" truecount="2" falsecount="0"/>
        <line num="27" count="2" type="stmt"/>
        <line num="29" count="1" type="cond" truecount="1" falsecount="1"/>
        <line num="30" count="1" type="stmt"/>
        <line num="35" count="5" type="stmt"/>
      </file>
    </package>
    <package name="hooks">
      <metrics statements="18" coveredstatements="18" conditionals="0" coveredconditionals="0" methods="8" coveredmethods="8"/>
      <file name="useGameEngine.ts" path="C:\Users\theod\Downloads\React Strike\react-strike\src\hooks\useGameEngine.ts">
        <metrics statements="8" coveredstatements="8" conditionals="0" coveredconditionals="0" methods="3" coveredmethods="3"/>
        <line num="4" count="3" type="stmt"/>
        <line num="5" count="20" type="stmt"/>
        <line num="7" count="20" type="stmt"/>
        <line num="8" count="10" type="stmt"/>
        <line num="9" count="10" type="stmt"/>
        <line num="11" count="10" type="stmt"/>
        <line num="12" count="10" type="stmt"/>
        <line num="16" count="20" type="stmt"/>
      </file>
      <file name="useGameEvent.ts" path="C:\Users\theod\Downloads\React Strike\react-strike\src\hooks\useGameEvent.ts">
        <metrics statements="10" coveredstatements="10" conditionals="0" coveredconditionals="0" methods="5" coveredmethods="5"/>
        <line num="5" count="3" type="stmt"/>
        <line num="9" count="40" type="stmt"/>
        <line num="11" count="40" type="stmt"/>
        <line num="12" count="40" type="stmt"/>
        <line num="15" count="40" type="stmt"/>
        <line num="16" count="20" type="stmt"/>
        <line num="17" count="20" type="stmt"/>
        <line num="18" count="20" type="stmt"/>
        <line num="20" count="20" type="stmt"/>
        <line num="21" count="20" type="stmt"/>
      </file>
    </package>
    <package name="pages">
      <metrics statements="24" coveredstatements="9" conditionals="12" coveredconditionals="1" methods="11" coveredmethods="5"/>
      <file name="MainMenu.tsx" path="C:\Users\theod\Downloads\React Strike\react-strike\src\pages\MainMenu.tsx">
        <metrics statements="19" coveredstatements="5" conditionals="12" coveredconditionals="1" methods="7" coveredmethods="2"/>
        <line num="20" count="1" type="stmt"/>
        <line num="21" count="1" type="stmt"/>
        <line num="23" count="1" type="stmt"/>
        <line num="25" count="0" type="cond" truecount="0" falsecount="4"/>
        <line num="26" count="0" type="cond" truecount="0" falsecount="2"/>
        <line num="27" count="0" type="stmt"/>
        <line num="28" count="0" type="cond" truecount="0" falsecount="2"/>
        <line num="29" count="0" type="stmt"/>
        <line num="33" count="0" type="stmt"/>
        <line num="34" count="0" type="stmt"/>
        <line num="36" count="0" type="stmt"/>
        <line num="37" count="0" type="cond" truecount="0" falsecount="2"/>
        <line num="38" count="0" type="stmt"/>
        <line num="39" count="0" type="stmt"/>
        <line num="43" count="0" type="stmt"/>
        <line num="44" count="0" type="stmt"/>
        <line num="49" count="1" type="stmt"/>
        <line num="66" count="1" type="stmt"/>
        <line num="74" count="0" type="stmt"/>
      </file>
      <file name="ModeSelectMenu.tsx" path="C:\Users\theod\Downloads\React Strike\react-strike\src\pages\ModeSelectMenu.tsx">
        <metrics statements="5" coveredstatements="4" conditionals="0" coveredconditionals="0" methods="4" coveredmethods="3"/>
        <line num="9" count="1" type="stmt"/>
        <line num="10" count="2" type="stmt"/>
        <line num="22" count="0" type="stmt"/>
        <line num="33" count="1" type="stmt"/>
        <line num="49" count="1" type="stmt"/>
      </file>
    </package>
    <package name="types">
      <metrics statements="1" coveredstatements="1" conditionals="0" coveredconditionals="0" methods="0" coveredmethods="0"/>
      <file name="combat.ts" path="C:\Users\theod\Downloads\React Strike\react-strike\src\types\combat.ts">
        <metrics statements="1" coveredstatements="1" conditionals="0" coveredconditionals="0" methods="0" coveredmethods="0"/>
        <line num="116" count="9" type="stmt"/>
      </file>
    </package>
  </project>
</coverage>
