{"C:\\Users\\theod\\Downloads\\React Strike\\react-strike\\src\\components\\ErrorBoundary.tsx": {"path":"C:\\Users\\theod\\Downloads\\React Strike\\react-strike\\src\\components\\ErrorBoundary.tsx","statementMap":{"0":{"start":{"line":16,"column":24},"end":{"line":18,"column":null}},"1":{"start":{"line":21,"column":4},"end":{"line":21,"column":null}},"2":{"start":{"line":25,"column":4},"end":{"line":25,"column":null}},"3":{"start":{"line":29,"column":4},"end":{"line":48,"column":null}},"4":{"start":{"line":30,"column":6},"end":{"line":32,"column":null}},"5":{"start":{"line":31,"column":8},"end":{"line":31,"column":null}},"6":{"start":{"line":33,"column":6},"end":{"line":46,"column":null}},"7":{"start":{"line":42,"column":27},"end":{"line":42,"column":null}},"8":{"start":{"line":50,"column":4},"end":{"line":50,"column":null}}},"fnMap":{"0":{"name":"getDerivedStateFromError","decl":{"start":{"line":20,"column":16},"end":{"line":20,"column":41}},"loc":{"start":{"line":20,"column":62},"end":{"line":22,"column":null}},"line":20},"1":{"name":"componentDidCatch","decl":{"start":{"line":24,"column":2},"end":{"line":24,"column":9}},"loc":{"start":{"line":24,"column":63},"end":{"line":26,"column":null}},"line":24},"2":{"name":"render","decl":{"start":{"line":28,"column":2},"end":{"line":28,"column":9}},"loc":{"start":{"line":28,"column":18},"end":{"line":51,"column":null}},"line":28},"3":{"name":"(anonymous_3)","decl":{"start":{"line":42,"column":12},"end":{"line":42,"column":27}},"loc":{"start":{"line":42,"column":27},"end":{"line":42,"column":null}},"line":42}},"branchMap":{"0":{"loc":{"start":{"line":29,"column":4},"end":{"line":48,"column":null}},"type":"if","locations":[{"start":{"line":29,"column":4},"end":{"line":48,"column":null}},{"start":{},"end":{}}],"line":29},"1":{"loc":{"start":{"line":30,"column":6},"end":{"line":32,"column":null}},"type":"if","locations":[{"start":{"line":30,"column":6},"end":{"line":32,"column":null}},{"start":{},"end":{}}],"line":30},"2":{"loc":{"start":{"line":38,"column":13},"end":{"line":38,"column":null}},"type":"binary-expr","locations":[{"start":{"line":38,"column":13},"end":{"line":38,"column":42}},{"start":{"line":38,"column":42},"end":{"line":38,"column":null}}],"line":38}},"s":{"0":16,"1":0,"2":0,"3":47,"4":0,"5":0,"6":0,"7":0,"8":47},"f":{"0":6,"1":0,"2":47,"3":0},"b":{"0":[0,47],"1":[0,0],"2":[0,0]},"meta":{"lastBranch":3,"lastFunction":4,"lastStatement":9,"seen":{"s:16:24:18:Infinity":0,"f:20:16:20:41":0,"s:21:4:21:Infinity":1,"f:24:2:24:9":1,"s:25:4:25:Infinity":2,"f:28:2:28:9":2,"b:29:4:48:Infinity:undefined:undefined:undefined:undefined":0,"s:29:4:48:Infinity":3,"b:30:6:32:Infinity:undefined:undefined:undefined:undefined":1,"s:30:6:32:Infinity":4,"s:31:8:31:Infinity":5,"s:33:6:46:Infinity":6,"b:38:13:38:42:38:42:38:Infinity":2,"f:42:12:42:27":3,"s:42:27:42:Infinity":7,"s:50:4:50:Infinity":8},"fnNames":{}}}
,"C:\\Users\\theod\\Downloads\\React Strike\\react-strike\\src\\context\\CampaignContext.tsx": {"path":"C:\\Users\\theod\\Downloads\\React Strike\\react-strike\\src\\context\\CampaignContext.tsx","statementMap":{"0":{"start":{"line":51,"column":24},"end":{"line":51,"column":null}},"1":{"start":{"line":53,"column":13},"end":{"line":401,"column":null}},"2":{"start":{"line":54,"column":40},"end":{"line":54,"column":null}},"3":{"start":{"line":55,"column":50},"end":{"line":55,"column":null}},"4":{"start":{"line":56,"column":34},"end":{"line":56,"column":null}},"5":{"start":{"line":59,"column":38},"end":{"line":63,"column":null}},"6":{"start":{"line":60,"column":44},"end":{"line":60,"column":91}},"7":{"start":{"line":61,"column":44},"end":{"line":61,"column":91}},"8":{"start":{"line":65,"column":46},"end":{"line":65,"column":null}},"9":{"start":{"line":66,"column":50},"end":{"line":66,"column":null}},"10":{"start":{"line":67,"column":26},"end":{"line":67,"column":null}},"11":{"start":{"line":68,"column":28},"end":{"line":68,"column":null}},"12":{"start":{"line":69,"column":36},"end":{"line":69,"column":null}},"13":{"start":{"line":70,"column":44},"end":{"line":70,"column":null}},"14":{"start":{"line":71,"column":50},"end":{"line":71,"column":null}},"15":{"start":{"line":73,"column":8},"end":{"line":85,"column":null}},"16":{"start":{"line":74,"column":4},"end":{"line":84,"column":null}},"17":{"start":{"line":75,"column":25},"end":{"line":75,"column":null}},"18":{"start":{"line":75,"column":42},"end":{"line":75,"column":55}},"19":{"start":{"line":76,"column":6},"end":{"line":76,"column":null}},"20":{"start":{"line":76,"column":35},"end":{"line":76,"column":null}},"21":{"start":{"line":78,"column":22},"end":{"line":78,"column":null}},"22":{"start":{"line":78,"column":54},"end":{"line":78,"column":65}},"23":{"start":{"line":80,"column":6},"end":{"line":83,"column":null}},"24":{"start":{"line":80,"column":28},"end":{"line":83,"column":8}},"25":{"start":{"line":87,"column":8},"end":{"line":95,"column":null}},"26":{"start":{"line":88,"column":22},"end":{"line":88,"column":null}},"27":{"start":{"line":88,"column":44},"end":{"line":88,"column":55}},"28":{"start":{"line":89,"column":4},"end":{"line":94,"column":null}},"29":{"start":{"line":90,"column":6},"end":{"line":90,"column":null}},"30":{"start":{"line":90,"column":19},"end":{"line":90,"column":29}},"31":{"start":{"line":91,"column":6},"end":{"line":93,"column":null}},"32":{"start":{"line":92,"column":8},"end":{"line":92,"column":null}},"33":{"start":{"line":92,"column":23},"end":{"line":92,"column":92}},"34":{"start":{"line":97,"column":8},"end":{"line":112,"column":null}},"35":{"start":{"line":98,"column":17},"end":{"line":98,"column":null}},"36":{"start":{"line":98,"column":42},"end":{"line":98,"column":57}},"37":{"start":{"line":99,"column":4},"end":{"line":99,"column":null}},"38":{"start":{"line":99,"column":15},"end":{"line":99,"column":null}},"39":{"start":{"line":102,"column":4},"end":{"line":102,"column":null}},"40":{"start":{"line":102,"column":30},"end":{"line":102,"column":63}},"41":{"start":{"line":102,"column":47},"end":{"line":102,"column":62}},"42":{"start":{"line":103,"column":4},"end":{"line":111,"column":null}},"43":{"start":{"line":103,"column":27},"end":{"line":111,"column":6}},"44":{"start":{"line":104,"column":6},"end":{"line":109,"column":null}},"45":{"start":{"line":105,"column":8},"end":{"line":108,"column":null}},"46":{"start":{"line":110,"column":6},"end":{"line":110,"column":null}},"47":{"start":{"line":114,"column":8},"end":{"line":131,"column":null}},"48":{"start":{"line":115,"column":22},"end":{"line":115,"column":null}},"49":{"start":{"line":115,"column":44},"end":{"line":115,"column":64}},"50":{"start":{"line":116,"column":25},"end":{"line":116,"column":null}},"51":{"start":{"line":116,"column":65},"end":{"line":116,"column":80}},"52":{"start":{"line":118,"column":4},"end":{"line":118,"column":null}},"53":{"start":{"line":118,"column":161},"end":{"line":118,"column":null}},"54":{"start":{"line":120,"column":4},"end":{"line":128,"column":null}},"55":{"start":{"line":120,"column":27},"end":{"line":128,"column":6}},"56":{"start":{"line":121,"column":6},"end":{"line":126,"column":null}},"57":{"start":{"line":122,"column":8},"end":{"line":125,"column":null}},"58":{"start":{"line":124,"column":63},"end":{"line":124,"column":78}},"59":{"start":{"line":127,"column":6},"end":{"line":127,"column":null}},"60":{"start":{"line":130,"column":4},"end":{"line":130,"column":null}},"61":{"start":{"line":130,"column":30},"end":{"line":130,"column":85}},"62":{"start":{"line":134,"column":8},"end":{"line":193,"column":null}},"63":{"start":{"line":140,"column":4},"end":{"line":159,"column":null}},"64":{"start":{"line":141,"column":6},"end":{"line":157,"column":null}},"65":{"start":{"line":142,"column":27},"end":{"line":142,"column":null}},"66":{"start":{"line":142,"column":42},"end":{"line":142,"column":57}},"67":{"start":{"line":143,"column":8},"end":{"line":156,"column":null}},"68":{"start":{"line":144,"column":10},"end":{"line":146,"column":null}},"69":{"start":{"line":145,"column":12},"end":{"line":145,"column":null}},"70":{"start":{"line":145,"column":36},"end":{"line":145,"column":51}},"71":{"start":{"line":147,"column":10},"end":{"line":147,"column":null}},"72":{"start":{"line":147,"column":31},"end":{"line":147,"column":84}},"73":{"start":{"line":149,"column":29},"end":{"line":151,"column":null}},"74":{"start":{"line":151,"column":34},"end":{"line":151,"column":74}},"75":{"start":{"line":152,"column":10},"end":{"line":154,"column":null}},"76":{"start":{"line":153,"column":12},"end":{"line":153,"column":null}},"77":{"start":{"line":155,"column":10},"end":{"line":155,"column":null}},"78":{"start":{"line":158,"column":6},"end":{"line":158,"column":null}},"79":{"start":{"line":161,"column":4},"end":{"line":192,"column":null}},"80":{"start":{"line":161,"column":27},"end":{"line":192,"column":6}},"81":{"start":{"line":162,"column":6},"end":{"line":190,"column":null}},"82":{"start":{"line":163,"column":27},"end":{"line":163,"column":null}},"83":{"start":{"line":163,"column":58},"end":{"line":163,"column":73}},"84":{"start":{"line":165,"column":8},"end":{"line":185,"column":null}},"85":{"start":{"line":166,"column":10},"end":{"line":175,"column":null}},"86":{"start":{"line":167,"column":12},"end":{"line":167,"column":null}},"87":{"start":{"line":167,"column":64},"end":{"line":167,"column":79}},"88":{"start":{"line":169,"column":12},"end":{"line":174,"column":null}},"89":{"start":{"line":170,"column":14},"end":{"line":172,"column":null}},"90":{"start":{"line":171,"column":16},"end":{"line":171,"column":null}},"91":{"start":{"line":173,"column":14},"end":{"line":173,"column":null}},"92":{"start":{"line":177,"column":29},"end":{"line":179,"column":null}},"93":{"start":{"line":179,"column":34},"end":{"line":179,"column":74}},"94":{"start":{"line":180,"column":10},"end":{"line":184,"column":null}},"95":{"start":{"line":181,"column":12},"end":{"line":181,"column":null}},"96":{"start":{"line":183,"column":12},"end":{"line":183,"column":null}},"97":{"start":{"line":186,"column":8},"end":{"line":189,"column":null}},"98":{"start":{"line":191,"column":6},"end":{"line":191,"column":null}},"99":{"start":{"line":195,"column":8},"end":{"line":229,"column":null}},"100":{"start":{"line":196,"column":22},"end":{"line":196,"column":null}},"101":{"start":{"line":196,"column":44},"end":{"line":196,"column":64}},"102":{"start":{"line":197,"column":4},"end":{"line":197,"column":null}},"103":{"start":{"line":197,"column":20},"end":{"line":197,"column":null}},"104":{"start":{"line":199,"column":21},"end":{"line":199,"column":null}},"105":{"start":{"line":199,"column":51},"end":{"line":199,"column":70}},"106":{"start":{"line":200,"column":4},"end":{"line":200,"column":null}},"107":{"start":{"line":200,"column":89},"end":{"line":200,"column":null}},"108":{"start":{"line":202,"column":17},"end":{"line":202,"column":null}},"109":{"start":{"line":203,"column":4},"end":{"line":203,"column":null}},"110":{"start":{"line":203,"column":17},"end":{"line":203,"column":25}},"111":{"start":{"line":205,"column":4},"end":{"line":228,"column":null}},"112":{"start":{"line":205,"column":27},"end":{"line":228,"column":6}},"113":{"start":{"line":206,"column":6},"end":{"line":206,"column":null}},"114":{"start":{"line":206,"column":32},"end":{"line":206,"column":null}},"115":{"start":{"line":207,"column":31},"end":{"line":216,"column":null}},"116":{"start":{"line":208,"column":8},"end":{"line":208,"column":null}},"117":{"start":{"line":208,"column":33},"end":{"line":208,"column":null}},"118":{"start":{"line":209,"column":25},"end":{"line":209,"column":null}},"119":{"start":{"line":210,"column":24},"end":{"line":210,"column":null}},"120":{"start":{"line":211,"column":8},"end":{"line":215,"column":null}},"121":{"start":{"line":218,"column":23},"end":{"line":218,"column":null}},"122":{"start":{"line":219,"column":6},"end":{"line":221,"column":null}},"123":{"start":{"line":220,"column":8},"end":{"line":220,"column":null}},"124":{"start":{"line":223,"column":6},"end":{"line":227,"column":null}},"125":{"start":{"line":231,"column":8},"end":{"line":242,"column":null}},"126":{"start":{"line":232,"column":21},"end":{"line":232,"column":null}},"127":{"start":{"line":232,"column":43},"end":{"line":232,"column":66}},"128":{"start":{"line":233,"column":4},"end":{"line":233,"column":null}},"129":{"start":{"line":233,"column":43},"end":{"line":233,"column":null}},"130":{"start":{"line":235,"column":4},"end":{"line":235,"column":null}},"131":{"start":{"line":235,"column":17},"end":{"line":235,"column":34}},"132":{"start":{"line":236,"column":34},"end":{"line":239,"column":null}},"133":{"start":{"line":241,"column":4},"end":{"line":241,"column":null}},"134":{"start":{"line":241,"column":30},"end":{"line":241,"column":48}},"135":{"start":{"line":244,"column":8},"end":{"line":283,"column":null}},"136":{"start":{"line":245,"column":4},"end":{"line":245,"column":null}},"137":{"start":{"line":245,"column":49},"end":{"line":245,"column":null}},"138":{"start":{"line":247,"column":38},"end":{"line":247,"column":null}},"139":{"start":{"line":249,"column":4},"end":{"line":266,"column":null}},"140":{"start":{"line":250,"column":6},"end":{"line":250,"column":null}},"141":{"start":{"line":250,"column":47},"end":{"line":250,"column":69}},"142":{"start":{"line":251,"column":6},"end":{"line":251,"column":null}},"143":{"start":{"line":251,"column":32},"end":{"line":251,"column":73}},"144":{"start":{"line":251,"column":49},"end":{"line":251,"column":72}},"145":{"start":{"line":253,"column":25},"end":{"line":253,"column":null}},"146":{"start":{"line":253,"column":47},"end":{"line":253,"column":62}},"147":{"start":{"line":254,"column":6},"end":{"line":265,"column":null}},"148":{"start":{"line":255,"column":8},"end":{"line":255,"column":null}},"149":{"start":{"line":255,"column":64},"end":{"line":255,"column":192}},"150":{"start":{"line":256,"column":8},"end":{"line":264,"column":null}},"151":{"start":{"line":256,"column":31},"end":{"line":264,"column":10}},"152":{"start":{"line":257,"column":10},"end":{"line":262,"column":null}},"153":{"start":{"line":258,"column":12},"end":{"line":261,"column":null}},"154":{"start":{"line":260,"column":67},"end":{"line":260,"column":195}},"155":{"start":{"line":263,"column":10},"end":{"line":263,"column":null}},"156":{"start":{"line":268,"column":4},"end":{"line":268,"column":null}},"157":{"start":{"line":268,"column":34},"end":{"line":268,"column":null}},"158":{"start":{"line":270,"column":4},"end":{"line":282,"column":null}},"159":{"start":{"line":271,"column":6},"end":{"line":271,"column":null}},"160":{"start":{"line":271,"column":32},"end":{"line":271,"column":103}},"161":{"start":{"line":271,"column":67},"end":{"line":271,"column":101}},"162":{"start":{"line":273,"column":6},"end":{"line":281,"column":null}},"163":{"start":{"line":273,"column":29},"end":{"line":281,"column":8}},"164":{"start":{"line":274,"column":8},"end":{"line":279,"column":null}},"165":{"start":{"line":275,"column":10},"end":{"line":278,"column":null}},"166":{"start":{"line":277,"column":83},"end":{"line":277,"column":117}},"167":{"start":{"line":280,"column":8},"end":{"line":280,"column":null}},"168":{"start":{"line":285,"column":8},"end":{"line":315,"column":null}},"169":{"start":{"line":286,"column":17},"end":{"line":286,"column":null}},"170":{"start":{"line":286,"column":41},"end":{"line":286,"column":56}},"171":{"start":{"line":287,"column":4},"end":{"line":287,"column":null}},"172":{"start":{"line":287,"column":33},"end":{"line":287,"column":null}},"173":{"start":{"line":289,"column":4},"end":{"line":295,"column":null}},"174":{"start":{"line":290,"column":6},"end":{"line":290,"column":null}},"175":{"start":{"line":290,"column":28},"end":{"line":290,"column":null}},"176":{"start":{"line":291,"column":6},"end":{"line":291,"column":null}},"177":{"start":{"line":291,"column":19},"end":{"line":291,"column":32}},"178":{"start":{"line":293,"column":6},"end":{"line":293,"column":null}},"179":{"start":{"line":293,"column":29},"end":{"line":293,"column":null}},"180":{"start":{"line":294,"column":6},"end":{"line":294,"column":null}},"181":{"start":{"line":294,"column":20},"end":{"line":294,"column":33}},"182":{"start":{"line":298,"column":4},"end":{"line":309,"column":null}},"183":{"start":{"line":299,"column":31},"end":{"line":299,"column":null}},"184":{"start":{"line":300,"column":42},"end":{"line":303,"column":null}},"185":{"start":{"line":300,"column":79},"end":{"line":303,"column":8}},"186":{"start":{"line":304,"column":6},"end":{"line":304,"column":null}},"187":{"start":{"line":304,"column":32},"end":{"line":304,"column":57}},"188":{"start":{"line":305,"column":11},"end":{"line":309,"column":null}},"189":{"start":{"line":306,"column":6},"end":{"line":306,"column":null}},"190":{"start":{"line":306,"column":24},"end":{"line":306,"column":42}},"191":{"start":{"line":307,"column":11},"end":{"line":309,"column":null}},"192":{"start":{"line":308,"column":6},"end":{"line":308,"column":null}},"193":{"start":{"line":308,"column":19},"end":{"line":308,"column":26}},"194":{"start":{"line":311,"column":4},"end":{"line":314,"column":null}},"195":{"start":{"line":312,"column":6},"end":{"line":312,"column":null}},"196":{"start":{"line":312,"column":34},"end":{"line":312,"column":51}},"197":{"start":{"line":313,"column":6},"end":{"line":313,"column":null}},"198":{"start":{"line":313,"column":31},"end":{"line":313,"column":93}},"199":{"start":{"line":313,"column":45},"end":{"line":313,"column":92}},"200":{"start":{"line":317,"column":8},"end":{"line":343,"column":null}},"201":{"start":{"line":318,"column":28},"end":{"line":318,"column":null}},"202":{"start":{"line":318,"column":50},"end":{"line":318,"column":70}},"203":{"start":{"line":319,"column":17},"end":{"line":319,"column":null}},"204":{"start":{"line":321,"column":4},"end":{"line":325,"column":null}},"205":{"start":{"line":322,"column":6},"end":{"line":322,"column":null}},"206":{"start":{"line":324,"column":6},"end":{"line":324,"column":null}},"207":{"start":{"line":324,"column":29},"end":{"line":324,"column":103}},"208":{"start":{"line":324,"column":43},"end":{"line":324,"column":102}},"209":{"start":{"line":327,"column":4},"end":{"line":336,"column":null}},"210":{"start":{"line":327,"column":24},"end":{"line":336,"column":5}},"211":{"start":{"line":338,"column":28},"end":{"line":338,"column":null}},"212":{"start":{"line":338,"column":52},"end":{"line":338,"column":110}},"213":{"start":{"line":339,"column":4},"end":{"line":341,"column":null}},"214":{"start":{"line":340,"column":6},"end":{"line":340,"column":null}},"215":{"start":{"line":340,"column":24},"end":{"line":340,"column":42}},"216":{"start":{"line":342,"column":4},"end":{"line":342,"column":null}},"217":{"start":{"line":345,"column":8},"end":{"line":354,"column":null}},"218":{"start":{"line":346,"column":33},"end":{"line":346,"column":null}},"219":{"start":{"line":346,"column":57},"end":{"line":346,"column":70}},"220":{"start":{"line":347,"column":27},"end":{"line":347,"column":null}},"221":{"start":{"line":347,"column":67},"end":{"line":347,"column":97}},"222":{"start":{"line":348,"column":28},"end":{"line":348,"column":null}},"223":{"start":{"line":348,"column":68},"end":{"line":348,"column":95}},"224":{"start":{"line":350,"column":4},"end":{"line":350,"column":null}},"225":{"start":{"line":350,"column":17},"end":{"line":350,"column":35}},"226":{"start":{"line":351,"column":4},"end":{"line":351,"column":null}},"227":{"start":{"line":351,"column":18},"end":{"line":351,"column":37}},"228":{"start":{"line":352,"column":4},"end":{"line":352,"column":null}},"229":{"start":{"line":353,"column":4},"end":{"line":353,"column":null}},"230":{"start":{"line":356,"column":2},"end":{"line":358,"column":null}},"231":{"start":{"line":357,"column":4},"end":{"line":357,"column":null}},"232":{"start":{"line":360,"column":24},"end":{"line":360,"column":null}},"233":{"start":{"line":360,"column":48},"end":{"line":360,"column":60}},"234":{"start":{"line":361,"column":2},"end":{"line":363,"column":null}},"235":{"start":{"line":362,"column":4},"end":{"line":362,"column":null}},"236":{"start":{"line":365,"column":2},"end":{"line":399,"column":null}},"237":{"start":{"line":403,"column":13},"end":{"line":409,"column":null}},"238":{"start":{"line":404,"column":18},"end":{"line":404,"column":null}},"239":{"start":{"line":405,"column":2},"end":{"line":407,"column":null}},"240":{"start":{"line":406,"column":4},"end":{"line":406,"column":null}},"241":{"start":{"line":408,"column":2},"end":{"line":408,"column":null}}},"fnMap":{"0":{"name":"(anonymous_0)","decl":{"start":{"line":53,"column":13},"end":{"line":53,"column":68}},"loc":{"start":{"line":53,"column":85},"end":{"line":401,"column":null}},"line":53},"1":{"name":"(anonymous_1)","decl":{"start":{"line":60,"column":30},"end":{"line":60,"column":34}},"loc":{"start":{"line":60,"column":44},"end":{"line":60,"column":91}},"line":60},"2":{"name":"(anonymous_2)","decl":{"start":{"line":61,"column":30},"end":{"line":61,"column":34}},"loc":{"start":{"line":61,"column":44},"end":{"line":61,"column":91}},"line":61},"3":{"name":"(anonymous_3)","decl":{"start":{"line":73,"column":8},"end":{"line":73,"column":33}},"loc":{"start":{"line":73,"column":33},"end":{"line":85,"column":null}},"line":73},"4":{"name":"(anonymous_4)","decl":{"start":{"line":74,"column":4},"end":{"line":74,"column":20}},"loc":{"start":{"line":74,"column":29},"end":{"line":84,"column":5}},"line":74},"5":{"name":"(anonymous_5)","decl":{"start":{"line":75,"column":30},"end":{"line":75,"column":37}},"loc":{"start":{"line":75,"column":42},"end":{"line":75,"column":55}},"line":75},"6":{"name":"(anonymous_6)","decl":{"start":{"line":78,"column":45},"end":{"line":78,"column":49}},"loc":{"start":{"line":78,"column":54},"end":{"line":78,"column":65}},"line":78},"7":{"name":"(anonymous_7)","decl":{"start":{"line":80,"column":18},"end":{"line":80,"column":22}},"loc":{"start":{"line":80,"column":28},"end":{"line":83,"column":8}},"line":80},"8":{"name":"(anonymous_8)","decl":{"start":{"line":87,"column":8},"end":{"line":87,"column":27}},"loc":{"start":{"line":87,"column":65},"end":{"line":95,"column":null}},"line":87},"9":{"name":"(anonymous_9)","decl":{"start":{"line":88,"column":34},"end":{"line":88,"column":39}},"loc":{"start":{"line":88,"column":44},"end":{"line":88,"column":55}},"line":88},"10":{"name":"(anonymous_10)","decl":{"start":{"line":90,"column":6},"end":{"line":90,"column":14}},"loc":{"start":{"line":90,"column":19},"end":{"line":90,"column":29}},"line":90},"11":{"name":"(anonymous_11)","decl":{"start":{"line":91,"column":6},"end":{"line":91,"column":22}},"loc":{"start":{"line":92,"column":8},"end":{"line":92,"column":null}},"line":92},"12":{"name":"(anonymous_12)","decl":{"start":{"line":92,"column":13},"end":{"line":92,"column":17}},"loc":{"start":{"line":92,"column":23},"end":{"line":92,"column":92}},"line":92},"13":{"name":"(anonymous_13)","decl":{"start":{"line":97,"column":8},"end":{"line":97,"column":35}},"loc":{"start":{"line":97,"column":75},"end":{"line":112,"column":null}},"line":97},"14":{"name":"(anonymous_14)","decl":{"start":{"line":98,"column":32},"end":{"line":98,"column":37}},"loc":{"start":{"line":98,"column":42},"end":{"line":98,"column":57}},"line":98},"15":{"name":"(anonymous_15)","decl":{"start":{"line":102,"column":4},"end":{"line":102,"column":22}},"loc":{"start":{"line":102,"column":30},"end":{"line":102,"column":63}},"line":102},"16":{"name":"(anonymous_16)","decl":{"start":{"line":102,"column":35},"end":{"line":102,"column":42}},"loc":{"start":{"line":102,"column":47},"end":{"line":102,"column":62}},"line":102},"17":{"name":"(anonymous_17)","decl":{"start":{"line":103,"column":4},"end":{"line":103,"column":19}},"loc":{"start":{"line":103,"column":27},"end":{"line":111,"column":6}},"line":103},"18":{"name":"(anonymous_18)","decl":{"start":{"line":103,"column":32},"end":{"line":103,"column":36}},"loc":{"start":{"line":103,"column":41},"end":{"line":111,"column":5}},"line":103},"19":{"name":"(anonymous_19)","decl":{"start":{"line":114,"column":8},"end":{"line":114,"column":39}},"loc":{"start":{"line":114,"column":79},"end":{"line":131,"column":null}},"line":114},"20":{"name":"(anonymous_20)","decl":{"start":{"line":115,"column":34},"end":{"line":115,"column":39}},"loc":{"start":{"line":115,"column":44},"end":{"line":115,"column":64}},"line":115},"21":{"name":"(anonymous_21)","decl":{"start":{"line":116,"column":55},"end":{"line":116,"column":60}},"loc":{"start":{"line":116,"column":65},"end":{"line":116,"column":80}},"line":116},"22":{"name":"(anonymous_22)","decl":{"start":{"line":120,"column":4},"end":{"line":120,"column":19}},"loc":{"start":{"line":120,"column":27},"end":{"line":128,"column":6}},"line":120},"23":{"name":"(anonymous_23)","decl":{"start":{"line":120,"column":32},"end":{"line":120,"column":36}},"loc":{"start":{"line":120,"column":41},"end":{"line":128,"column":5}},"line":120},"24":{"name":"(anonymous_24)","decl":{"start":{"line":124,"column":51},"end":{"line":124,"column":58}},"loc":{"start":{"line":124,"column":63},"end":{"line":124,"column":78}},"line":124},"25":{"name":"(anonymous_25)","decl":{"start":{"line":130,"column":4},"end":{"line":130,"column":22}},"loc":{"start":{"line":130,"column":30},"end":{"line":130,"column":85}},"line":130},"26":{"name":"(anonymous_26)","decl":{"start":{"line":134,"column":8},"end":{"line":134,"column":null}},"loc":{"start":{"line":139,"column":7},"end":{"line":193,"column":null}},"line":139},"27":{"name":"(anonymous_27)","decl":{"start":{"line":141,"column":6},"end":{"line":141,"column":26}},"loc":{"start":{"line":141,"column":34},"end":{"line":157,"column":7}},"line":141},"28":{"name":"(anonymous_28)","decl":{"start":{"line":142,"column":32},"end":{"line":142,"column":37}},"loc":{"start":{"line":142,"column":42},"end":{"line":142,"column":57}},"line":142},"29":{"name":"(anonymous_29)","decl":{"start":{"line":145,"column":24},"end":{"line":145,"column":31}},"loc":{"start":{"line":145,"column":36},"end":{"line":145,"column":51}},"line":145},"30":{"name":"(anonymous_30)","decl":{"start":{"line":147,"column":22},"end":{"line":147,"column":26}},"loc":{"start":{"line":147,"column":31},"end":{"line":147,"column":84}},"line":147},"31":{"name":"(anonymous_31)","decl":{"start":{"line":151,"column":24},"end":{"line":151,"column":29}},"loc":{"start":{"line":151,"column":34},"end":{"line":151,"column":74}},"line":151},"32":{"name":"(anonymous_32)","decl":{"start":{"line":161,"column":4},"end":{"line":161,"column":19}},"loc":{"start":{"line":161,"column":27},"end":{"line":192,"column":6}},"line":161},"33":{"name":"(anonymous_33)","decl":{"start":{"line":161,"column":32},"end":{"line":161,"column":36}},"loc":{"start":{"line":161,"column":41},"end":{"line":192,"column":5}},"line":161},"34":{"name":"(anonymous_34)","decl":{"start":{"line":163,"column":48},"end":{"line":163,"column":53}},"loc":{"start":{"line":163,"column":58},"end":{"line":163,"column":73}},"line":163},"35":{"name":"(anonymous_35)","decl":{"start":{"line":167,"column":52},"end":{"line":167,"column":59}},"loc":{"start":{"line":167,"column":64},"end":{"line":167,"column":79}},"line":167},"36":{"name":"(anonymous_36)","decl":{"start":{"line":169,"column":52},"end":{"line":169,"column":56}},"loc":{"start":{"line":169,"column":61},"end":{"line":174,"column":13}},"line":169},"37":{"name":"(anonymous_37)","decl":{"start":{"line":179,"column":24},"end":{"line":179,"column":29}},"loc":{"start":{"line":179,"column":34},"end":{"line":179,"column":74}},"line":179},"38":{"name":"(anonymous_38)","decl":{"start":{"line":195,"column":8},"end":{"line":195,"column":27}},"loc":{"start":{"line":195,"column":71},"end":{"line":229,"column":null}},"line":195},"39":{"name":"(anonymous_39)","decl":{"start":{"line":196,"column":34},"end":{"line":196,"column":39}},"loc":{"start":{"line":196,"column":44},"end":{"line":196,"column":64}},"line":196},"40":{"name":"(anonymous_40)","decl":{"start":{"line":199,"column":41},"end":{"line":199,"column":46}},"loc":{"start":{"line":199,"column":51},"end":{"line":199,"column":70}},"line":199},"41":{"name":"(anonymous_41)","decl":{"start":{"line":203,"column":4},"end":{"line":203,"column":12}},"loc":{"start":{"line":203,"column":17},"end":{"line":203,"column":25}},"line":203},"42":{"name":"(anonymous_42)","decl":{"start":{"line":205,"column":4},"end":{"line":205,"column":19}},"loc":{"start":{"line":205,"column":27},"end":{"line":228,"column":6}},"line":205},"43":{"name":"(anonymous_43)","decl":{"start":{"line":205,"column":32},"end":{"line":205,"column":36}},"loc":{"start":{"line":205,"column":41},"end":{"line":228,"column":5}},"line":205},"44":{"name":"(anonymous_44)","decl":{"start":{"line":207,"column":43},"end":{"line":207,"column":47}},"loc":{"start":{"line":207,"column":52},"end":{"line":216,"column":7}},"line":207},"45":{"name":"(anonymous_45)","decl":{"start":{"line":231,"column":8},"end":{"line":231,"column":19}},"loc":{"start":{"line":231,"column":46},"end":{"line":242,"column":null}},"line":231},"46":{"name":"(anonymous_46)","decl":{"start":{"line":232,"column":33},"end":{"line":232,"column":38}},"loc":{"start":{"line":232,"column":43},"end":{"line":232,"column":66}},"line":232},"47":{"name":"(anonymous_47)","decl":{"start":{"line":235,"column":4},"end":{"line":235,"column":12}},"loc":{"start":{"line":235,"column":17},"end":{"line":235,"column":34}},"line":235},"48":{"name":"(anonymous_48)","decl":{"start":{"line":241,"column":4},"end":{"line":241,"column":22}},"loc":{"start":{"line":241,"column":30},"end":{"line":241,"column":48}},"line":241},"49":{"name":"(anonymous_49)","decl":{"start":{"line":244,"column":8},"end":{"line":244,"column":25}},"loc":{"start":{"line":244,"column":77},"end":{"line":283,"column":null}},"line":244},"50":{"name":"(anonymous_50)","decl":{"start":{"line":250,"column":35},"end":{"line":250,"column":42}},"loc":{"start":{"line":250,"column":47},"end":{"line":250,"column":69}},"line":250},"51":{"name":"(anonymous_51)","decl":{"start":{"line":251,"column":6},"end":{"line":251,"column":24}},"loc":{"start":{"line":251,"column":32},"end":{"line":251,"column":73}},"line":251},"52":{"name":"(anonymous_52)","decl":{"start":{"line":251,"column":37},"end":{"line":251,"column":44}},"loc":{"start":{"line":251,"column":49},"end":{"line":251,"column":72}},"line":251},"53":{"name":"(anonymous_53)","decl":{"start":{"line":253,"column":37},"end":{"line":253,"column":42}},"loc":{"start":{"line":253,"column":47},"end":{"line":253,"column":62}},"line":253},"54":{"name":"(anonymous_54)","decl":{"start":{"line":255,"column":52},"end":{"line":255,"column":59}},"loc":{"start":{"line":255,"column":64},"end":{"line":255,"column":192}},"line":255},"55":{"name":"(anonymous_55)","decl":{"start":{"line":256,"column":8},"end":{"line":256,"column":23}},"loc":{"start":{"line":256,"column":31},"end":{"line":264,"column":10}},"line":256},"56":{"name":"(anonymous_56)","decl":{"start":{"line":256,"column":36},"end":{"line":256,"column":40}},"loc":{"start":{"line":256,"column":45},"end":{"line":264,"column":9}},"line":256},"57":{"name":"(anonymous_57)","decl":{"start":{"line":260,"column":55},"end":{"line":260,"column":62}},"loc":{"start":{"line":260,"column":67},"end":{"line":260,"column":195}},"line":260},"58":{"name":"(anonymous_58)","decl":{"start":{"line":271,"column":6},"end":{"line":271,"column":24}},"loc":{"start":{"line":271,"column":32},"end":{"line":271,"column":103}},"line":271},"59":{"name":"(anonymous_59)","decl":{"start":{"line":271,"column":57},"end":{"line":271,"column":61}},"loc":{"start":{"line":271,"column":67},"end":{"line":271,"column":101}},"line":271},"60":{"name":"(anonymous_60)","decl":{"start":{"line":273,"column":6},"end":{"line":273,"column":21}},"loc":{"start":{"line":273,"column":29},"end":{"line":281,"column":8}},"line":273},"61":{"name":"(anonymous_61)","decl":{"start":{"line":273,"column":34},"end":{"line":273,"column":38}},"loc":{"start":{"line":273,"column":43},"end":{"line":281,"column":7}},"line":273},"62":{"name":"(anonymous_62)","decl":{"start":{"line":277,"column":73},"end":{"line":277,"column":77}},"loc":{"start":{"line":277,"column":83},"end":{"line":277,"column":117}},"line":277},"63":{"name":"(anonymous_63)","decl":{"start":{"line":285,"column":8},"end":{"line":285,"column":23}},"loc":{"start":{"line":285,"column":42},"end":{"line":315,"column":null}},"line":285},"64":{"name":"(anonymous_64)","decl":{"start":{"line":286,"column":31},"end":{"line":286,"column":36}},"loc":{"start":{"line":286,"column":41},"end":{"line":286,"column":56}},"line":286},"65":{"name":"(anonymous_65)","decl":{"start":{"line":291,"column":6},"end":{"line":291,"column":14}},"loc":{"start":{"line":291,"column":19},"end":{"line":291,"column":32}},"line":291},"66":{"name":"(anonymous_66)","decl":{"start":{"line":294,"column":6},"end":{"line":294,"column":15}},"loc":{"start":{"line":294,"column":20},"end":{"line":294,"column":33}},"line":294},"67":{"name":"(anonymous_67)","decl":{"start":{"line":300,"column":65},"end":{"line":300,"column":69}},"loc":{"start":{"line":300,"column":79},"end":{"line":303,"column":8}},"line":300},"68":{"name":"(anonymous_68)","decl":{"start":{"line":304,"column":6},"end":{"line":304,"column":24}},"loc":{"start":{"line":304,"column":32},"end":{"line":304,"column":57}},"line":304},"69":{"name":"(anonymous_69)","decl":{"start":{"line":306,"column":6},"end":{"line":306,"column":19}},"loc":{"start":{"line":306,"column":24},"end":{"line":306,"column":42}},"line":306},"70":{"name":"(anonymous_70)","decl":{"start":{"line":308,"column":6},"end":{"line":308,"column":14}},"loc":{"start":{"line":308,"column":19},"end":{"line":308,"column":26}},"line":308},"71":{"name":"(anonymous_71)","decl":{"start":{"line":312,"column":6},"end":{"line":312,"column":26}},"loc":{"start":{"line":312,"column":34},"end":{"line":312,"column":51}},"line":312},"72":{"name":"(anonymous_72)","decl":{"start":{"line":313,"column":6},"end":{"line":313,"column":23}},"loc":{"start":{"line":313,"column":31},"end":{"line":313,"column":93}},"line":313},"73":{"name":"(anonymous_73)","decl":{"start":{"line":313,"column":36},"end":{"line":313,"column":40}},"loc":{"start":{"line":313,"column":45},"end":{"line":313,"column":92}},"line":313},"74":{"name":"(anonymous_74)","decl":{"start":{"line":317,"column":8},"end":{"line":317,"column":32}},"loc":{"start":{"line":317,"column":100},"end":{"line":343,"column":null}},"line":317},"75":{"name":"(anonymous_75)","decl":{"start":{"line":318,"column":40},"end":{"line":318,"column":45}},"loc":{"start":{"line":318,"column":50},"end":{"line":318,"column":70}},"line":318},"76":{"name":"(anonymous_76)","decl":{"start":{"line":324,"column":6},"end":{"line":324,"column":21}},"loc":{"start":{"line":324,"column":29},"end":{"line":324,"column":103}},"line":324},"77":{"name":"(anonymous_77)","decl":{"start":{"line":324,"column":34},"end":{"line":324,"column":38}},"loc":{"start":{"line":324,"column":43},"end":{"line":324,"column":102}},"line":324},"78":{"name":"(anonymous_78)","decl":{"start":{"line":327,"column":4},"end":{"line":327,"column":16}},"loc":{"start":{"line":327,"column":24},"end":{"line":336,"column":5}},"line":327},"79":{"name":"(anonymous_79)","decl":{"start":{"line":338,"column":40},"end":{"line":338,"column":47}},"loc":{"start":{"line":338,"column":52},"end":{"line":338,"column":110}},"line":338},"80":{"name":"(anonymous_80)","decl":{"start":{"line":340,"column":6},"end":{"line":340,"column":19}},"loc":{"start":{"line":340,"column":24},"end":{"line":340,"column":42}},"line":340},"81":{"name":"(anonymous_81)","decl":{"start":{"line":345,"column":8},"end":{"line":345,"column":38}},"loc":{"start":{"line":345,"column":38},"end":{"line":354,"column":null}},"line":345},"82":{"name":"(anonymous_82)","decl":{"start":{"line":346,"column":45},"end":{"line":346,"column":52}},"loc":{"start":{"line":346,"column":57},"end":{"line":346,"column":70}},"line":346},"83":{"name":"(anonymous_83)","decl":{"start":{"line":347,"column":48},"end":{"line":347,"column":56}},"loc":{"start":{"line":347,"column":67},"end":{"line":347,"column":97}},"line":347},"84":{"name":"(anonymous_84)","decl":{"start":{"line":348,"column":49},"end":{"line":348,"column":57}},"loc":{"start":{"line":348,"column":68},"end":{"line":348,"column":95}},"line":348},"85":{"name":"(anonymous_85)","decl":{"start":{"line":350,"column":4},"end":{"line":350,"column":12}},"loc":{"start":{"line":350,"column":17},"end":{"line":350,"column":35}},"line":350},"86":{"name":"(anonymous_86)","decl":{"start":{"line":351,"column":4},"end":{"line":351,"column":13}},"loc":{"start":{"line":351,"column":18},"end":{"line":351,"column":37}},"line":351},"87":{"name":"(anonymous_87)","decl":{"start":{"line":356,"column":2},"end":{"line":356,"column":18}},"loc":{"start":{"line":356,"column":18},"end":{"line":358,"column":5}},"line":356},"88":{"name":"(anonymous_88)","decl":{"start":{"line":360,"column":36},"end":{"line":360,"column":43}},"loc":{"start":{"line":360,"column":48},"end":{"line":360,"column":60}},"line":360},"89":{"name":"(anonymous_89)","decl":{"start":{"line":361,"column":2},"end":{"line":361,"column":18}},"loc":{"start":{"line":361,"column":18},"end":{"line":363,"column":5}},"line":361},"90":{"name":"(anonymous_90)","decl":{"start":{"line":403,"column":13},"end":{"line":403,"column":33}},"loc":{"start":{"line":403,"column":33},"end":{"line":409,"column":null}},"line":403}},"branchMap":{"0":{"loc":{"start":{"line":76,"column":6},"end":{"line":76,"column":null}},"type":"if","locations":[{"start":{"line":76,"column":6},"end":{"line":76,"column":null}},{"start":{},"end":{}}],"line":76},"1":{"loc":{"start":{"line":82,"column":25},"end":{"line":82,"column":null}},"type":"binary-expr","locations":[{"start":{"line":82,"column":25},"end":{"line":82,"column":42}},{"start":{"line":82,"column":42},"end":{"line":82,"column":null}}],"line":82},"2":{"loc":{"start":{"line":87,"column":39},"end":{"line":87,"column":65}},"type":"default-arg","locations":[{"start":{"line":87,"column":56},"end":{"line":87,"column":65}}],"line":87},"3":{"loc":{"start":{"line":89,"column":4},"end":{"line":94,"column":null}},"type":"if","locations":[{"start":{"line":89,"column":4},"end":{"line":94,"column":null}},{"start":{},"end":{}}],"line":89},"4":{"loc":{"start":{"line":89,"column":8},"end":{"line":89,"column":44}},"type":"binary-expr","locations":[{"start":{"line":89,"column":8},"end":{"line":89,"column":21}},{"start":{"line":89,"column":21},"end":{"line":89,"column":44}}],"line":89},"5":{"loc":{"start":{"line":92,"column":23},"end":{"line":92,"column":92}},"type":"cond-expr","locations":[{"start":{"line":92,"column":37},"end":{"line":92,"column":90}},{"start":{"line":92,"column":90},"end":{"line":92,"column":92}}],"line":92},"6":{"loc":{"start":{"line":99,"column":4},"end":{"line":99,"column":null}},"type":"if","locations":[{"start":{"line":99,"column":4},"end":{"line":99,"column":null}},{"start":{},"end":{}}],"line":99},"7":{"loc":{"start":{"line":104,"column":6},"end":{"line":109,"column":null}},"type":"if","locations":[{"start":{"line":104,"column":6},"end":{"line":109,"column":null}},{"start":{},"end":{}}],"line":104},"8":{"loc":{"start":{"line":118,"column":4},"end":{"line":118,"column":null}},"type":"if","locations":[{"start":{"line":118,"column":4},"end":{"line":118,"column":null}},{"start":{},"end":{}}],"line":118},"9":{"loc":{"start":{"line":118,"column":8},"end":{"line":118,"column":161}},"type":"binary-expr","locations":[{"start":{"line":118,"column":8},"end":{"line":118,"column":25}},{"start":{"line":118,"column":25},"end":{"line":118,"column":79}},{"start":{"line":118,"column":79},"end":{"line":118,"column":123}},{"start":{"line":118,"column":123},"end":{"line":118,"column":161}}],"line":118},"10":{"loc":{"start":{"line":121,"column":6},"end":{"line":126,"column":null}},"type":"if","locations":[{"start":{"line":121,"column":6},"end":{"line":126,"column":null}},{"start":{},"end":{}}],"line":121},"11":{"loc":{"start":{"line":140,"column":4},"end":{"line":159,"column":null}},"type":"if","locations":[{"start":{"line":140,"column":4},"end":{"line":159,"column":null}},{"start":{},"end":{}}],"line":140},"12":{"loc":{"start":{"line":143,"column":8},"end":{"line":156,"column":null}},"type":"if","locations":[{"start":{"line":143,"column":8},"end":{"line":156,"column":null}},{"start":{"line":148,"column":15},"end":{"line":156,"column":null}}],"line":143},"13":{"loc":{"start":{"line":144,"column":10},"end":{"line":146,"column":null}},"type":"if","locations":[{"start":{"line":144,"column":10},"end":{"line":146,"column":null}},{"start":{},"end":{}}],"line":144},"14":{"loc":{"start":{"line":147,"column":31},"end":{"line":147,"column":84}},"type":"cond-expr","locations":[{"start":{"line":147,"column":49},"end":{"line":147,"column":83}},{"start":{"line":147,"column":83},"end":{"line":147,"column":84}}],"line":147},"15":{"loc":{"start":{"line":149,"column":29},"end":{"line":151,"column":null}},"type":"binary-expr","locations":[{"start":{"line":149,"column":29},"end":{"line":149,"column":null}},{"start":{"line":150,"column":12},"end":{"line":150,"column":null}},{"start":{"line":151,"column":12},"end":{"line":151,"column":null}}],"line":149},"16":{"loc":{"start":{"line":151,"column":34},"end":{"line":151,"column":74}},"type":"binary-expr","locations":[{"start":{"line":151,"column":34},"end":{"line":151,"column":53}},{"start":{"line":151,"column":53},"end":{"line":151,"column":74}}],"line":151},"17":{"loc":{"start":{"line":152,"column":10},"end":{"line":154,"column":null}},"type":"if","locations":[{"start":{"line":152,"column":10},"end":{"line":154,"column":null}},{"start":{},"end":{}}],"line":152},"18":{"loc":{"start":{"line":162,"column":6},"end":{"line":190,"column":null}},"type":"if","locations":[{"start":{"line":162,"column":6},"end":{"line":190,"column":null}},{"start":{},"end":{}}],"line":162},"19":{"loc":{"start":{"line":165,"column":8},"end":{"line":185,"column":null}},"type":"if","locations":[{"start":{"line":165,"column":8},"end":{"line":185,"column":null}},{"start":{"line":176,"column":15},"end":{"line":185,"column":null}}],"line":165},"20":{"loc":{"start":{"line":166,"column":10},"end":{"line":175,"column":null}},"type":"if","locations":[{"start":{"line":166,"column":10},"end":{"line":175,"column":null}},{"start":{"line":168,"column":17},"end":{"line":175,"column":null}}],"line":166},"21":{"loc":{"start":{"line":166,"column":14},"end":{"line":166,"column":70}},"type":"binary-expr","locations":[{"start":{"line":166,"column":14},"end":{"line":166,"column":39}},{"start":{"line":166,"column":39},"end":{"line":166,"column":70}}],"line":166},"22":{"loc":{"start":{"line":170,"column":14},"end":{"line":172,"column":null}},"type":"if","locations":[{"start":{"line":170,"column":14},"end":{"line":172,"column":null}},{"start":{},"end":{}}],"line":170},"23":{"loc":{"start":{"line":177,"column":29},"end":{"line":179,"column":null}},"type":"binary-expr","locations":[{"start":{"line":177,"column":29},"end":{"line":177,"column":null}},{"start":{"line":178,"column":12},"end":{"line":178,"column":null}},{"start":{"line":179,"column":12},"end":{"line":179,"column":null}}],"line":177},"24":{"loc":{"start":{"line":179,"column":34},"end":{"line":179,"column":74}},"type":"binary-expr","locations":[{"start":{"line":179,"column":34},"end":{"line":179,"column":53}},{"start":{"line":179,"column":53},"end":{"line":179,"column":74}}],"line":179},"25":{"loc":{"start":{"line":180,"column":10},"end":{"line":184,"column":null}},"type":"if","locations":[{"start":{"line":180,"column":10},"end":{"line":184,"column":null}},{"start":{"line":182,"column":17},"end":{"line":184,"column":null}}],"line":180},"26":{"loc":{"start":{"line":197,"column":4},"end":{"line":197,"column":null}},"type":"if","locations":[{"start":{"line":197,"column":4},"end":{"line":197,"column":null}},{"start":{},"end":{}}],"line":197},"27":{"loc":{"start":{"line":200,"column":4},"end":{"line":200,"column":null}},"type":"if","locations":[{"start":{"line":200,"column":4},"end":{"line":200,"column":null}},{"start":{},"end":{}}],"line":200},"28":{"loc":{"start":{"line":200,"column":8},"end":{"line":200,"column":89}},"type":"binary-expr","locations":[{"start":{"line":200,"column":8},"end":{"line":200,"column":21}},{"start":{"line":200,"column":21},"end":{"line":200,"column":60}},{"start":{"line":200,"column":60},"end":{"line":200,"column":89}}],"line":200},"29":{"loc":{"start":{"line":206,"column":6},"end":{"line":206,"column":null}},"type":"if","locations":[{"start":{"line":206,"column":6},"end":{"line":206,"column":null}},{"start":{},"end":{}}],"line":206},"30":{"loc":{"start":{"line":208,"column":8},"end":{"line":208,"column":null}},"type":"if","locations":[{"start":{"line":208,"column":8},"end":{"line":208,"column":null}},{"start":{},"end":{}}],"line":208},"31":{"loc":{"start":{"line":219,"column":6},"end":{"line":221,"column":null}},"type":"if","locations":[{"start":{"line":219,"column":6},"end":{"line":221,"column":null}},{"start":{},"end":{}}],"line":219},"32":{"loc":{"start":{"line":233,"column":4},"end":{"line":233,"column":null}},"type":"if","locations":[{"start":{"line":233,"column":4},"end":{"line":233,"column":null}},{"start":{},"end":{}}],"line":233},"33":{"loc":{"start":{"line":233,"column":8},"end":{"line":233,"column":43}},"type":"binary-expr","locations":[{"start":{"line":233,"column":8},"end":{"line":233,"column":21}},{"start":{"line":233,"column":21},"end":{"line":233,"column":43}}],"line":233},"34":{"loc":{"start":{"line":245,"column":4},"end":{"line":245,"column":null}},"type":"if","locations":[{"start":{"line":245,"column":4},"end":{"line":245,"column":null}},{"start":{},"end":{}}],"line":245},"35":{"loc":{"start":{"line":245,"column":8},"end":{"line":245,"column":49}},"type":"binary-expr","locations":[{"start":{"line":245,"column":8},"end":{"line":245,"column":27}},{"start":{"line":245,"column":27},"end":{"line":245,"column":49}}],"line":245},"36":{"loc":{"start":{"line":249,"column":4},"end":{"line":266,"column":null}},"type":"if","locations":[{"start":{"line":249,"column":4},"end":{"line":266,"column":null}},{"start":{"line":252,"column":11},"end":{"line":266,"column":null}}],"line":249},"37":{"loc":{"start":{"line":249,"column":8},"end":{"line":249,"column":53}},"type":"binary-expr","locations":[{"start":{"line":249,"column":8},"end":{"line":249,"column":32}},{"start":{"line":249,"column":32},"end":{"line":249,"column":53}}],"line":249},"38":{"loc":{"start":{"line":254,"column":6},"end":{"line":265,"column":null}},"type":"if","locations":[{"start":{"line":254,"column":6},"end":{"line":265,"column":null}},{"start":{},"end":{}}],"line":254},"39":{"loc":{"start":{"line":255,"column":64},"end":{"line":255,"column":192}},"type":"binary-expr","locations":[{"start":{"line":255,"column":64},"end":{"line":255,"column":90}},{"start":{"line":255,"column":90},"end":{"line":255,"column":134}},{"start":{"line":255,"column":134},"end":{"line":255,"column":167}},{"start":{"line":255,"column":167},"end":{"line":255,"column":192}}],"line":255},"40":{"loc":{"start":{"line":257,"column":10},"end":{"line":262,"column":null}},"type":"if","locations":[{"start":{"line":257,"column":10},"end":{"line":262,"column":null}},{"start":{},"end":{}}],"line":257},"41":{"loc":{"start":{"line":260,"column":67},"end":{"line":260,"column":195}},"type":"binary-expr","locations":[{"start":{"line":260,"column":67},"end":{"line":260,"column":94}},{"start":{"line":260,"column":94},"end":{"line":260,"column":137}},{"start":{"line":260,"column":137},"end":{"line":260,"column":170}},{"start":{"line":260,"column":170},"end":{"line":260,"column":195}}],"line":260},"42":{"loc":{"start":{"line":268,"column":4},"end":{"line":268,"column":null}},"type":"if","locations":[{"start":{"line":268,"column":4},"end":{"line":268,"column":null}},{"start":{},"end":{}}],"line":268},"43":{"loc":{"start":{"line":270,"column":4},"end":{"line":282,"column":null}},"type":"if","locations":[{"start":{"line":270,"column":4},"end":{"line":282,"column":null}},{"start":{"line":272,"column":11},"end":{"line":282,"column":null}}],"line":270},"44":{"loc":{"start":{"line":270,"column":8},"end":{"line":270,"column":49}},"type":"binary-expr","locations":[{"start":{"line":270,"column":8},"end":{"line":270,"column":30}},{"start":{"line":270,"column":30},"end":{"line":270,"column":49}}],"line":270},"45":{"loc":{"start":{"line":274,"column":8},"end":{"line":279,"column":null}},"type":"if","locations":[{"start":{"line":274,"column":8},"end":{"line":279,"column":null}},{"start":{},"end":{}}],"line":274},"46":{"loc":{"start":{"line":287,"column":4},"end":{"line":287,"column":null}},"type":"if","locations":[{"start":{"line":287,"column":4},"end":{"line":287,"column":null}},{"start":{},"end":{}}],"line":287},"47":{"loc":{"start":{"line":287,"column":8},"end":{"line":287,"column":33}},"type":"binary-expr","locations":[{"start":{"line":287,"column":8},"end":{"line":287,"column":17}},{"start":{"line":287,"column":17},"end":{"line":287,"column":33}}],"line":287},"48":{"loc":{"start":{"line":289,"column":4},"end":{"line":295,"column":null}},"type":"if","locations":[{"start":{"line":289,"column":4},"end":{"line":295,"column":null}},{"start":{"line":292,"column":11},"end":{"line":295,"column":null}}],"line":289},"49":{"loc":{"start":{"line":290,"column":6},"end":{"line":290,"column":null}},"type":"if","locations":[{"start":{"line":290,"column":6},"end":{"line":290,"column":null}},{"start":{},"end":{}}],"line":290},"50":{"loc":{"start":{"line":293,"column":6},"end":{"line":293,"column":null}},"type":"if","locations":[{"start":{"line":293,"column":6},"end":{"line":293,"column":null}},{"start":{},"end":{}}],"line":293},"51":{"loc":{"start":{"line":298,"column":4},"end":{"line":309,"column":null}},"type":"if","locations":[{"start":{"line":298,"column":4},"end":{"line":309,"column":null}},{"start":{"line":305,"column":11},"end":{"line":309,"column":null}}],"line":298},"52":{"loc":{"start":{"line":305,"column":11},"end":{"line":309,"column":null}},"type":"if","locations":[{"start":{"line":305,"column":11},"end":{"line":309,"column":null}},{"start":{"line":307,"column":11},"end":{"line":309,"column":null}}],"line":305},"53":{"loc":{"start":{"line":307,"column":11},"end":{"line":309,"column":null}},"type":"if","locations":[{"start":{"line":307,"column":11},"end":{"line":309,"column":null}},{"start":{},"end":{}}],"line":307},"54":{"loc":{"start":{"line":311,"column":4},"end":{"line":314,"column":null}},"type":"if","locations":[{"start":{"line":311,"column":4},"end":{"line":314,"column":null}},{"start":{},"end":{}}],"line":311},"55":{"loc":{"start":{"line":311,"column":8},"end":{"line":311,"column":63}},"type":"binary-expr","locations":[{"start":{"line":311,"column":8},"end":{"line":311,"column":36}},{"start":{"line":311,"column":36},"end":{"line":311,"column":63}}],"line":311},"56":{"loc":{"start":{"line":313,"column":45},"end":{"line":313,"column":92}},"type":"cond-expr","locations":[{"start":{"line":313,"column":63},"end":{"line":313,"column":91}},{"start":{"line":313,"column":91},"end":{"line":313,"column":92}}],"line":313},"57":{"loc":{"start":{"line":319,"column":17},"end":{"line":319,"column":null}},"type":"binary-expr","locations":[{"start":{"line":319,"column":17},"end":{"line":319,"column":42}},{"start":{"line":319,"column":42},"end":{"line":319,"column":null}}],"line":319},"58":{"loc":{"start":{"line":321,"column":4},"end":{"line":325,"column":null}},"type":"if","locations":[{"start":{"line":321,"column":4},"end":{"line":325,"column":null}},{"start":{"line":323,"column":11},"end":{"line":325,"column":null}}],"line":321},"59":{"loc":{"start":{"line":324,"column":43},"end":{"line":324,"column":102}},"type":"cond-expr","locations":[{"start":{"line":324,"column":66},"end":{"line":324,"column":101}},{"start":{"line":324,"column":101},"end":{"line":324,"column":102}}],"line":324},"60":{"loc":{"start":{"line":333,"column":20},"end":{"line":333,"column":null}},"type":"cond-expr","locations":[{"start":{"line":333,"column":48},"end":{"line":333,"column":54}},{"start":{"line":333,"column":54},"end":{"line":333,"column":null}}],"line":333},"61":{"loc":{"start":{"line":338,"column":52},"end":{"line":338,"column":110}},"type":"binary-expr","locations":[{"start":{"line":338,"column":52},"end":{"line":338,"column":76}},{"start":{"line":338,"column":76},"end":{"line":338,"column":97}},{"start":{"line":338,"column":97},"end":{"line":338,"column":110}}],"line":338},"62":{"loc":{"start":{"line":339,"column":4},"end":{"line":341,"column":null}},"type":"if","locations":[{"start":{"line":339,"column":4},"end":{"line":341,"column":null}},{"start":{},"end":{}}],"line":339},"63":{"loc":{"start":{"line":347,"column":74},"end":{"line":347,"column":97}},"type":"binary-expr","locations":[{"start":{"line":347,"column":74},"end":{"line":347,"column":93}},{"start":{"line":347,"column":93},"end":{"line":347,"column":97}}],"line":347},"64":{"loc":{"start":{"line":348,"column":75},"end":{"line":348,"column":95}},"type":"binary-expr","locations":[{"start":{"line":348,"column":75},"end":{"line":348,"column":91}},{"start":{"line":348,"column":91},"end":{"line":348,"column":95}}],"line":348},"65":{"loc":{"start":{"line":405,"column":2},"end":{"line":407,"column":null}},"type":"if","locations":[{"start":{"line":405,"column":2},"end":{"line":407,"column":null}},{"start":{},"end":{}}],"line":405}},"s":{"0":11,"1":11,"2":138,"3":138,"4":138,"5":138,"6":828,"7":828,"8":138,"9":138,"10":138,"11":138,"12":138,"13":138,"14":138,"15":138,"16":78,"17":102,"18":408,"19":102,"20":3,"21":99,"22":388,"23":99,"24":396,"25":138,"26":8,"27":14,"28":8,"29":8,"30":14,"31":8,"32":14,"33":56,"34":138,"35":2,"36":2,"37":2,"38":0,"39":2,"40":3,"41":39,"42":2,"43":3,"44":12,"45":3,"46":9,"47":138,"48":3,"49":3,"50":3,"51":9,"52":3,"53":1,"54":2,"55":3,"56":12,"57":3,"58":12,"59":9,"60":2,"61":3,"62":138,"63":8,"64":7,"65":7,"66":1,"67":7,"68":1,"69":1,"70":1,"71":0,"72":0,"73":6,"74":0,"75":6,"76":6,"77":0,"78":7,"79":1,"80":1,"81":4,"82":1,"83":1,"84":1,"85":1,"86":0,"87":0,"88":1,"89":3,"90":1,"91":2,"92":0,"93":0,"94":0,"95":0,"96":0,"97":1,"98":3,"99":138,"100":2,"101":2,"102":2,"103":0,"104":2,"105":2,"106":2,"107":0,"108":2,"109":2,"110":3,"111":2,"112":3,"113":12,"114":9,"115":3,"116":6,"117":3,"118":3,"119":3,"120":3,"121":3,"122":3,"123":3,"124":3,"125":138,"126":1,"127":1,"128":1,"129":0,"130":1,"131":2,"132":1,"133":1,"134":2,"135":138,"136":2,"137":0,"138":2,"139":2,"140":1,"141":13,"142":1,"143":2,"144":26,"145":1,"146":1,"147":1,"148":1,"149":3,"150":1,"151":1,"152":4,"153":1,"154":3,"155":3,"156":2,"157":1,"158":1,"159":0,"160":0,"161":0,"162":1,"163":2,"164":8,"165":2,"166":4,"167":6,"168":138,"169":3,"170":5,"171":3,"172":0,"173":3,"174":1,"175":0,"176":1,"177":1,"178":2,"179":0,"180":2,"181":4,"182":3,"183":1,"184":1,"185":2,"186":1,"187":1,"188":2,"189":2,"190":4,"191":0,"192":0,"193":0,"194":3,"195":0,"196":0,"197":0,"198":0,"199":0,"200":138,"201":3,"202":3,"203":3,"204":3,"205":1,"206":2,"207":2,"208":8,"209":3,"210":3,"211":3,"212":12,"213":3,"214":3,"215":3,"216":3,"217":138,"218":1,"219":4,"220":1,"221":4,"222":1,"223":4,"224":1,"225":1,"226":1,"227":1,"228":1,"229":1,"230":138,"231":35,"232":138,"233":552,"234":138,"235":40,"236":138,"237":11,"238":156,"239":156,"240":0,"241":156},"f":{"0":138,"1":828,"2":828,"3":78,"4":102,"5":408,"6":388,"7":396,"8":8,"9":14,"10":14,"11":14,"12":56,"13":2,"14":2,"15":3,"16":39,"17":3,"18":12,"19":3,"20":3,"21":9,"22":3,"23":12,"24":12,"25":3,"26":8,"27":7,"28":1,"29":1,"30":0,"31":0,"32":1,"33":4,"34":1,"35":0,"36":3,"37":0,"38":2,"39":2,"40":2,"41":3,"42":3,"43":12,"44":6,"45":1,"46":1,"47":2,"48":2,"49":2,"50":13,"51":2,"52":26,"53":1,"54":3,"55":1,"56":4,"57":3,"58":0,"59":0,"60":2,"61":8,"62":4,"63":3,"64":5,"65":1,"66":4,"67":2,"68":1,"69":4,"70":0,"71":0,"72":0,"73":0,"74":3,"75":3,"76":2,"77":8,"78":3,"79":12,"80":3,"81":1,"82":4,"83":4,"84":4,"85":1,"86":1,"87":35,"88":552,"89":40,"90":156},"b":{"0":[3,99],"1":[396,388],"2":[8],"3":[8,0],"4":[8,8],"5":[14,42],"6":[0,2],"7":[3,9],"8":[1,2],"9":[3,3,2,2],"10":[3,9],"11":[7,1],"12":[1,6],"13":[1,0],"14":[0,0],"15":[6,1,0],"16":[0,0],"17":[6,0],"18":[1,3],"19":[1,0],"20":[0,1],"21":[1,0],"22":[1,2],"23":[0,0,0],"24":[0,0],"25":[0,0],"26":[0,2],"27":[0,2],"28":[2,2,2],"29":[9,3],"30":[3,3],"31":[3,0],"32":[0,1],"33":[1,1],"34":[0,2],"35":[2,2],"36":[1,1],"37":[2,1],"38":[1,0],"39":[3,1,0,0],"40":[1,3],"41":[3,1,0,0],"42":[1,1],"43":[0,1],"44":[1,1],"45":[2,6],"46":[0,3],"47":[3,3],"48":[1,2],"49":[0,1],"50":[0,2],"51":[1,2],"52":[2,0],"53":[0,0],"54":[0,3],"55":[3,3],"56":[0,0],"57":[3,0],"58":[1,2],"59":[2,6],"60":[1,2],"61":[12,9,0],"62":[3,0],"63":[4,1],"64":[4,0],"65":[0,156]},"meta":{"lastBranch":66,"lastFunction":91,"lastStatement":242,"seen":{"s:51:24:51:Infinity":0,"s:53:13:401:Infinity":1,"f:53:13:53:68":0,"s:54:40:54:Infinity":2,"s:55:50:55:Infinity":3,"s:56:34:56:Infinity":4,"s:59:38:63:Infinity":5,"f:60:30:60:34":1,"s:60:44:60:91":6,"f:61:30:61:34":2,"s:61:44:61:91":7,"s:65:46:65:Infinity":8,"s:66:50:66:Infinity":9,"s:67:26:67:Infinity":10,"s:68:28:68:Infinity":11,"s:69:36:69:Infinity":12,"s:70:44:70:Infinity":13,"s:71:50:71:Infinity":14,"s:73:8:85:Infinity":15,"f:73:8:73:33":3,"s:74:4:84:Infinity":16,"f:74:4:74:20":4,"s:75:25:75:Infinity":17,"f:75:30:75:37":5,"s:75:42:75:55":18,"b:76:6:76:Infinity:undefined:undefined:undefined:undefined":0,"s:76:6:76:Infinity":19,"s:76:35:76:Infinity":20,"s:78:22:78:Infinity":21,"f:78:45:78:49":6,"s:78:54:78:65":22,"s:80:6:83:Infinity":23,"f:80:18:80:22":7,"s:80:28:83:8":24,"b:82:25:82:42:82:42:82:Infinity":1,"s:87:8:95:Infinity":25,"f:87:8:87:27":8,"b:87:56:87:65":2,"s:88:22:88:Infinity":26,"f:88:34:88:39":9,"s:88:44:88:55":27,"b:89:4:94:Infinity:undefined:undefined:undefined:undefined":3,"s:89:4:94:Infinity":28,"b:89:8:89:21:89:21:89:44":4,"s:90:6:90:Infinity":29,"f:90:6:90:14":10,"s:90:19:90:29":30,"s:91:6:93:Infinity":31,"f:91:6:91:22":11,"s:92:8:92:Infinity":32,"f:92:13:92:17":12,"s:92:23:92:92":33,"b:92:37:92:90:92:90:92:92":5,"s:97:8:112:Infinity":34,"f:97:8:97:35":13,"s:98:17:98:Infinity":35,"f:98:32:98:37":14,"s:98:42:98:57":36,"b:99:4:99:Infinity:undefined:undefined:undefined:undefined":6,"s:99:4:99:Infinity":37,"s:99:15:99:Infinity":38,"s:102:4:102:Infinity":39,"f:102:4:102:22":15,"s:102:30:102:63":40,"f:102:35:102:42":16,"s:102:47:102:62":41,"s:103:4:111:Infinity":42,"f:103:4:103:19":17,"s:103:27:111:6":43,"f:103:32:103:36":18,"b:104:6:109:Infinity:undefined:undefined:undefined:undefined":7,"s:104:6:109:Infinity":44,"s:105:8:108:Infinity":45,"s:110:6:110:Infinity":46,"s:114:8:131:Infinity":47,"f:114:8:114:39":19,"s:115:22:115:Infinity":48,"f:115:34:115:39":20,"s:115:44:115:64":49,"s:116:25:116:Infinity":50,"f:116:55:116:60":21,"s:116:65:116:80":51,"b:118:4:118:Infinity:undefined:undefined:undefined:undefined":8,"s:118:4:118:Infinity":52,"b:118:8:118:25:118:25:118:79:118:79:118:123:118:123:118:161":9,"s:118:161:118:Infinity":53,"s:120:4:128:Infinity":54,"f:120:4:120:19":22,"s:120:27:128:6":55,"f:120:32:120:36":23,"b:121:6:126:Infinity:undefined:undefined:undefined:undefined":10,"s:121:6:126:Infinity":56,"s:122:8:125:Infinity":57,"f:124:51:124:58":24,"s:124:63:124:78":58,"s:127:6:127:Infinity":59,"s:130:4:130:Infinity":60,"f:130:4:130:22":25,"s:130:30:130:85":61,"s:134:8:193:Infinity":62,"f:134:8:134:Infinity":26,"b:140:4:159:Infinity:undefined:undefined:undefined:undefined":11,"s:140:4:159:Infinity":63,"s:141:6:157:Infinity":64,"f:141:6:141:26":27,"s:142:27:142:Infinity":65,"f:142:32:142:37":28,"s:142:42:142:57":66,"b:143:8:156:Infinity:148:15:156:Infinity":12,"s:143:8:156:Infinity":67,"b:144:10:146:Infinity:undefined:undefined:undefined:undefined":13,"s:144:10:146:Infinity":68,"s:145:12:145:Infinity":69,"f:145:24:145:31":29,"s:145:36:145:51":70,"s:147:10:147:Infinity":71,"f:147:22:147:26":30,"s:147:31:147:84":72,"b:147:49:147:83:147:83:147:84":14,"s:149:29:151:Infinity":73,"b:149:29:149:Infinity:150:12:150:Infinity:151:12:151:Infinity":15,"f:151:24:151:29":31,"s:151:34:151:74":74,"b:151:34:151:53:151:53:151:74":16,"b:152:10:154:Infinity:undefined:undefined:undefined:undefined":17,"s:152:10:154:Infinity":75,"s:153:12:153:Infinity":76,"s:155:10:155:Infinity":77,"s:158:6:158:Infinity":78,"s:161:4:192:Infinity":79,"f:161:4:161:19":32,"s:161:27:192:6":80,"f:161:32:161:36":33,"b:162:6:190:Infinity:undefined:undefined:undefined:undefined":18,"s:162:6:190:Infinity":81,"s:163:27:163:Infinity":82,"f:163:48:163:53":34,"s:163:58:163:73":83,"b:165:8:185:Infinity:176:15:185:Infinity":19,"s:165:8:185:Infinity":84,"b:166:10:175:Infinity:168:17:175:Infinity":20,"s:166:10:175:Infinity":85,"b:166:14:166:39:166:39:166:70":21,"s:167:12:167:Infinity":86,"f:167:52:167:59":35,"s:167:64:167:79":87,"s:169:12:174:Infinity":88,"f:169:52:169:56":36,"b:170:14:172:Infinity:undefined:undefined:undefined:undefined":22,"s:170:14:172:Infinity":89,"s:171:16:171:Infinity":90,"s:173:14:173:Infinity":91,"s:177:29:179:Infinity":92,"b:177:29:177:Infinity:178:12:178:Infinity:179:12:179:Infinity":23,"f:179:24:179:29":37,"s:179:34:179:74":93,"b:179:34:179:53:179:53:179:74":24,"b:180:10:184:Infinity:182:17:184:Infinity":25,"s:180:10:184:Infinity":94,"s:181:12:181:Infinity":95,"s:183:12:183:Infinity":96,"s:186:8:189:Infinity":97,"s:191:6:191:Infinity":98,"s:195:8:229:Infinity":99,"f:195:8:195:27":38,"s:196:22:196:Infinity":100,"f:196:34:196:39":39,"s:196:44:196:64":101,"b:197:4:197:Infinity:undefined:undefined:undefined:undefined":26,"s:197:4:197:Infinity":102,"s:197:20:197:Infinity":103,"s:199:21:199:Infinity":104,"f:199:41:199:46":40,"s:199:51:199:70":105,"b:200:4:200:Infinity:undefined:undefined:undefined:undefined":27,"s:200:4:200:Infinity":106,"b:200:8:200:21:200:21:200:60:200:60:200:89":28,"s:200:89:200:Infinity":107,"s:202:17:202:Infinity":108,"s:203:4:203:Infinity":109,"f:203:4:203:12":41,"s:203:17:203:25":110,"s:205:4:228:Infinity":111,"f:205:4:205:19":42,"s:205:27:228:6":112,"f:205:32:205:36":43,"b:206:6:206:Infinity:undefined:undefined:undefined:undefined":29,"s:206:6:206:Infinity":113,"s:206:32:206:Infinity":114,"s:207:31:216:Infinity":115,"f:207:43:207:47":44,"b:208:8:208:Infinity:undefined:undefined:undefined:undefined":30,"s:208:8:208:Infinity":116,"s:208:33:208:Infinity":117,"s:209:25:209:Infinity":118,"s:210:24:210:Infinity":119,"s:211:8:215:Infinity":120,"s:218:23:218:Infinity":121,"b:219:6:221:Infinity:undefined:undefined:undefined:undefined":31,"s:219:6:221:Infinity":122,"s:220:8:220:Infinity":123,"s:223:6:227:Infinity":124,"s:231:8:242:Infinity":125,"f:231:8:231:19":45,"s:232:21:232:Infinity":126,"f:232:33:232:38":46,"s:232:43:232:66":127,"b:233:4:233:Infinity:undefined:undefined:undefined:undefined":32,"s:233:4:233:Infinity":128,"b:233:8:233:21:233:21:233:43":33,"s:233:43:233:Infinity":129,"s:235:4:235:Infinity":130,"f:235:4:235:12":47,"s:235:17:235:34":131,"s:236:34:239:Infinity":132,"s:241:4:241:Infinity":133,"f:241:4:241:22":48,"s:241:30:241:48":134,"s:244:8:283:Infinity":135,"f:244:8:244:25":49,"b:245:4:245:Infinity:undefined:undefined:undefined:undefined":34,"s:245:4:245:Infinity":136,"b:245:8:245:27:245:27:245:49":35,"s:245:49:245:Infinity":137,"s:247:38:247:Infinity":138,"b:249:4:266:Infinity:252:11:266:Infinity":36,"s:249:4:266:Infinity":139,"b:249:8:249:32:249:32:249:53":37,"s:250:6:250:Infinity":140,"f:250:35:250:42":50,"s:250:47:250:69":141,"s:251:6:251:Infinity":142,"f:251:6:251:24":51,"s:251:32:251:73":143,"f:251:37:251:44":52,"s:251:49:251:72":144,"s:253:25:253:Infinity":145,"f:253:37:253:42":53,"s:253:47:253:62":146,"b:254:6:265:Infinity:undefined:undefined:undefined:undefined":38,"s:254:6:265:Infinity":147,"s:255:8:255:Infinity":148,"f:255:52:255:59":54,"s:255:64:255:192":149,"b:255:64:255:90:255:90:255:134:255:134:255:167:255:167:255:192":39,"s:256:8:264:Infinity":150,"f:256:8:256:23":55,"s:256:31:264:10":151,"f:256:36:256:40":56,"b:257:10:262:Infinity:undefined:undefined:undefined:undefined":40,"s:257:10:262:Infinity":152,"s:258:12:261:Infinity":153,"f:260:55:260:62":57,"s:260:67:260:195":154,"b:260:67:260:94:260:94:260:137:260:137:260:170:260:170:260:195":41,"s:263:10:263:Infinity":155,"b:268:4:268:Infinity:undefined:undefined:undefined:undefined":42,"s:268:4:268:Infinity":156,"s:268:34:268:Infinity":157,"b:270:4:282:Infinity:272:11:282:Infinity":43,"s:270:4:282:Infinity":158,"b:270:8:270:30:270:30:270:49":44,"s:271:6:271:Infinity":159,"f:271:6:271:24":58,"s:271:32:271:103":160,"f:271:57:271:61":59,"s:271:67:271:101":161,"s:273:6:281:Infinity":162,"f:273:6:273:21":60,"s:273:29:281:8":163,"f:273:34:273:38":61,"b:274:8:279:Infinity:undefined:undefined:undefined:undefined":45,"s:274:8:279:Infinity":164,"s:275:10:278:Infinity":165,"f:277:73:277:77":62,"s:277:83:277:117":166,"s:280:8:280:Infinity":167,"s:285:8:315:Infinity":168,"f:285:8:285:23":63,"s:286:17:286:Infinity":169,"f:286:31:286:36":64,"s:286:41:286:56":170,"b:287:4:287:Infinity:undefined:undefined:undefined:undefined":46,"s:287:4:287:Infinity":171,"b:287:8:287:17:287:17:287:33":47,"s:287:33:287:Infinity":172,"b:289:4:295:Infinity:292:11:295:Infinity":48,"s:289:4:295:Infinity":173,"b:290:6:290:Infinity:undefined:undefined:undefined:undefined":49,"s:290:6:290:Infinity":174,"s:290:28:290:Infinity":175,"s:291:6:291:Infinity":176,"f:291:6:291:14":65,"s:291:19:291:32":177,"b:293:6:293:Infinity:undefined:undefined:undefined:undefined":50,"s:293:6:293:Infinity":178,"s:293:29:293:Infinity":179,"s:294:6:294:Infinity":180,"f:294:6:294:15":66,"s:294:20:294:33":181,"b:298:4:309:Infinity:305:11:309:Infinity":51,"s:298:4:309:Infinity":182,"s:299:31:299:Infinity":183,"s:300:42:303:Infinity":184,"f:300:65:300:69":67,"s:300:79:303:8":185,"s:304:6:304:Infinity":186,"f:304:6:304:24":68,"s:304:32:304:57":187,"b:305:11:309:Infinity:307:11:309:Infinity":52,"s:305:11:309:Infinity":188,"s:306:6:306:Infinity":189,"f:306:6:306:19":69,"s:306:24:306:42":190,"b:307:11:309:Infinity:undefined:undefined:undefined:undefined":53,"s:307:11:309:Infinity":191,"s:308:6:308:Infinity":192,"f:308:6:308:14":70,"s:308:19:308:26":193,"b:311:4:314:Infinity:undefined:undefined:undefined:undefined":54,"s:311:4:314:Infinity":194,"b:311:8:311:36:311:36:311:63":55,"s:312:6:312:Infinity":195,"f:312:6:312:26":71,"s:312:34:312:51":196,"s:313:6:313:Infinity":197,"f:313:6:313:23":72,"s:313:31:313:93":198,"f:313:36:313:40":73,"s:313:45:313:92":199,"b:313:63:313:91:313:91:313:92":56,"s:317:8:343:Infinity":200,"f:317:8:317:32":74,"s:318:28:318:Infinity":201,"f:318:40:318:45":75,"s:318:50:318:70":202,"s:319:17:319:Infinity":203,"b:319:17:319:42:319:42:319:Infinity":57,"b:321:4:325:Infinity:323:11:325:Infinity":58,"s:321:4:325:Infinity":204,"s:322:6:322:Infinity":205,"s:324:6:324:Infinity":206,"f:324:6:324:21":76,"s:324:29:324:103":207,"f:324:34:324:38":77,"s:324:43:324:102":208,"b:324:66:324:101:324:101:324:102":59,"s:327:4:336:Infinity":209,"f:327:4:327:16":78,"s:327:24:336:5":210,"b:333:48:333:54:333:54:333:Infinity":60,"s:338:28:338:Infinity":211,"f:338:40:338:47":79,"s:338:52:338:110":212,"b:338:52:338:76:338:76:338:97:338:97:338:110":61,"b:339:4:341:Infinity:undefined:undefined:undefined:undefined":62,"s:339:4:341:Infinity":213,"s:340:6:340:Infinity":214,"f:340:6:340:19":80,"s:340:24:340:42":215,"s:342:4:342:Infinity":216,"s:345:8:354:Infinity":217,"f:345:8:345:38":81,"s:346:33:346:Infinity":218,"f:346:45:346:52":82,"s:346:57:346:70":219,"s:347:27:347:Infinity":220,"f:347:48:347:56":83,"s:347:67:347:97":221,"b:347:74:347:93:347:93:347:97":63,"s:348:28:348:Infinity":222,"f:348:49:348:57":84,"s:348:68:348:95":223,"b:348:75:348:91:348:91:348:95":64,"s:350:4:350:Infinity":224,"f:350:4:350:12":85,"s:350:17:350:35":225,"s:351:4:351:Infinity":226,"f:351:4:351:13":86,"s:351:18:351:37":227,"s:352:4:352:Infinity":228,"s:353:4:353:Infinity":229,"s:356:2:358:Infinity":230,"f:356:2:356:18":87,"s:357:4:357:Infinity":231,"s:360:24:360:Infinity":232,"f:360:36:360:43":88,"s:360:48:360:60":233,"s:361:2:363:Infinity":234,"f:361:2:361:18":89,"s:362:4:362:Infinity":235,"s:365:2:399:Infinity":236,"s:403:13:409:Infinity":237,"f:403:13:403:33":90,"s:404:18:404:Infinity":238,"b:405:2:407:Infinity:undefined:undefined:undefined:undefined":65,"s:405:2:407:Infinity":239,"s:406:4:406:Infinity":240,"s:408:2:408:Infinity":241},"fnNames":{}}}
,"C:\\Users\\theod\\Downloads\\React Strike\\react-strike\\src\\core\\engine\\GameEngine.ts": {"path":"C:\\Users\\theod\\Downloads\\React Strike\\react-strike\\src\\core\\engine\\GameEngine.ts","statementMap":{"0":{"start":{"line":15,"column":35},"end":{"line":15,"column":null}},"1":{"start":{"line":16,"column":38},"end":{"line":16,"column":null}},"2":{"start":{"line":17,"column":42},"end":{"line":17,"column":null}},"3":{"start":{"line":19,"column":44},"end":{"line":19,"column":null}},"4":{"start":{"line":20,"column":29},"end":{"line":20,"column":null}},"5":{"start":{"line":21,"column":30},"end":{"line":21,"column":null}},"6":{"start":{"line":22,"column":30},"end":{"line":22,"column":null}},"7":{"start":{"line":23,"column":35},"end":{"line":23,"column":null}},"8":{"start":{"line":25,"column":32},"end":{"line":25,"column":null}},"9":{"start":{"line":26,"column":33},"end":{"line":26,"column":null}},"10":{"start":{"line":27,"column":37},"end":{"line":27,"column":null}},"11":{"start":{"line":28,"column":46},"end":{"line":28,"column":null}},"12":{"start":{"line":189,"column":10},"end":{"line":219,"column":null}},"13":{"start":{"line":235,"column":10},"end":{"line":248,"column":null}},"14":{"start":{"line":31,"column":4},"end":{"line":31,"column":null}},"15":{"start":{"line":35,"column":4},"end":{"line":37,"column":null}},"16":{"start":{"line":36,"column":6},"end":{"line":36,"column":null}},"17":{"start":{"line":38,"column":4},"end":{"line":38,"column":null}},"18":{"start":{"line":43,"column":4},"end":{"line":45,"column":null}},"19":{"start":{"line":44,"column":6},"end":{"line":44,"column":null}},"20":{"start":{"line":46,"column":4},"end":{"line":46,"column":null}},"21":{"start":{"line":50,"column":4},"end":{"line":50,"column":null}},"22":{"start":{"line":51,"column":4},"end":{"line":51,"column":null}},"23":{"start":{"line":55,"column":4},"end":{"line":55,"column":null}},"24":{"start":{"line":59,"column":4},"end":{"line":59,"column":null}},"25":{"start":{"line":63,"column":4},"end":{"line":63,"column":null}},"26":{"start":{"line":67,"column":4},"end":{"line":67,"column":null}},"27":{"start":{"line":71,"column":4},"end":{"line":71,"column":null}},"28":{"start":{"line":71,"column":37},"end":{"line":71,"column":80}},"29":{"start":{"line":71,"column":91},"end":{"line":71,"column":97}},"30":{"start":{"line":75,"column":4},"end":{"line":75,"column":null}},"31":{"start":{"line":75,"column":37},"end":{"line":75,"column":77}},"32":{"start":{"line":75,"column":88},"end":{"line":75,"column":94}},"33":{"start":{"line":79,"column":4},"end":{"line":79,"column":null}},"34":{"start":{"line":83,"column":4},"end":{"line":83,"column":null}},"35":{"start":{"line":87,"column":4},"end":{"line":87,"column":null}},"36":{"start":{"line":87,"column":23},"end":{"line":87,"column":null}},"37":{"start":{"line":88,"column":4},"end":{"line":88,"column":null}},"38":{"start":{"line":92,"column":17},"end":{"line":92,"column":null}},"39":{"start":{"line":93,"column":4},"end":{"line":93,"column":null}},"40":{"start":{"line":94,"column":4},"end":{"line":94,"column":null}},"41":{"start":{"line":98,"column":17},"end":{"line":98,"column":null}},"42":{"start":{"line":99,"column":4},"end":{"line":99,"column":null}},"43":{"start":{"line":100,"column":4},"end":{"line":100,"column":null}},"44":{"start":{"line":104,"column":4},"end":{"line":104,"column":null}},"45":{"start":{"line":105,"column":28},"end":{"line":110,"column":null}},"46":{"start":{"line":113,"column":23},"end":{"line":113,"column":null}},"47":{"start":{"line":114,"column":4},"end":{"line":118,"column":null}},"48":{"start":{"line":115,"column":6},"end":{"line":117,"column":null}},"49":{"start":{"line":116,"column":8},"end":{"line":116,"column":null}},"50":{"start":{"line":120,"column":16},"end":{"line":120,"column":null}},"51":{"start":{"line":121,"column":16},"end":{"line":121,"column":null}},"52":{"start":{"line":122,"column":10},"end":{"line":133,"column":null}},"53":{"start":{"line":123,"column":6},"end":{"line":129,"column":null}},"54":{"start":{"line":124,"column":8},"end":{"line":124,"column":null}},"55":{"start":{"line":125,"column":8},"end":{"line":128,"column":null}},"56":{"start":{"line":126,"column":10},"end":{"line":126,"column":null}},"57":{"start":{"line":127,"column":10},"end":{"line":127,"column":null}},"58":{"start":{"line":130,"column":18},"end":{"line":130,"column":null}},"59":{"start":{"line":131,"column":6},"end":{"line":131,"column":null}},"60":{"start":{"line":132,"column":6},"end":{"line":132,"column":null}},"61":{"start":{"line":135,"column":4},"end":{"line":139,"column":null}},"62":{"start":{"line":136,"column":22},"end":{"line":136,"column":null}},"63":{"start":{"line":137,"column":27},"end":{"line":137,"column":null}},"64":{"start":{"line":138,"column":6},"end":{"line":138,"column":null}},"65":{"start":{"line":143,"column":25},"end":{"line":143,"column":null}},"66":{"start":{"line":144,"column":4},"end":{"line":144,"column":null}},"67":{"start":{"line":148,"column":4},"end":{"line":148,"column":null}},"68":{"start":{"line":149,"column":4},"end":{"line":149,"column":null}},"69":{"start":{"line":150,"column":4},"end":{"line":150,"column":null}},"70":{"start":{"line":151,"column":4},"end":{"line":151,"column":null}},"71":{"start":{"line":152,"column":4},"end":{"line":152,"column":null}},"72":{"start":{"line":153,"column":4},"end":{"line":153,"column":null}},"73":{"start":{"line":157,"column":4},"end":{"line":157,"column":null}},"74":{"start":{"line":157,"column":40},"end":{"line":157,"column":null}},"75":{"start":{"line":158,"column":4},"end":{"line":158,"column":null}},"76":{"start":{"line":159,"column":4},"end":{"line":159,"column":null}},"77":{"start":{"line":163,"column":4},"end":{"line":166,"column":null}},"78":{"start":{"line":164,"column":6},"end":{"line":164,"column":null}},"79":{"start":{"line":165,"column":6},"end":{"line":165,"column":null}},"80":{"start":{"line":170,"column":4},"end":{"line":170,"column":null}},"81":{"start":{"line":171,"column":4},"end":{"line":171,"column":null}},"82":{"start":{"line":175,"column":4},"end":{"line":175,"column":null}},"83":{"start":{"line":176,"column":4},"end":{"line":176,"column":null}},"84":{"start":{"line":177,"column":4},"end":{"line":177,"column":null}},"85":{"start":{"line":181,"column":4},"end":{"line":182,"column":null}},"86":{"start":{"line":181,"column":23},"end":{"line":181,"column":null}},"87":{"start":{"line":182,"column":9},"end":{"line":182,"column":null}},"88":{"start":{"line":186,"column":4},"end":{"line":186,"column":null}},"89":{"start":{"line":190,"column":4},"end":{"line":190,"column":null}},"90":{"start":{"line":190,"column":37},"end":{"line":190,"column":null}},"91":{"start":{"line":191,"column":4},"end":{"line":191,"column":null}},"92":{"start":{"line":191,"column":26},"end":{"line":191,"column":null}},"93":{"start":{"line":192,"column":4},"end":{"line":192,"column":null}},"94":{"start":{"line":194,"column":4},"end":{"line":203,"column":null}},"95":{"start":{"line":205,"column":4},"end":{"line":214,"column":null}},"96":{"start":{"line":216,"column":4},"end":{"line":218,"column":null}},"97":{"start":{"line":217,"column":6},"end":{"line":217,"column":null}},"98":{"start":{"line":222,"column":4},"end":{"line":222,"column":null}},"99":{"start":{"line":226,"column":4},"end":{"line":226,"column":null}},"100":{"start":{"line":230,"column":4},"end":{"line":230,"column":null}},"101":{"start":{"line":231,"column":4},"end":{"line":231,"column":null}},"102":{"start":{"line":232,"column":4},"end":{"line":232,"column":null}},"103":{"start":{"line":236,"column":21},"end":{"line":236,"column":null}},"104":{"start":{"line":237,"column":4},"end":{"line":237,"column":null}},"105":{"start":{"line":239,"column":25},"end":{"line":239,"column":null}},"106":{"start":{"line":240,"column":22},"end":{"line":240,"column":null}},"107":{"start":{"line":242,"column":4},"end":{"line":244,"column":null}},"108":{"start":{"line":243,"column":6},"end":{"line":243,"column":null}},"109":{"start":{"line":246,"column":4},"end":{"line":246,"column":null}},"110":{"start":{"line":247,"column":4},"end":{"line":247,"column":null}},"111":{"start":{"line":251,"column":27},"end":{"line":251,"column":null}},"112":{"start":{"line":251,"column":53},"end":{"line":251,"column":66}},"113":{"start":{"line":252,"column":18},"end":{"line":252,"column":null}},"114":{"start":{"line":254,"column":4},"end":{"line":289,"column":null}},"115":{"start":{"line":254,"column":20},"end":{"line":254,"column":23}},"116":{"start":{"line":255,"column":6},"end":{"line":286,"column":null}},"117":{"start":{"line":255,"column":19},"end":{"line":255,"column":22}},"118":{"start":{"line":256,"column":19},"end":{"line":256,"column":null}},"119":{"start":{"line":257,"column":24},"end":{"line":257,"column":null}},"120":{"start":{"line":258,"column":19},"end":{"line":258,"column":null}},"121":{"start":{"line":260,"column":8},"end":{"line":285,"column":null}},"122":{"start":{"line":260,"column":21},"end":{"line":260,"column":28}},"123":{"start":{"line":261,"column":21},"end":{"line":261,"column":null}},"124":{"start":{"line":262,"column":26},"end":{"line":262,"column":null}},"125":{"start":{"line":263,"column":21},"end":{"line":263,"column":null}},"126":{"start":{"line":265,"column":26},"end":{"line":265,"column":null}},"127":{"start":{"line":266,"column":33},"end":{"line":266,"column":null}},"128":{"start":{"line":268,"column":10},"end":{"line":284,"column":null}},"129":{"start":{"line":269,"column":12},"end":{"line":274,"column":null}},"130":{"start":{"line":270,"column":28},"end":{"line":270,"column":null}},"131":{"start":{"line":271,"column":14},"end":{"line":271,"column":null}},"132":{"start":{"line":272,"column":14},"end":{"line":272,"column":null}},"133":{"start":{"line":273,"column":14},"end":{"line":273,"column":null}},"134":{"start":{"line":276,"column":28},"end":{"line":276,"column":null}},"135":{"start":{"line":277,"column":31},"end":{"line":277,"column":null}},"136":{"start":{"line":279,"column":12},"end":{"line":279,"column":null}},"137":{"start":{"line":280,"column":12},"end":{"line":280,"column":null}},"138":{"start":{"line":282,"column":12},"end":{"line":282,"column":null}},"139":{"start":{"line":283,"column":12},"end":{"line":283,"column":null}},"140":{"start":{"line":288,"column":6},"end":{"line":288,"column":null}},"141":{"start":{"line":288,"column":34},"end":{"line":288,"column":103}},"142":{"start":{"line":293,"column":4},"end":{"line":296,"column":null}},"143":{"start":{"line":294,"column":6},"end":{"line":294,"column":null}},"144":{"start":{"line":295,"column":6},"end":{"line":295,"column":null}},"145":{"start":{"line":298,"column":22},"end":{"line":298,"column":null}},"146":{"start":{"line":298,"column":48},"end":{"line":298,"column":91}},"147":{"start":{"line":299,"column":18},"end":{"line":299,"column":null}},"148":{"start":{"line":299,"column":44},"end":{"line":299,"column":84}},"149":{"start":{"line":301,"column":39},"end":{"line":309,"column":null}},"150":{"start":{"line":311,"column":4},"end":{"line":315,"column":null}},"151":{"start":{"line":312,"column":6},"end":{"line":314,"column":null}},"152":{"start":{"line":313,"column":8},"end":{"line":313,"column":null}},"153":{"start":{"line":317,"column":4},"end":{"line":317,"column":null}},"154":{"start":{"line":319,"column":4},"end":{"line":319,"column":null}},"155":{"start":{"line":319,"column":46},"end":{"line":319,"column":59}},"156":{"start":{"line":321,"column":25},"end":{"line":321,"column":null}},"157":{"start":{"line":322,"column":4},"end":{"line":326,"column":null}},
[...]
{"start":{"line":255,"column":26},"end":{"line":255,"column":null}},{"start":{"line":256,"column":26},"end":{"line":256,"column":null}}],"line":254},"21":{"loc":{"start":{"line":266,"column":11},"end":{"line":329,"column":null}},"type":"cond-expr","locations":[{"start":{"line":267,"column":12},"end":{"line":270,"column":29}},{"start":{"line":270,"column":14},"end":{"line":329,"column":null}}],"line":266},"22":{"loc":{"start":{"line":270,"column":14},"end":{"line":329,"column":null}},"type":"cond-expr","locations":[{"start":{"line":271,"column":12},"end":{"line":276,"column":13}},{"start":{"line":276,"column":12},"end":{"line":329,"column":null}}],"line":270},"23":{"loc":{"start":{"line":298,"column":19},"end":{"line":325,"column":null}},"type":"cond-expr","locations":[{"start":{"line":299,"column":20},"end":{"line":306,"column":21}},{"start":{"line":306,"column":20},"end":{"line":325,"column":null}}],"line":298},"24":{"loc":{"start":{"line":298,"column":19},"end":{"line":298,"column":null}},"type":"binary-expr","locations":[{"start":{"line":298,"column":19},"end":{"line":298,"column":52}},{"start":{"line":298,"column":52},"end":{"line":298,"column":89}},{"start":{"line":298,"column":89},"end":{"line":298,"column":null}}],"line":298},"25":{"loc":{"start":{"line":315,"column":23},"end":{"line":321,"column":null}},"type":"binary-expr","locations":[{"start":{"line":315,"column":23},"end":{"line":315,"column":null}},{"start":{"line":316,"column":24},"end":{"line":321,"column":null}}],"line":315}},"s":{"0":2,"1":6,"2":2,"3":3,"4":12,"5":3,"6":3,"7":3,"8":3,"9":3,"10":3,"11":3,"12":0,"13":0,"14":0,"15":0,"16":0,"17":3,"18":0,"19":0,"20":0,"21":0,"22":0,"23":3,"24":0,"25":0,"26":0,"27":0,"28":3,"29":0,"30":0,"31":0,"32":0,"33":3,"34":6,"35":6,"36":6,"37":1,"38":0,"39":0,"40":9,"41":15,"42":3,"43":3,"44":3,"45":0,"46":12,"47":12,"48":0,"49":4,"50":1,"51":0},"f":{"0":6,"1":3,"2":12,"3":3,"4":0,"5":0,"6":0,"7":0,"8":0,"9":0,"10":0,"11":0,"12":6,"13":1,"14":0,"15":0,"16":9,"17":15,"18":3,"19":0,"20":12,"21":0,"22":4,"23":1,"24":0},"b":{"0":[3,0,0],"1":[3,0],"2":[0,0],"3":[0,0],"4":[0,0],"5":[0,0],"6":[0,0],"7":[0,0],"8":[0,0],"9":[0,0],"10":[3,0],"11":[3,3,3],"12":[6,0],"13":[6,6],"14":[1,1],"15":[6,0],"16":[6,6],"17":[6,0],"18":[3,3],"19":[3,3,3],"20":[3,9],"21":[0,3],"22":[0,3],"23":[3,1],"24":[4,4,1],"25":[1,0]},"meta":{"lastBranch":26,"lastFunction":25,"lastStatement":52,"seen":{"s:21:26:21:Infinity":0,"f:21:38:21:45":0,"s:21:50:21:67":1,"s:23:13:333:Infinity":2,"f:23:13:23:52":1,"s:34:28:34:Infinity":3,"f:34:40:34:47":2,"s:34:52:34:65":4,"s:35:29:35:Infinity":5,"b:35:29:35:53:35:53:35:81:35:81:35:Infinity":0,"s:36:28:36:Infinity":6,"f:36:40:36:45":3,"s:36:50:36:77":7,"s:39:23:39:Infinity":8,"s:42:28:42:Infinity":9,"b:42:48:42:87:42:87:42:Infinity":1,"s:43:25:43:Infinity":10,"s:45:8:49:Infinity":11,"f:45:8:45:44":4,"b:46:4:46:Infinity:undefined:undefined:undefined:undefined":2,"s:46:4:46:Infinity":12,"b:46:8:46:30:46:30:46:59":3,"s:46:59:46:Infinity":13,"s:47:19:47:Infinity":14,"f:47:34:47:38":5,"s:47:43:47:47":15,"s:48:4:48:Infinity":16,"s:51:8:55:Infinity":17,"f:51:8:51:41":6,"b:52:4:52:Infinity:undefined:undefined:undefined:undefined":4,"s:52:4:52:Infinity":18,"b:52:8:52:30:52:30:52:81":5,"s:52:81:52:Infinity":19,"s:53:19:53:Infinity":20,"f:53:56:53:60":7,"s:53:65:53:69":21,"s:54:4:54:Infinity":22,"s:57:8:60:Infinity":23,"f:57:8:57:41":8,"b:58:4:58:Infinity:undefined:undefined:undefined:undefined":6,"s:58:4:58:Infinity":24,"b:58:8:58:30:58:30:58:50":7,"s:58:50:58:Infinity":25,"s:59:4:59:Infinity":26,"f:59:59:59:63":9,"s:59:68:59:72":27,"s:62:8:65:Infinity":28,"f:62:8:62:38":10,"b:63:4:63:Infinity:undefined:undefined:undefined:undefined":8,"s:63:4:63:Infinity":29,"b:63:8:63:30:63:30:63:56":9,"s:63:56:63:Infinity":30,"s:64:4:64:Infinity":31,"f:64:65:64:69":11,"s:64:74:64:78":32,"s:67:2:331:Infinity":33,"b:73:50:73:75:73:75:73:Infinity":10,"b:88:13:88:34:88:34:88:Infinity:89:14:96:Infinity":11,"f:101:31:101:35":12,"s:102:35:102:Infinity":34,"b:102:35:102:66:102:66:102:Infinity":12,"s:103:32:103:Infinity":35,"s:105:14:173:Infinity":36,"b:133:23:133:Infinity:134:24:156:Infinity":13,"f:137:28:137:43":13,"s:137:43:137:Infinity":37,"b:137:43:137:70:137:70:137:Infinity":14,"b:141:34:141:Infinity:142:34:142:Infinity":15,"b:148:27:148:Infinity:149:28:154:Infinity":16,"f:150:30:150:45":14,"s:150:45:150:Infinity":38,"f:162:22:162:37":15,"s:162:37:162:Infinity":39,"b:166:28:166:Infinity:167:28:167:Infinity":17,"f:179:15:179:22":16,"s:179:30:179:75":40,"f:179:49:179:54":17,"s:179:59:179:74":41,"f:180:15:180:19":18,"s:181:37:181:Infinity":42,"s:182:31:182:Infinity":43,"s:183:16:220:Infinity":44,"b:206:23:206:Infinity:207:24:218:23":18,"f:210:28:210:43":19,"s:210:43:210:Infinity":45,"b:234:15:234:36:234:36:234:Infinity:235:16:242:Infinity":19,"f:247:33:247:37":20,"s:248:35:248:Infinity":46,"s:249:16:260:Infinity":47,"f:252:20:252:35":21,"s:252:35:252:Infinity":48,"b:255:26:255:Infinity:256:26:256:Infinity":20,"b:267:12:270:29:270:14:329:Infinity":21,"b:271:12:276:13:276:12:329:Infinity":22,"f:277:30:277:34":22,"s:278:16:325:Infinity":49,"b:299:20:306:21:306:20:325:Infinity":23,"b:298:19:298:52:298:52:298:89:298:89:298:Infinity":24,"f:309:24:309:39":23,"s:309:39:309:Infinity":50,"b:315:23:315:Infinity:316:24:321:Infinity":25,"f:317:26:317:41":24,"s:317:41:317:Infinity":51},"fnNames":{}}}
,"C:\\Users\\theod\\Downloads\\React Strike\\react-strike\\src\\features\\visual_novel\\StoryScene.tsx": {"path":"C:\\Users\\theod\\Downloads\\React Strike\\react-strike\\src\\features\\visual_novel\\StoryScene.tsx","statementMap":{"0":{"start":{"line":10,"column":36},"end":{"line":18,"column":null}},"1":{"start":{"line":20,"column":13},"end":{"line":53,"column":null}},"2":{"start":{"line":21,"column":50},"end":{"line":21,"column":null}},"3":{"start":{"line":23,"column":22},"end":{"line":23,"column":null}},"4":{"start":{"line":25,"column":8},"end":{"line":33,"column":null}},"5":{"start":{"line":26,"column":4},"end":{"line":32,"column":null}},"6":{"start":{"line":27,"column":6},"end":{"line":27,"column":null}},"7":{"start":{"line":27,"column":31},"end":{"line":27,"column":36}},"8":{"start":{"line":29,"column":6},"end":{"line":31,"column":null}},"9":{"start":{"line":30,"column":8},"end":{"line":30,"column":null}},"10":{"start":{"line":35,"column":2},"end":{"line":51,"column":null}}},"fnMap":{"0":{"name":"(anonymous_0)","decl":{"start":{"line":20,"column":13},"end":{"line":20,"column":54}},"loc":{"start":{"line":20,"column":98},"end":{"line":53,"column":null}},"line":20},"1":{"name":"(anonymous_1)","decl":{"start":{"line":25,"column":8},"end":{"line":25,"column":27}},"loc":{"start":{"line":25,"column":27},"end":{"line":33,"column":null}},"line":25},"2":{"name":"(anonymous_2)","decl":{"start":{"line":27,"column":6},"end":{"line":27,"column":26}},"loc":{"start":{"line":27,"column":31},"end":{"line":27,"column":36}},"line":27}},"branchMap":{"0":{"loc":{"start":{"line":20,"column":68},"end":{"line":20,"column":98}},"type":"default-arg","locations":[{"start":{"line":20,"column":77},"end":{"line":20,"column":98}}],"line":20},"1":{"loc":{"start":{"line":26,"column":4},"end":{"line":32,"column":null}},"type":"if","locations":[{"start":{"line":26,"column":4},"end":{"line":32,"column":null}},{"start":{"line":28,"column":11},"end":{"line":32,"column":null}}],"line":26},"2":{"loc":{"start":{"line":29,"column":6},"end":{"line":31,"column":null}},"type":"if","locations":[{"start":{"line":29,"column":6},"end":{"line":31,"column":null}},{"start":{},"end":{}}],"line":29}},"s":{"0":1,"1":1,"2":5,"3":5,"4":5,"5":3,"6":2,"7":2,"8":1,"9":1,"10":5},"f":{"0":5,"1":3,"2":2},"b":{"0":[5],"1":[2,1],"2":[1,0]},"meta":{"lastBranch":3,"lastFunction":3,"lastStatement":11,"seen":{"s:10:36:18:Infinity":0,"s:20:13:53:Infinity":1,"f:20:13:20:54":0,"b:20:77:20:98":0,"s:21:50:21:Infinity":2,"s:23:22:23:Infinity":3,"s:25:8:33:Infinity":4,"f:25:8:25:27":1,"b:26:4:32:Infinity:28:11:32:Infinity":1,"s:26:4:32:Infinity":5,"s:27:6:27:Infinity":6,"f:27:6:27:26":2,"s:27:31:27:36":7,"b:29:6:31:Infinity:undefined:undefined:undefined:undefined":2,"s:29:6:31:Infinity":8,"s:30:8:30:Infinity":9,"s:35:2:51:Infinity":10},"fnNames":{}}}
,"C:\\Users\\theod\\Downloads\\React Strike\\react-strike\\src\\hooks\\useGameEngine.ts": {"path":"C:\\Users\\theod\\Downloads\\React Strike\\react-strike\\src\\hooks\\useGameEngine.ts","statementMap":{"0":{"start":{"line":4,"column":13},"end":{"line":17,"column":null}},"1":{"start":{"line":5,"column":20},"end":{"line":5,"column":null}},"2":{"start":{"line":7,"column":2},"end":{"line":14,"column":null}},"3":{"start":{"line":8,"column":19},"end":{"line":8,"column":null}},"4":{"start":{"line":9,"column":4},"end":{"line":9,"column":null}},"5":{"start":{"line":11,"column":4},"end":{"line":13,"column":null}},"6":{"start":{"line":12,"column":6},"end":{"line":12,"column":null}},"7":{"start":{"line":16,"column":2},"end":{"line":16,"column":null}}},"fnMap":{"0":{"name":"(anonymous_0)","decl":{"start":{"line":4,"column":13},"end":{"line":4,"column":35}},"loc":{"start":{"line":4,"column":35},"end":{"line":17,"column":null}},"line":4},"1":{"name":"(anonymous_1)","decl":{"start":{"line":7,"column":2},"end":{"line":7,"column":18}},"loc":{"start":{"line":7,"column":18},"end":{"line":14,"column":5}},"line":7},"2":{"name":"(anonymous_2)","decl":{"start":{"line":11,"column":4},"end":{"line":11,"column":17}},"loc":{"start":{"line":11,"column":17},"end":{"line":13,"column":null}},"line":11}},"branchMap":{},"s":{"0":3,"1":20,"2":20,"3":10,"4":10,"5":10,"6":10,"7":20},"f":{"0":20,"1":10,"2":10},"b":{},"meta":{"lastBranch":0,"lastFunction":3,"lastStatement":8,"seen":{"s:4:13:17:Infinity":0,"f:4:13:4:35":0,"s:5:20:5:Infinity":1,"s:7:2:14:Infinity":2,"f:7:2:7:18":1,"s:8:19:8:Infinity":3,"s:9:4:9:Infinity":4,"s:11:4:13:Infinity":5,"f:11:4:11:17":2,"s:12:6:12:Infinity":6,"s:16:2:16:Infinity":7},"fnNames":{}}}
,"C:\\Users\\theod\\Downloads\\React Strike\\react-strike\\src\\hooks\\useGameEvent.ts": {"path":"C:\\Users\\theod\\Downloads\\React Strike\\react-strike\\src\\hooks\\useGameEvent.ts","statementMap":{"0":{"start":{"line":5,"column":13},"end":{"line":24,"column":null}},"1":{"start":{"line":9,"column":24},"end":{"line":9,"column":null}},"2":{"start":{"line":11,"column":2},"end":{"line":13,"column":null}},"3":{"start":{"line":12,"column":4},"end":{"line":12,"column":null}},"4":{"start":{"line":15,"column":2},"end":{"line":23,"column":null}},"5":{"start":{"line":16,"column":19},"end":{"line":16,"column":null}},"6":{"start":{"line":17,"column":10},"end":{"line":17,"column":null}},"7":{"start":{"line":17,"column":56},"end":{"line":17,"column":null}},"8":{"start":{"line":18,"column":4},"end":{"line":18,"column":null}},"9":{"start":{"line":20,"column":4},"end":{"line":22,"column":null}},"10":{"start":{"line":21,"column":6},"end":{"line":21,"column":null}}},"fnMap":{"0":{"name":"(anonymous_0)","decl":{"start":{"line":5,"column":13},"end":{"line":5,"column":null}},"loc":{"start":{"line":8,"column":5},"end":{"line":24,"column":null}},"line":8},"1":{"name":"(anonymous_1)","decl":{"start":{"line":11,"column":2},"end":{"line":11,"column":18}},"loc":{"start":{"line":11,"column":18},"end":{"line":13,"column":5}},"line":11},"2":{"name":"(anonymous_2)","decl":{"start":{"line":15,"column":2},"end":{"line":15,"column":18}},"loc":{"start":{"line":15,"column":18},"end":{"line":23,"column":5}},"line":15},"3":{"name":"(anonymous_3)","decl":{"start":{"line":17,"column":10},"end":{"line":17,"column":21}},"loc":{"start":{"line":17,"column":56},"end":{"line":17,"column":null}},"line":17},"4":{"name":"(anonymous_4)","decl":{"start":{"line":20,"column":4},"end":{"line":20,"column":17}},"loc":{"start":{"line":20,"column":17},"end":{"line":22,"column":null}},"line":20}},"branchMap":{},"s":{"0":3,"1":40,"2":40,"3":40,"4":40,"5":20,"6":20,"7":2,"8":20,"9":20,"10":20},"f":{"0":40,"1":40,"2":20,"3":2,"4":20},"b":{},"meta":{"lastBranch":0,"lastFunction":5,"lastStatement":11,"seen":{"s:5:13:24:Infinity":0,"f:5:13:5:Infinity":0,"s:9:24:9:Infinity":1,"s:11:2:13:Infinity":2,"f:11:2:11:18":1,"s:12:4:12:Infinity":3,"s:15:2:23:Infinity":4,"f:15:2:15:18":2,"s:16:19:16:Infinity":5,"s:17:10:17:Infinity":6,"f:17:10:17:21":3,"s:17:56:17:Infinity":7,"s:18:4:18:Infinity":8,"s:20:4:22:Infinity":9,"f:20:4:20:17":4,"s:21:6:21:Infinity":10},"fnNames":{}}}
,"C:\\Users\\theod\\Downloads\\React Strike\\react-strike\\src\\pages\\MainMenu.tsx": {"path":"C:\\Users\\theod\\Downloads\\React Strike\\react-strike\\src\\pages\\MainMenu.tsx","statementMap":{"0":{"start":{"line":20,"column":13},"end":{"line":99,"column":null}},"1":{"start":{"line":21,"column":44},"end":{"line":21,"column":null}},"2":{"start":{"line":23,"column":8},"end":{"line":47,"column":null}},"3":{"start":{"line":25,"column":4},"end":{"line":46,"column":null}},"4":{"start":{"line":26,"column":6},"end":{"line":30,"column":null}},"5":{"start":{"line":27,"column":9},"end":{"line":27,"column":null}},"6":{"start":{"line":28,"column":13},"end":{"line":30,"column":null}},"7":{"start":{"line":29,"column":9},"end":{"line":29,"column":null}},"8":{"start":{"line":33,"column":6},"end":{"line":45,"column":null}},"9":{"start":{"line":34,"column":8},"end":{"line":34,"column":null}},"10":{"start":{"line":36,"column":8},"end":{"line":41,"column":null}},"11":{"start":{"line":37,"column":10},"end":{"line":40,"column":null}},"12":{"start":{"line":38,"column":12},"end":{"line":38,"column":null}},"13":{"start":{"line":39,"column":12},"end":{"line":39,"column":null}},"14":{"start":{"line":39,"column":29},"end":{"line":39,"column":54}},"15":{"start":{"line":43,"column":8},"end":{"line":43,"column":null}},"16":{"start":{"line":44,"column":8},"end":{"line":44,"column":null}},"17":{"start":{"line":44,"column":25},"end":{"line":44,"column":50}},"18":{"start":{"line":49,"column":2},"end":{"line":97,"column":null}},"19":{"start":{"line":66,"column":27},"end":{"line":66,"column":null}},"20":{"start":{"line":74,"column":27},"end":{"line":74,"column":null}}},"fnMap":{"0":{"name":"(anonymous_0)","decl":{"start":{"line":20,"column":13},"end":{"line":20,"column":50}},"loc":{"start":{"line":20,"column":69},"end":{"line":99,"column":null}},"line":20},"1":{"name":"(anonymous_1)","decl":{"start":{"line":23,"column":8},"end":{"line":23,"column":27}},"loc":{"start":{"line":23,"column":27},"end":{"line":47,"column":null}},"line":23},"2":{"name":"(anonymous_2)","decl":{"start":{"line":36,"column":8},"end":{"line":36,"column":25}},"loc":{"start":{"line":36,"column":25},"end":{"line":41,"column":11}},"line":36},"3":{"name":"(anonymous_3)","decl":{"start":{"line":39,"column":12},"end":{"line":39,"column":29}},"loc":{"start":{"line":39,"column":29},"end":{"line":39,"column":54}},"line":39},"4":{"name":"(anonymous_4)","decl":{"start":{"line":44,"column":8},"end":{"line":44,"column":25}},"loc":{"start":{"line":44,"column":25},"end":{"line":44,"column":50}},"line":44},"5":{"name":"(anonymous_5)","decl":{"start":{"line":66,"column":12},"end":{"line":66,"column":27}},"loc":{"start":{"line":66,"column":27},"end":{"line":66,"column":null}},"line":66},"6":{"name":"(anonymous_6)","decl":{"start":{"line":74,"column":12},"end":{"line":74,"column":27}},"loc":{"start":{"line":74,"column":27},"end":{"line":74,"column":null}},"line":74}},"branchMap":{"0":{"loc":{"start":{"line":25,"column":4},"end":{"line":46,"column":null}},"type":"if","locations":[{"start":{"line":25,"column":4},"end":{"line":46,"column":null}},{"start":{"line":31,"column":11},"end":{"line":46,"column":null}}],"line":25},"1":{"loc":{"start":{"line":25,"column":8},"end":{"line":25,"column":45}},"type":"binary-expr","locations":[{"start":{"line":25,"column":8},"end":{"line":25,"column":28}},{"start":{"line":25,"column":28},"end":{"line":25,"column":45}}],"line":25},"2":{"loc":{"start":{"line":26,"column":6},"end":{"line":30,"column":null}},"type":"if","locations":[{"start":{"line":26,"column":6},"end":{"line":30,"column":null}},{"start":{"line":28,"column":13},"end":{"line":30,"column":null}}],"line":26},"3":{"loc":{"start":{"line":28,"column":13},"end":{"line":30,"column":null}},"type":"if","locations":[{"start":{"line":28,"column":13},"end":{"line":30,"column":null}},{"start":{},"end":{}}],"line":28},"4":{"loc":{"start":{"line":37,"column":10},"end":{"line":40,"column":null}},"type":"if","locations":[{"start":{"line":37,"column":10},"end":{"line":40,"column":null}},{"start":{},"end":{}}],"line":37},"5":{"loc":{"start":{"line":91,"column":7},"end":{"line":95,"column":null}},"type":"binary-expr","locations":[{"start":{"line":91,"column":7},"end":{"line":91,"column":null}},{"start":{"line":92,"column":8},"end":{"line":95,"column":null}}],"line":91}},"s":{"0":1,"1":1,"2":1,"3":0,"4":0,"5":0,"6":0,"7":0,"8":0,"9":0,"10":0,"11":0,"12":0,"13":0,"14":0,"15":0,"16":0,"17":0,"18":1,"19":1,"20":0},"f":{"0":1,"1":0,"2":0,"3":0,"4":0,"5":1,"6":0},"b":{"0":[0,0],"1":[0,0],"2":[0,0],"3":[0,0],"4":[0,0],"5":[1,0]},"meta":{"lastBranch":6,"lastFunction":7,"lastStatement":21,"seen":{"s:20:13:99:Infinity":0,"f:20:13:20:50":0,"s:21:44:21:Infinity":1,"s:23:8:47:Infinity":2,"f:23:8:23:27":1,"b:25:4:46:Infinity:31:11:46:Infinity":0,"s:25:4:46:Infinity":3,"b:25:8:25:28:25:28:25:45":1,"b:26:6:30:Infinity:28:13:30:Infinity":2,"s:26:6:30:Infinity":4,"s:27:9:27:Infinity":5,"b:28:13:30:Infinity:undefined:undefined:undefined:undefined":3,"s:28:13:30:Infinity":6,"s:29:9:29:Infinity":7,"s:33:6:45:Infinity":8,"s:34:8:34:Infinity":9,"s:36:8:41:Infinity":10,"f:36:8:36:25":2,"b:37:10:40:Infinity:undefined:undefined:undefined:undefined":4,"s:37:10:40:Infinity":11,"s:38:12:38:Infinity":12,"s:39:12:39:Infinity":13,"f:39:12:39:29":3,"s:39:29:39:54":14,"s:43:8:43:Infinity":15,"s:44:8:44:Infinity":16,"f:44:8:44:25":4,"s:44:25:44:50":17,"s:49:2:97:Infinity":18,"f:66:12:66:27":5,"s:66:27:66:Infinity":19,"f:74:12:74:27":6,"s:74:27:74:Infinity":20,"b:91:7:91:Infinity:92:8:95:Infinity":5},"fnNames":{}}}
,"C:\\Users\\theod\\Downloads\\React Strike\\react-strike\\src\\pages\\ModeSelectMenu.tsx": {"path":"C:\\Users\\theod\\Downloads\\React Strike\\react-strike\\src\\pages\\ModeSelectMenu.tsx","statementMap":{"0":{"start":{"line":9,"column":13},"end":{"line":66,"column":null}},"1":{"start":{"line":10,"column":2},"end":{"line":64,"column":null}},"2":{"start":{"line":22,"column":27},"end":{"line":22,"column":null}},"3":{"start":{"line":33,"column":27},"end":{"line":33,"column":null}},"4":{"start":{"line":49,"column":27},"end":{"line":49,"column":null}}},"fnMap":{"0":{"name":"(anonymous_0)","decl":{"start":{"line":9,"column":13},"end":{"line":9,"column":62}},"loc":{"start":{"line":9,"column":81},"end":{"line":66,"column":null}},"line":9},"1":{"name":"(anonymous_1)","decl":{"start":{"line":22,"column":12},"end":{"line":22,"column":27}},"loc":{"start":{"line":22,"column":27},"end":{"line":22,"column":null}},"line":22},"2":{"name":"(anonymous_2)","decl":{"start":{"line":33,"column":12},"end":{"line":33,"column":27}},"loc":{"start":{"line":33,"column":27},"end":{"line":33,"column":null}},"line":33},"3":{"name":"(anonymous_3)","decl":{"start":{"line":49,"column":12},"end":{"line":49,"column":27}},"loc":{"start":{"line":49,"column":27},"end":{"line":49,"column":null}},"line":49}},"branchMap":{},"s":{"0":1,"1":2,"2":0,"3":1,"4":1},"f":{"0":2,"1":0,"2":1,"3":1},"b":{},"meta":{"lastBranch":0,"lastFunction":4,"lastStatement":5,"seen":{"s:9:13:66:Infinity":0,"f:9:13:9:62":0,"s:10:2:64:Infinity":1,"f:22:12:22:27":1,"s:22:27:22:Infinity":2,"f:33:12:33:27":2,"s:33:27:33:Infinity":3,"f:49:12:49:27":3,"s:49:27:49:Infinity":4},"fnNames":{}}}
,"C:\\Users\\theod\\Downloads\\React Strike\\react-strike\\src\\types\\combat.ts": {"path":"C:\\Users\\theod\\Downloads\\React Strike\\react-strike\\src\\types\\combat.ts","statementMap":{"0":{"start":{"line":116,"column":64},"end":{"line":121,"column":null}}},"fnMap":{},"branchMap":{},"s":{"0":9},"f":{},"b":{},"meta":{"lastBranch":0,"lastFunction":0,"lastStatement":1,"seen":{"s:116:64:121:Infinity":0},"fnNames":{}}}
}
